	at org.springframework.web.servlet.FrameworkServlet.processRequest(FrameworkServlet.java:1014)
	at org.springframework.web.servlet.FrameworkServlet.doGet(FrameworkServlet.java:903)
	at jakarta.servlet.http.HttpServlet.service(HttpServlet.java:564)
	at org.springframework.web.servlet.FrameworkServlet.service(FrameworkServlet.java:885)
	at jakarta.servlet.http.HttpServlet.service(HttpServlet.java:658)
	at org.apache.catalina.core.ApplicationFilterChain.internalDoFilter(ApplicationFilterChain.java:195)
	at org.apache.catalina.core.ApplicationFilterChain.doFilter(ApplicationFilterChain.java:140)
	at org.apache.tomcat.websocket.server.WsFilter.doFilter(WsFilter.java:51)
	at org.apache.catalina.core.ApplicationFilterChain.internalDoFilter(ApplicationFilterChain.java:164)
	at org.apache.catalina.core.ApplicationFilterChain.doFilter(ApplicationFilterChain.java:140)
	at org.springframework.web.filter.CompositeFilter$VirtualFilterChain.doFilter(CompositeFilter.java:108)
	at org.springframework.security.web.FilterChainProxy.lambda$doFilterInternal$3(FilterChainProxy.java:231)
	at org.springframework.security.web.FilterChainProxy$VirtualFilterChain.doFilter(FilterChainProxy.java:365)
	at org.springframework.security.web.access.intercept.AuthorizationFilter.doFilter(AuthorizationFilter.java:100)
	at org.springframework.security.web.FilterChainProxy$VirtualFilterChain.doFilter(FilterChainProxy.java:374)
	at org.springframework.security.web.access.ExceptionTranslationFilter.doFilter(ExceptionTranslationFilter.java:126)
	at org.springframework.security.web.access.ExceptionTranslationFilter.doFilter(ExceptionTranslationFilter.java:120)
	at org.springframework.security.web.FilterChainProxy$VirtualFilterChain.doFilter(FilterChainProxy.java:374)
	at org.springframework.security.web.authentication.AnonymousAuthenticationFilter.doFilter(AnonymousAuthenticationFilter.java:100)
	at org.springframework.security.web.FilterChainProxy$VirtualFilterChain.doFilter(FilterChainProxy.java:374)
	at org.springframework.security.web.servletapi.SecurityContextHolderAwareRequestFilter.doFilter(SecurityContextHolderAwareRequestFilter.java:179)
	at org.springframework.security.web.FilterChainProxy$VirtualFilterChain.doFilter(FilterChainProxy.java:374)
	at org.springframework.security.web.savedrequest.RequestCacheAwareFilter.doFilter(RequestCacheAwareFilter.java:63)
	at org.springframework.security.web.FilterChainProxy$VirtualFilterChain.doFilter(FilterChainProxy.java:374)
	at org.springframework.security.web.authentication.AbstractAuthenticationProcessingFilter.doFilter(AbstractAuthenticationProcessingFilter.java:227)
	at org.springframework.security.web.authentication.AbstractAuthenticationProcessingFilter.doFilter(AbstractAuthenticationProcessingFilter.java:221)
	at org.springframework.security.web.FilterChainProxy$VirtualFilterChain.doFilter(FilterChainProxy.java:374)
	at org.springframework.security.web.authentication.logout.LogoutFilter.doFilter(LogoutFilter.java:107)
	at org.springframework.security.web.authentication.logout.LogoutFilter.doFilter(LogoutFilter.java:93)
	at org.springframework.security.web.FilterChainProxy$VirtualFilterChain.doFilter(FilterChainProxy.java:374)
	at org.springframework.security.web.csrf.CsrfFilter.doFilterInternal(CsrfFilter.java:117)
	at org.springframework.web.filter.OncePerRequestFilter.doFilter(OncePerRequestFilter.java:116)
	at org.springframework.security.web.FilterChainProxy$VirtualFilterChain.doFilter(FilterChainProxy.java:374)
	at org.springframework.web.filter.CorsFilter.doFilterInternal(CorsFilter.java:91)
	at org.springframework.web.filter.OncePerRequestFilter.doFilter(OncePerRequestFilter.java:116)
	at org.springframework.security.web.FilterChainProxy$VirtualFilterChain.doFilter(FilterChainProxy.java:374)
	at org.springframework.security.web.header.HeaderWriterFilter.doHeadersAfter(HeaderWriterFilter.java:90)
	at org.springframework.security.web.header.HeaderWriterFilter.doFilterInternal(HeaderWriterFilter.java:75)
	at org.springframework.web.filter.OncePerRequestFilter.doFilter(OncePerRequestFilter.java:116)
	at org.springframework.security.web.FilterChainProxy$VirtualFilterChain.doFilter(FilterChainProxy.java:374)
	at org.springframework.security.web.context.SecurityContextHolderFilter.doFilter(SecurityContextHolderFilter.java:82)
	at org.springframework.security.web.context.SecurityContextHolderFilter.doFilter(SecurityContextHolderFilter.java:69)
	at org.springframework.security.web.FilterChainProxy$VirtualFilterChain.doFilter(FilterChainProxy.java:374)
	at org.springframework.security.web.context.request.async.WebAsyncManagerIntegrationFilter.doFilterInternal(WebAsyncManagerIntegrationFilter.java:62)
	at org.springframework.web.filter.OncePerRequestFilter.doFilter(OncePerRequestFilter.java:116)
	at org.springframework.security.web.FilterChainProxy$VirtualFilterChain.doFilter(FilterChainProxy.java:374)
	at org.springframework.security.web.session.DisableEncodeUrlFilter.doFilterInternal(DisableEncodeUrlFilter.java:42)
	at org.springframework.web.filter.OncePerRequestFilter.doFilter(OncePerRequestFilter.java:116)
	at org.springframework.security.web.FilterChainProxy$VirtualFilterChain.doFilter(FilterChainProxy.java:374)
	at org.springframework.security.web.FilterChainProxy.doFilterInternal(FilterChainProxy.java:233)
	at org.springframework.security.web.FilterChainProxy.doFilter(FilterChainProxy.java:191)
	at org.springframework.web.filter.CompositeFilter$VirtualFilterChain.doFilter(CompositeFilter.java:113)
	at org.springframework.web.servlet.handler.HandlerMappingIntrospector.lambda$createCacheFilter$3(HandlerMappingIntrospector.java:195)
	at org.springframework.web.filter.CompositeFilter$VirtualFilterChain.doFilter(CompositeFilter.java:113)
	at org.springframework.web.filter.CompositeFilter.doFilter(CompositeFilter.java:74)
	at org.springframework.security.config.annotation.web.configuration.WebMvcSecurityConfiguration$CompositeFilterChainProxy.doFilter(WebMvcSecurityConfiguration.java:230)
	at org.springframework.web.filter.DelegatingFilterProxy.invokeDelegate(DelegatingFilterProxy.java:352)
	at org.springframework.web.filter.DelegatingFilterProxy.doFilter(DelegatingFilterProxy.java:268)
	at org.apache.catalina.core.ApplicationFilterChain.internalDoFilter(ApplicationFilterChain.java:164)
	at org.apache.catalina.core.ApplicationFilterChain.doFilter(ApplicationFilterChain.java:140)
	at org.springframework.web.filter.RequestContextFilter.doFilterInternal(RequestContextFilter.java:100)
	at org.springframework.web.filter.OncePerRequestFilter.doFilter(OncePerRequestFilter.java:116)
	at org.apache.catalina.core.ApplicationFilterChain.internalDoFilter(ApplicationFilterChain.java:164)
	at org.apache.catalina.core.ApplicationFilterChain.doFilter(ApplicationFilterChain.java:140)
	at org.springframework.web.filter.FormContentFilter.doFilterInternal(FormContentFilter.java:93)
	at org.springframework.web.filter.OncePerRequestFilter.doFilter(OncePerRequestFilter.java:116)
	at org.apache.catalina.core.ApplicationFilterChain.internalDoFilter(ApplicationFilterChain.java:164)
	at org.apache.catalina.core.ApplicationFilterChain.doFilter(ApplicationFilterChain.java:140)
	at org.springframework.web.filter.CharacterEncodingFilter.doFilterInternal(CharacterEncodingFilter.java:201)
	at org.springframework.web.filter.OncePerRequestFilter.doFilter(OncePerRequestFilter.java:116)
	at org.apache.catalina.core.ApplicationFilterChain.internalDoFilter(ApplicationFilterChain.java:164)
	at org.apache.catalina.core.ApplicationFilterChain.doFilter(ApplicationFilterChain.java:140)
	at org.apache.catalina.core.StandardWrapperValve.invoke(StandardWrapperValve.java:167)
	at org.apache.catalina.core.StandardContextValve.invoke(StandardContextValve.java:90)
	at org.apache.catalina.authenticator.AuthenticatorBase.invoke(AuthenticatorBase.java:482)
	at org.apache.catalina.core.StandardHostValve.invoke(StandardHostValve.java:115)
	at org.apache.catalina.valves.ErrorReportValve.invoke(ErrorReportValve.java:93)
	at org.apache.catalina.core.StandardEngineValve.invoke(StandardEngineValve.java:74)
	at org.apache.catalina.connector.CoyoteAdapter.service(CoyoteAdapter.java:344)
	at org.apache.coyote.http11.Http11Processor.service(Http11Processor.java:389)
	at org.apache.coyote.AbstractProcessorLight.process(AbstractProcessorLight.java:63)
	at org.apache.coyote.AbstractProtocol$ConnectionHandler.process(AbstractProtocol.java:904)
	at org.apache.tomcat.util.net.NioEndpoint$SocketProcessor.doRun(NioEndpoint.java:1741)
	at org.apache.tomcat.util.net.SocketProcessorBase.run(SocketProcessorBase.java:52)
	at org.apache.tomcat.util.threads.ThreadPoolExecutor.runWorker(ThreadPoolExecutor.java:1190)
	at org.apache.tomcat.util.threads.ThreadPoolExecutor$Worker.run(ThreadPoolExecutor.java:659)
	at org.apache.tomcat.util.threads.TaskThread$WrappingRunnable.run(TaskThread.java:63)
	at java.base/java.lang.Thread.run(Thread.java:840)
[2m2024-09-05T20:09:47.019+09:00[0;39m [32mDEBUG[0;39m [35m15828[0;39m [2m---[0;39m [2m[kadai_002] [nio-8080-exec-7][0;39m [2m[0;39m[36mo.s.orm.jpa.JpaTransactionManager       [0;39m [2m:[0;39m Found thread-bound EntityManager [SessionImpl(397982041<open>)] for JPA transaction
[2m2024-09-05T20:09:47.019+09:00[0;39m [32mDEBUG[0;39m [35m15828[0;39m [2m---[0;39m [2m[kadai_002] [nio-8080-exec-7][0;39m [2m[0;39m[36mo.s.orm.jpa.JpaTransactionManager       [0;39m [2m:[0;39m Creating new transaction with name [org.springframework.data.jpa.repository.support.SimpleJpaRepository.save]: PROPAGATION_REQUIRED,ISOLATION_DEFAULT
[2m2024-09-05T20:09:47.019+09:00[0;39m [32mDEBUG[0;39m [35m15828[0;39m [2m---[0;39m [2m[kadai_002] [nio-8080-exec-7][0;39m [2m[0;39m[36mo.h.e.t.internal.TransactionImpl        [0;39m [2m:[0;39m On TransactionImpl creation, JpaCompliance#isJpaTransactionComplianceEnabled == false
[2m2024-09-05T20:09:47.019+09:00[0;39m [32mDEBUG[0;39m [35m15828[0;39m [2m---[0;39m [2m[kadai_002] [nio-8080-exec-7][0;39m [2m[0;39m[36mo.h.e.t.internal.TransactionImpl        [0;39m [2m:[0;39m begin
[2m2024-09-05T20:09:47.020+09:00[0;39m [32mDEBUG[0;39m [35m15828[0;39m [2m---[0;39m [2m[kadai_002] [nio-8080-exec-7][0;39m [2m[0;39m[36mo.s.orm.jpa.JpaTransactionManager       [0;39m [2m:[0;39m Exposing JPA transaction as JDBC [org.springframework.orm.jpa.vendor.HibernateJpaDialect$HibernateConnectionHandle@462cbb67]
[2m2024-09-05T20:09:47.020+09:00[0;39m [32mDEBUG[0;39m [35m15828[0;39m [2m---[0;39m [2m[kadai_002] [nio-8080-exec-7][0;39m [2m[0;39m[36mo.h.j.internal.PersistenceUnitUtilImpl  [0;39m [2m:[0;39m jakarta.persistence.PersistenceUnitUtil.getIdentifier is only intended to work with enhanced entities (although Hibernate also adapts this support to its proxies); however the passed entity was not enhanced (nor a proxy).. may not be able to read identifier
[2m2024-09-05T20:09:47.022+09:00[0;39m [32mDEBUG[0;39m [35m15828[0;39m [2m---[0;39m [2m[kadai_002] [nio-8080-exec-7][0;39m [2m[0;39m[36mo.s.orm.jpa.JpaTransactionManager       [0;39m [2m:[0;39m Initiating transaction commit
[2m2024-09-05T20:09:47.022+09:00[0;39m [32mDEBUG[0;39m [35m15828[0;39m [2m---[0;39m [2m[kadai_002] [nio-8080-exec-7][0;39m [2m[0;39m[36mo.s.orm.jpa.JpaTransactionManager       [0;39m [2m:[0;39m Committing JPA transaction on EntityManager [SessionImpl(397982041<open>)]
[2m2024-09-05T20:09:47.022+09:00[0;39m [32mDEBUG[0;39m [35m15828[0;39m [2m---[0;39m [2m[kadai_002] [nio-8080-exec-7][0;39m [2m[0;39m[36mo.h.e.t.internal.TransactionImpl        [0;39m [2m:[0;39m committing
[2m2024-09-05T20:09:47.022+09:00[0;39m [32mDEBUG[0;39m [35m15828[0;39m [2m---[0;39m [2m[kadai_002] [nio-8080-exec-7][0;39m [2m[0;39m[36mo.h.e.i.AbstractFlushingEventListener   [0;39m [2m:[0;39m Processing flush-time cascades
[2m2024-09-05T20:09:47.023+09:00[0;39m [32mDEBUG[0;39m [35m15828[0;39m [2m---[0;39m [2m[kadai_002] [nio-8080-exec-7][0;39m [2m[0;39m[36mo.h.e.i.AbstractFlushingEventListener   [0;39m [2m:[0;39m Dirty checking collections
[2m2024-09-05T20:09:47.025+09:00[0;39m [32mDEBUG[0;39m [35m15828[0;39m [2m---[0;39m [2m[kadai_002] [nio-8080-exec-7][0;39m [2m[0;39m[36mo.h.e.i.AbstractFlushingEventListener   [0;39m [2m:[0;39m Flushed: 0 insertions, 1 updates, 0 deletions to 3 objects
[2m2024-09-05T20:09:47.025+09:00[0;39m [32mDEBUG[0;39m [35m15828[0;39m [2m---[0;39m [2m[kadai_002] [nio-8080-exec-7][0;39m [2m[0;39m[36mo.h.e.i.AbstractFlushingEventListener   [0;39m [2m:[0;39m Flushed: 0 (re)creations, 0 updates, 0 removals to 0 collections
[2m2024-09-05T20:09:47.025+09:00[0;39m [32mDEBUG[0;39m [35m15828[0;39m [2m---[0;39m [2m[kadai_002] [nio-8080-exec-7][0;39m [2m[0;39m[36mo.hibernate.internal.util.EntityPrinter [0;39m [2m:[0;39m Listing entities:
[2m2024-09-05T20:09:47.025+09:00[0;39m [32mDEBUG[0;39m [35m15828[0;39m [2m---[0;39m [2m[kadai_002] [nio-8080-exec-7][0;39m [2m[0;39m[36mo.hibernate.internal.util.EntityPrinter [0;39m [2m:[0;39m com.example.kadai_002.entity.User{furigana=サムライ タロウ, role=com.example.kadai_002.entity.Role#3, cardExpMonth=null, dateOfBirth=2004-12-28, enabled=true, cardExpYear=null, createdAt=2024-07-11 15:33:56.0, password=$2a$10$2JNjTwZBwo7fprL2X4sv.OEKqxnVtsVQvuXDkI8xVGix.U3W5B7CO, stripeSubscriptionId=null, phoneNumber=090-1234-5678, name=侍 太郎, id=1, cardBrand=null, isPaidMember=true, stripeCustomerId=null, cardLast4=null, email=taro.samurai@example.com, updatedAt=2024-09-05 20:08:46.0}
[2m2024-09-05T20:09:47.025+09:00[0;39m [32mDEBUG[0;39m [35m15828[0;39m [2m---[0;39m [2m[kadai_002] [nio-8080-exec-7][0;39m [2m[0;39m[36mo.hibernate.internal.util.EntityPrinter [0;39m [2m:[0;39m com.example.kadai_002.entity.Role{name=ROLE_PAID_MEMBER, id=3}
[2m2024-09-05T20:09:47.025+09:00[0;39m [32mDEBUG[0;39m [35m15828[0;39m [2m---[0;39m [2m[kadai_002] [nio-8080-exec-7][0;39m [2m[0;39m[36mo.hibernate.internal.util.EntityPrinter [0;39m [2m:[0;39m com.example.kadai_002.entity.Role{name=ROLE_GENERAL, id=1}
[2m2024-09-05T20:09:47.030+09:00[0;39m [32mDEBUG[0;39m [35m15828[0;39m [2m---[0;39m [2m[kadai_002] [nio-8080-exec-7][0;39m [2m[0;39m[36morg.hibernate.SQL                       [0;39m [2m:[0;39m update users set card_brand=?,card_exp_month=?,card_exp_year=?,card_last4=?,date_of_birth=?,email=?,enabled=?,furigana=?,is_paid_member=?,name=?,password=?,phone_number=?,role_id=?,stripe_customer_id=?,stripe_subscription_id=? where id=?
[2m2024-09-05T20:09:47.036+09:00[0;39m [32mDEBUG[0;39m [35m15828[0;39m [2m---[0;39m [2m[kadai_002] [nio-8080-exec-7][0;39m [2m[0;39m[36mo.s.orm.jpa.JpaTransactionManager       [0;39m [2m:[0;39m Not closing pre-bound JPA EntityManager after transaction
[2m2024-09-05T20:09:47.036+09:00[0;39m [32mTRACE[0;39m [35m15828[0;39m [2m---[0;39m [2m[kadai_002] [nio-8080-exec-7][0;39m [2m[0;39m[36mo.t.spring6.view.ThymeleafViewResolver  [0;39m [2m:[0;39m [THYMELEAF] View "redirect:/membership/info?session_id=cs_test_a1koAQmd9jMRDmCXMvjKyBy4dJZmdDiHN5iZmxAq9AN8JEdhJI9O8y3c5U" is a redirect, and will not be handled directly by ThymeleafViewResolver.
[2m2024-09-05T20:09:47.039+09:00[0;39m [32mDEBUG[0;39m [35m15828[0;39m [2m---[0;39m [2m[kadai_002] [nio-8080-exec-7][0;39m [2m[0;39m[36mo.s.web.servlet.view.RedirectView       [0;39m [2m:[0;39m View name 'redirect:', model {}
[2m2024-09-05T20:09:47.039+09:00[0;39m [32mDEBUG[0;39m [35m15828[0;39m [2m---[0;39m [2m[kadai_002] [nio-8080-exec-7][0;39m [2m[0;39m[36mo.j.s.OpenEntityManagerInViewInterceptor[0;39m [2m:[0;39m Closing JPA EntityManager in OpenEntityManagerInViewInterceptor
[2m2024-09-05T20:09:47.039+09:00[0;39m [32mDEBUG[0;39m [35m15828[0;39m [2m---[0;39m [2m[kadai_002] [nio-8080-exec-7][0;39m [2m[0;39m[36mo.s.web.servlet.DispatcherServlet       [0;39m [2m:[0;39m Completed 302 FOUND
[2m2024-09-05T20:09:47.042+09:00[0;39m [32mDEBUG[0;39m [35m15828[0;39m [2m---[0;39m [2m[kadai_002] [nio-8080-exec-9][0;39m [2m[0;39m[36mo.s.security.web.FilterChainProxy       [0;39m [2m:[0;39m Securing GET /membership/info?session_id=cs_test_a1koAQmd9jMRDmCXMvjKyBy4dJZmdDiHN5iZmxAq9AN8JEdhJI9O8y3c5U
[2m2024-09-05T20:09:47.042+09:00[0;39m [32mDEBUG[0;39m [35m15828[0;39m [2m---[0;39m [2m[kadai_002] [nio-8080-exec-9][0;39m [2m[0;39m[36mo.s.security.web.FilterChainProxy       [0;39m [2m:[0;39m Secured GET /membership/info?session_id=cs_test_a1koAQmd9jMRDmCXMvjKyBy4dJZmdDiHN5iZmxAq9AN8JEdhJI9O8y3c5U
[2m2024-09-05T20:09:47.043+09:00[0;39m [32mDEBUG[0;39m [35m15828[0;39m [2m---[0;39m [2m[kadai_002] [nio-8080-exec-9][0;39m [2m[0;39m[36mo.s.web.servlet.DispatcherServlet       [0;39m [2m:[0;39m GET "/membership/info?session_id=cs_test_a1koAQmd9jMRDmCXMvjKyBy4dJZmdDiHN5iZmxAq9AN8JEdhJI9O8y3c5U", parameters={masked}
[2m2024-09-05T20:09:47.043+09:00[0;39m [32mDEBUG[0;39m [35m15828[0;39m [2m---[0;39m [2m[kadai_002] [nio-8080-exec-9][0;39m [2m[0;39m[36ms.w.s.m.m.a.RequestMappingHandlerMapping[0;39m [2m:[0;39m Mapped to com.example.kadai_002.controller.MembershipController#showMembershipInfo(Principal, Model, String)
[2m2024-09-05T20:09:47.043+09:00[0;39m [32mDEBUG[0;39m [35m15828[0;39m [2m---[0;39m [2m[kadai_002] [nio-8080-exec-9][0;39m [2m[0;39m[36mo.j.s.OpenEntityManagerInViewInterceptor[0;39m [2m:[0;39m Opening JPA EntityManager in OpenEntityManagerInViewInterceptor
[2m2024-09-05T20:09:47.043+09:00[0;39m [32mDEBUG[0;39m [35m15828[0;39m [2m---[0;39m [2m[kadai_002] [nio-8080-exec-9][0;39m [2m[0;39m[36mw.c.HttpSessionSecurityContextRepository[0;39m [2m:[0;39m Retrieved SecurityContextImpl [Authentication=UsernamePasswordAuthenticationToken [Principal=com.example.kadai_002.security.UserDetailsImpl@70afe68d, Credentials=[PROTECTED], Authenticated=true, Details=WebAuthenticationDetails [RemoteIpAddress=0:0:0:0:0:0:0:1, SessionId=CAA5349F37DA0779EA2D0473069047ED], Granted Authorities=[ROLE_GENERAL]]]
[2m2024-09-05T20:09:47.043+09:00[0;39m [32mDEBUG[0;39m [35m15828[0;39m [2m---[0;39m [2m[kadai_002] [nio-8080-exec-9][0;39m [2m[0;39m[36morg.hibernate.orm.sql.ast.create        [0;39m [2m:[0;39m Created new SQL alias : u1_0
[2m2024-09-05T20:09:47.043+09:00[0;39m [32mDEBUG[0;39m [35m15828[0;39m [2m---[0;39m [2m[kadai_002] [nio-8080-exec-9][0;39m [2m[0;39m[36morg.hibernate.orm.sql.ast.create        [0;39m [2m:[0;39m Registration of TableGroup [StandardTableGroup(com.example.kadai_002.entity.User(62523474860166))] with identifierForTableGroup [com.example.kadai_002.entity.User] for NavigablePath [com.example.kadai_002.entity.User] 
[2m2024-09-05T20:09:47.043+09:00[0;39m [32mDEBUG[0;39m [35m15828[0;39m [2m---[0;39m [2m[kadai_002] [nio-8080-exec-9][0;39m [2m[0;39m[36morg.hibernate.orm.sql.ast.create        [0;39m [2m:[0;39m Registration of TableGroup [org.hibernate.sql.ast.tree.from.LazyTableGroup@1da99e72] with identifierForTableGroup [com.example.kadai_002.entity.User.role] for NavigablePath [com.example.kadai_002.entity.User.role] 
[2m2024-09-05T20:09:47.043+09:00[0;39m [32mDEBUG[0;39m [35m15828[0;39m [2m---[0;39m [2m[kadai_002] [nio-8080-exec-9][0;39m [2m[0;39m[36mo.h.q.sqm.sql.BaseSqmToSqlAstConverter  [0;39m [2m:[0;39m Determining mapping-model type for SqmParameter : org.hibernate.query.sqm.tree.expression.SqmJpaCriteriaParameterWrapper@f363c7c
[2m2024-09-05T20:09:47.043+09:00[0;39m [32mDEBUG[0;39m [35m15828[0;39m [2m---[0;39m [2m[kadai_002] [nio-8080-exec-9][0;39m [2m[0;39m[36mo.h.q.sqm.sql.BaseSqmToSqlAstConverter  [0;39m [2m:[0;39m Determining mapping-model type for SqmPath : SqmBasicValuedSimplePath(com.example.kadai_002.entity.User(62523474860166).email) 
[2m2024-09-05T20:09:47.043+09:00[0;39m [32mDEBUG[0;39m [35m15828[0;39m [2m---[0;39m [2m[kadai_002] [nio-8080-exec-9][0;39m [2m[0;39m[36morg.hibernate.orm.results.graph.AST     [0;39m [2m:[0;39m DomainResult Graph:
 \-EntityResultImpl [com.example.kadai_002.entity.User(62523474860166)]
 |  +-BasicFetch [com.example.kadai_002.entity.User(62523474860166).cardBrand]
 |  +-BasicFetch [com.example.kadai_002.entity.User(62523474860166).cardExpMonth]
 |  +-BasicFetch [com.example.kadai_002.entity.User(62523474860166).cardExpYear]
 |  +-BasicFetch [com.example.kadai_002.entity.User(62523474860166).cardLast4]
 |  +-BasicFetch [com.example.kadai_002.entity.User(62523474860166).createdAt]
 |  +-BasicFetch [com.example.kadai_002.entity.User(62523474860166).dateOfBirth]
 |  +-BasicFetch [com.example.kadai_002.entity.User(62523474860166).email]
 |  +-BasicFetch [com.example.kadai_002.entity.User(62523474860166).enabled]
 |  +-BasicFetch [com.example.kadai_002.entity.User(62523474860166).furigana]
 |  +-BasicFetch [com.example.kadai_002.entity.User(62523474860166).isPaidMember]
 |  +-BasicFetch [com.example.kadai_002.entity.User(62523474860166).name]
 |  +-BasicFetch [com.example.kadai_002.entity.User(62523474860166).password]
 |  +-BasicFetch [com.example.kadai_002.entity.User(62523474860166).phoneNumber]
 |  +-EntityFetchSelectImpl [com.example.kadai_002.entity.User(62523474860166).role]
 |  +-BasicFetch [com.example.kadai_002.entity.User(62523474860166).stripeCustomerId]
 |  +-BasicFetch [com.example.kadai_002.entity.User(62523474860166).stripeSubscriptionId]
 |  \-BasicFetch [com.example.kadai_002.entity.User(62523474860166).updatedAt]

[2m2024-09-05T20:09:47.044+09:00[0;39m [32mDEBUG[0;39m [35m15828[0;39m [2m---[0;39m [2m[kadai_002] [nio-8080-exec-9][0;39m [2m[0;39m[36morg.hibernate.orm.sql.ast.tree          [0;39m [2m:[0;39m SQL AST Tree:
    SelectStatement {
      FromClause {
        StandardTableGroup (u1 : com.example.kadai_002.entity.User(62523474860166)) {
          primaryTableReference : users as u1_0
          TableGroupJoins {
            left  join LazyTableGroup (r1 : com.example.kadai_002.entity.User(62523474860166).role) {
            }
          }
        }
      }
    }

[2m2024-09-05T20:09:47.044+09:00[0;39m [32mDEBUG[0;39m [35m15828[0;39m [2m---[0;39m [2m[kadai_002] [nio-8080-exec-9][0;39m [2m[0;39m[36morg.hibernate.orm.sql.exec              [0;39m [2m:[0;39m Skipping reading Query result cache data: cache-enabled = false, cache-mode = NORMAL
[2m2024-09-05T20:09:47.044+09:00[0;39m [32mDEBUG[0;39m [35m15828[0;39m [2m---[0;39m [2m[kadai_002] [nio-8080-exec-9][0;39m [2m[0;39m[36morg.hibernate.orm.results               [0;39m [2m:[0;39m Initializer list:
	  com.example.kadai_002.entity.User(62523474860166).role -> EntitySelectFetchInitializer(com.example.kadai_002.entity.User(62523474860166).role)@1206520392 (ToOneAttributeMapping(NavigableRole[com.example.kadai_002.entity.User.role])@1834137600)
	  com.example.kadai_002.entity.User(62523474860166) -> EntityResultInitializer(com.example.kadai_002.entity.User(62523474860166))@902746960 (SingleTableEntityPersister(com.example.kadai_002.entity.User))

[2m2024-09-05T20:09:47.044+09:00[0;39m [32mDEBUG[0;39m [35m15828[0;39m [2m---[0;39m [2m[kadai_002] [nio-8080-exec-9][0;39m [2m[0;39m[36morg.hibernate.SQL                       [0;39m [2m:[0;39m select u1_0.id,u1_0.card_brand,u1_0.card_exp_month,u1_0.card_exp_year,u1_0.card_last4,u1_0.created_at,u1_0.date_of_birth,u1_0.email,u1_0.enabled,u1_0.furigana,u1_0.is_paid_member,u1_0.name,u1_0.password,u1_0.phone_number,u1_0.role_id,u1_0.stripe_customer_id,u1_0.stripe_subscription_id,u1_0.updated_at from users u1_0 where u1_0.email=?
[2m2024-09-05T20:09:47.044+09:00[0;39m [32mDEBUG[0;39m [35m15828[0;39m [2m---[0;39m [2m[kadai_002] [nio-8080-exec-9][0;39m [2m[0;39m[36morg.hibernate.orm.results               [0;39m [2m:[0;39m Extracted JDBC value [0] - [1]
[2m2024-09-05T20:09:47.044+09:00[0;39m [32mDEBUG[0;39m [35m15828[0;39m [2m---[0;39m [2m[kadai_002] [nio-8080-exec-9][0;39m [2m[0;39m[36mo.hibernate.orm.results.loading.entity  [0;39m [2m:[0;39m (EntityResultInitializer) Hydrated EntityKey (com.example.kadai_002.entity.User(62523474860166)): 1
[2m2024-09-05T20:09:47.044+09:00[0;39m [32mDEBUG[0;39m [35m15828[0;39m [2m---[0;39m [2m[kadai_002] [nio-8080-exec-9][0;39m [2m[0;39m[36mo.hibernate.orm.results.loading.entity  [0;39m [2m:[0;39m (EntityResultInitializer) Created new entity instance [com.example.kadai_002.entity.User(62523474860166)#1] : 50120225
[2m2024-09-05T20:09:47.044+09:00[0;39m [32mDEBUG[0;39m [35m15828[0;39m [2m---[0;39m [2m[kadai_002] [nio-8080-exec-9][0;39m [2m[0;39m[36morg.hibernate.orm.results               [0;39m [2m:[0;39m Extracted JDBC value [14] - [3]
[2m2024-09-05T20:09:47.044+09:00[0;39m [32mDEBUG[0;39m [35m15828[0;39m [2m---[0;39m [2m[kadai_002] [nio-8080-exec-9][0;39m [2m[0;39m[36mo.hibernate.orm.results.loading.entity  [0;39m [2m:[0;39m (EntitySelectFetchInitializer) Invoking session#internalLoad for entity (com.example.kadai_002.entity.User(62523474860166).role#3) : 3
[2m2024-09-05T20:09:47.044+09:00[0;39m [32mDEBUG[0;39m [35m15828[0;39m [2m---[0;39m [2m[kadai_002] [nio-8080-exec-9][0;39m [2m[0;39m[36morg.hibernate.orm.sql.exec              [0;39m [2m:[0;39m Skipping reading Query result cache data: cache-enabled = false, cache-mode = IGNORE
[2m2024-09-05T20:09:47.044+09:00[0;39m [32mDEBUG[0;39m [35m15828[0;39m [2m---[0;39m [2m[kadai_002] [nio-8080-exec-9][0;39m [2m[0;39m[36morg.hibernate.orm.results               [0;39m [2m:[0;39m Initializer list:
	  com.example.kadai_002.entity.Role -> EntityResultInitializer(com.example.kadai_002.entity.Role)@1097585021 (SingleTableEntityPersister(com.example.kadai_002.entity.Role))

[2m2024-09-05T20:09:47.045+09:00[0;39m [32mDEBUG[0;39m [35m15828[0;39m [2m---[0;39m [2m[kadai_002] [nio-8080-exec-9][0;39m [2m[0;39m[36morg.hibernate.SQL                       [0;39m [2m:[0;39m select r1_0.id,r1_0.name from roles r1_0 where r1_0.id=?
[2m2024-09-05T20:09:47.045+09:00[0;39m [32mDEBUG[0;39m [35m15828[0;39m [2m---[0;39m [2m[kadai_002] [nio-8080-exec-9][0;39m [2m[0;39m[36mo.hibernate.orm.results.loading.entity  [0;39m [2m:[0;39m (EntityResultInitializer) Hydrated EntityKey (com.example.kadai_002.entity.Role): 3
[2m2024-09-05T20:09:47.045+09:00[0;39m [32mDEBUG[0;39m [35m15828[0;39m [2m---[0;39m [2m[kadai_002] [nio-8080-exec-9][0;39m [2m[0;39m[36mo.hibernate.orm.results.loading.entity  [0;39m [2m:[0;39m (EntityResultInitializer) Created new entity instance [com.example.kadai_002.entity.Role#3] : 1638408937
[2m2024-09-05T20:09:47.045+09:00[0;39m [32mDEBUG[0;39m [35m15828[0;39m [2m---[0;39m [2m[kadai_002] [nio-8080-exec-9][0;39m [2m[0;39m[36morg.hibernate.orm.results               [0;39m [2m:[0;39m Extracted JDBC value [1] - [ROLE_PAID_MEMBER]
[2m2024-09-05T20:09:47.045+09:00[0;39m [32mDEBUG[0;39m [35m15828[0;39m [2m---[0;39m [2m[kadai_002] [nio-8080-exec-9][0;39m [2m[0;39m[36mo.hibernate.orm.results.loading.entity  [0;39m [2m:[0;39m (EntityResultInitializer) Done materializing entityInstance : com.example.kadai_002.entity.Role#3
[2m2024-09-05T20:09:47.045+09:00[0;39m [32mDEBUG[0;39m [35m15828[0;39m [2m---[0;39m [2m[kadai_002] [nio-8080-exec-9][0;39m [2m[0;39m[36morg.hibernate.orm.results.loading       [0;39m [2m:[0;39m Calling top-level assembler (0 / 1) : org.hibernate.sql.results.graph.entity.internal.EntityAssembler@7e57f798
[2m2024-09-05T20:09:47.045+09:00[0;39m [32mDEBUG[0;39m [35m15828[0;39m [2m---[0;39m [2m[kadai_002] [nio-8080-exec-9][0;39m [2m[0;39m[36mo.hibernate.orm.results.loading.entity  [0;39m [2m:[0;39m (EntitySelectFetchInitializer) Entity [com.example.kadai_002.entity.User(62523474860166).role#3] : 3 has being loaded by session.internalLoad.
[2m2024-09-05T20:09:47.045+09:00[0;39m [32mDEBUG[0;39m [35m15828[0;39m [2m---[0;39m [2m[kadai_002] [nio-8080-exec-9][0;39m [2m[0;39m[36morg.hibernate.orm.results               [0;39m [2m:[0;39m Extracted JDBC value [1] - [null]
[2m2024-09-05T20:09:47.045+09:00[0;39m [32mDEBUG[0;39m [35m15828[0;39m [2m---[0;39m [2m[kadai_002] [nio-8080-exec-9][0;39m [2m[0;39m[36morg.hibernate.orm.results               [0;39m [2m:[0;39m Extracted JDBC value [2] - [null]
[2m2024-09-05T20:09:47.045+09:00[0;39m [32mDEBUG[0;39m [35m15828[0;39m [2m---[0;39m [2m[kadai_002] [nio-8080-exec-9][0;39m [2m[0;39m[36morg.hibernate.orm.results               [0;39m [2m:[0;39m Extracted JDBC value [3] - [null]
[2m2024-09-05T20:09:47.045+09:00[0;39m [32mDEBUG[0;39m [35m15828[0;39m [2m---[0;39m [2m[kadai_002] [nio-8080-exec-9][0;39m [2m[0;39m[36morg.hibernate.orm.results               [0;39m [2m:[0;39m Extracted JDBC value [4] - [null]
[2m2024-09-05T20:09:47.045+09:00[0;39m [32mDEBUG[0;39m [35m15828[0;39m [2m---[0;39m [2m[kadai_002] [nio-8080-exec-9][0;39m [2m[0;39m[36morg.hibernate.orm.results               [0;39m [2m:[0;39m Extracted JDBC value [5] - [2024-07-11 15:33:56.0]
[2m2024-09-05T20:09:47.045+09:00[0;39m [32mDEBUG[0;39m [35m15828[0;39m [2m---[0;39m [2m[kadai_002] [nio-8080-exec-9][0;39m [2m[0;39m[36morg.hibernate.orm.results               [0;39m [2m:[0;39m Extracted JDBC value [6] - [2004-12-28]
[2m2024-09-05T20:09:47.045+09:00[0;39m [32mDEBUG[0;39m [35m15828[0;39m [2m---[0;39m [2m[kadai_002] [nio-8080-exec-9][0;39m [2m[0;39m[36morg.hibernate.orm.results               [0;39m [2m:[0;39m Extracted JDBC value [7] - [taro.samurai@example.com]
[2m2024-09-05T20:09:47.045+09:00[0;39m [32mDEBUG[0;39m [35m15828[0;39m [2m---[0;39m [2m[kadai_002] [nio-8080-exec-9][0;39m [2m[0;39m[36morg.hibernate.orm.results               [0;39m [2m:[0;39m Extracted JDBC value [8] - [true]
[2m2024-09-05T20:09:47.045+09:00[0;39m [32mDEBUG[0;39m [35m15828[0;39m [2m---[0;39m [2m[kadai_002] [nio-8080-exec-9][0;39m [2m[0;39m[36morg.hibernate.orm.results               [0;39m [2m:[0;39m Extracted JDBC value [9] - [サムライ タロウ]
[2m2024-09-05T20:09:47.045+09:00[0;39m [32mDEBUG[0;39m [35m15828[0;39m [2m---[0;39m [2m[kadai_002] [nio-8080-exec-9][0;39m [2m[0;39m[36morg.hibernate.orm.results               [0;39m [2m:[0;39m Extracted JDBC value [10] - [true]
[2m2024-09-05T20:09:47.045+09:00[0;39m [32mDEBUG[0;39m [35m15828[0;39m [2m---[0;39m [2m[kadai_002] [nio-8080-exec-9][0;39m [2m[0;39m[36morg.hibernate.orm.results               [0;39m [2m:[0;39m Extracted JDBC value [11] - [侍 太郎]
[2m2024-09-05T20:09:47.045+09:00[0;39m [32mDEBUG[0;39m [35m15828[0;39m [2m---[0;39m [2m[kadai_002] [nio-8080-exec-9][0;39m [2m[0;39m[36morg.hibernate.orm.results               [0;39m [2m:[0;39m Extracted JDBC value [12] - [$2a$10$2JNjTwZBwo7fprL2X4sv.OEKqxnVtsVQvuXDkI8xVGix.U3W5B7CO]
[2m2024-09-05T20:09:47.045+09:00[0;39m [32mDEBUG[0;39m [35m15828[0;39m [2m---[0;39m [2m[kadai_002] [nio-8080-exec-9][0;39m [2m[0;39m[36morg.hibernate.orm.results               [0;39m [2m:[0;39m Extracted JDBC value [13] - [090-1234-5678]
[2m2024-09-05T20:09:47.045+09:00[0;39m [32mDEBUG[0;39m [35m15828[0;39m [2m---[0;39m [2m[kadai_002] [nio-8080-exec-9][0;39m [2m[0;39m[36morg.hibernate.orm.results               [0;39m [2m:[0;39m Extracted JDBC value [15] - [null]
[2m2024-09-05T20:09:47.045+09:00[0;39m [32mDEBUG[0;39m [35m15828[0;39m [2m---[0;39m [2m[kadai_002] [nio-8080-exec-9][0;39m [2m[0;39m[36morg.hibernate.orm.results               [0;39m [2m:[0;39m Extracted JDBC value [16] - [null]
[2m2024-09-05T20:09:47.045+09:00[0;39m [32mDEBUG[0;39m [35m15828[0;39m [2m---[0;39m [2m[kadai_002] [nio-8080-exec-9][0;39m [2m[0;39m[36morg.hibernate.orm.results               [0;39m [2m:[0;39m Extracted JDBC value [17] - [2024-09-05 20:09:47.0]
[2m2024-09-05T20:09:47.045+09:00[0;39m [32mDEBUG[0;39m [35m15828[0;39m [2m---[0;39m [2m[kadai_002] [nio-8080-exec-9][0;39m [2m[0;39m[36mo.hibernate.orm.results.loading.entity  [0;39m [2m:[0;39m (EntityResultInitializer) Done materializing entityInstance : com.example.kadai_002.entity.User(62523474860166)#1
[2m2024-09-05T20:09:47.045+09:00[0;39m [32mDEBUG[0;39m [35m15828[0;39m [2m---[0;39m [2m[kadai_002] [nio-8080-exec-9][0;39m [2m[0;39m[36morg.hibernate.orm.results.loading       [0;39m [2m:[0;39m Calling top-level assembler (0 / 1) : org.hibernate.sql.results.graph.entity.internal.EntityAssembler@2e2e1d15
[2m2024-09-05T20:09:47.221+09:00[0;39m [32mTRACE[0;39m [35m15828[0;39m [2m---[0;39m [2m[kadai_002] [nio-8080-exec-9][0;39m [2m[0;39m[36mo.t.spring6.view.ThymeleafViewResolver  [0;39m [2m:[0;39m [THYMELEAF] View membership/info will be handled by ThymeleafViewResolver and a ThymeleafView instance will be created for it
[2m2024-09-05T20:09:47.222+09:00[0;39m [32mDEBUG[0;39m [35m15828[0;39m [2m---[0;39m [2m[kadai_002] [nio-8080-exec-9][0;39m [2m[0;39m[36mo.s.w.s.v.ContentNegotiatingViewResolver[0;39m [2m:[0;39m Selected 'text/html' given [text/html, application/xhtml+xml, image/avif, image/webp, image/apng, application/xml;q=0.9, */*;q=0.8, application/signed-exchange;v=b3;q=0.7]
[2m2024-09-05T20:09:47.222+09:00[0;39m [32mTRACE[0;39m [35m15828[0;39m [2m---[0;39m [2m[kadai_002] [nio-8080-exec-9][0;39m [2m[0;39m[36morg.thymeleaf.TemplateEngine            [0;39m [2m:[0;39m [THYMELEAF][http-nio-8080-exec-9] STARTING PROCESS OF TEMPLATE "membership/info" WITH LOCALE ja
[2m2024-09-05T20:09:47.222+09:00[0;39m [32mTRACE[0;39m [35m15828[0;39m [2m---[0;39m [2m[kadai_002] [nio-8080-exec-9][0;39m [2m[0;39m[36mo.t.TemplateEngine.cache.TEMPLATE_CACHE [0;39m [2m:[0;39m [THYMELEAF][http-nio-8080-exec-9][TEMPLATE_CACHE][CACHE_MISS] Cache miss in cache "TEMPLATE_CACHE" for key "membership/info".
[2m2024-09-05T20:09:47.223+09:00[0;39m [32mTRACE[0;39m [35m15828[0;39m [2m---[0;39m [2m[kadai_002] [nio-8080-exec-9][0;39m [2m[0;39m[36morg.thymeleaf.engine.TemplateManager    [0;39m [2m:[0;39m [THYMELEAF][http-nio-8080-exec-9] Template resolver match! Resolver "org.thymeleaf.spring6.templateresolver.SpringResourceTemplateResolver" will resolve template "membership/info"
[2m2024-09-05T20:09:47.223+09:00[0;39m [32mTRACE[0;39m [35m15828[0;39m [2m---[0;39m [2m[kadai_002] [nio-8080-exec-9][0;39m [2m[0;39m[36mo.t.T.cache.EXPRESSION_CACHE            [0;39m [2m:[0;39m [THYMELEAF][http-nio-8080-exec-9][EXPRESSION_CACHE][CACHE_HIT] Cache hit in cache "EXPRESSION_CACHE" for key "expr|~{fragment :: meta}".
[2m2024-09-05T20:09:47.223+09:00[0;39m [32mTRACE[0;39m [35m15828[0;39m [2m---[0;39m [2m[kadai_002] [nio-8080-exec-9][0;39m [2m[0;39m[36mo.t.s.expression.FragmentExpression     [0;39m [2m:[0;39m [THYMELEAF][http-nio-8080-exec-9] Evaluating fragment: "~{fragment :: meta}"
[2m2024-09-05T20:09:47.223+09:00[0;39m [32mTRACE[0;39m [35m15828[0;39m [2m---[0;39m [2m[kadai_002] [nio-8080-exec-9][0;39m [2m[0;39m[36mo.t.s.expression.GenericTokenExpression [0;39m [2m:[0;39m [THYMELEAF][http-nio-8080-exec-9] Evaluating generic token: "fragment"
[2m2024-09-05T20:09:47.223+09:00[0;39m [32mTRACE[0;39m [35m15828[0;39m [2m---[0;39m [2m[kadai_002] [nio-8080-exec-9][0;39m [2m[0;39m[36mo.t.s.expression.GenericTokenExpression [0;39m [2m:[0;39m [THYMELEAF][http-nio-8080-exec-9] Evaluating generic token: "meta"
[2m2024-09-05T20:09:47.223+09:00[0;39m [32mTRACE[0;39m [35m15828[0;39m [2m---[0;39m [2m[kadai_002] [nio-8080-exec-9][0;39m [2m[0;39m[36mo.t.TemplateEngine.cache.TEMPLATE_CACHE [0;39m [2m:[0;39m [THYMELEAF][http-nio-8080-exec-9][TEMPLATE_CACHE][CACHE_MISS] Cache miss in cache "TEMPLATE_CACHE" for key "fragment@(membership/info;0,0)::[meta]".
[2m2024-09-05T20:09:47.223+09:00[0;39m [32mTRACE[0;39m [35m15828[0;39m [2m---[0;39m [2m[kadai_002] [nio-8080-exec-9][0;39m [2m[0;39m[36morg.thymeleaf.engine.TemplateManager    [0;39m [2m:[0;39m [THYMELEAF][http-nio-8080-exec-9] Template resolver match! Resolver "org.thymeleaf.spring6.templateresolver.SpringResourceTemplateResolver" will resolve template "fragment"
[2m2024-09-05T20:09:47.223+09:00[0;39m [32mTRACE[0;39m [35m15828[0;39m [2m---[0;39m [2m[kadai_002] [nio-8080-exec-9][0;39m [2m[0;39m[36mo.t.T.cache.EXPRESSION_CACHE            [0;39m [2m:[0;39m [THYMELEAF][http-nio-8080-exec-9][EXPRESSION_CACHE][CACHE_HIT] Cache hit in cache "EXPRESSION_CACHE" for key "fsig|meta".
[2m2024-09-05T20:09:47.223+09:00[0;39m [32mTRACE[0;39m [35m15828[0;39m [2m---[0;39m [2m[kadai_002] [nio-8080-exec-9][0;39m [2m[0;39m[36mo.t.T.cache.EXPRESSION_CACHE            [0;39m [2m:[0;39m [THYMELEAF][http-nio-8080-exec-9][EXPRESSION_CACHE][CACHE_HIT] Cache hit in cache "EXPRESSION_CACHE" for key "expr|tag".
[2m2024-09-05T20:09:47.223+09:00[0;39m [32mTRACE[0;39m [35m15828[0;39m [2m---[0;39m [2m[kadai_002] [nio-8080-exec-9][0;39m [2m[0;39m[36mo.t.s.expression.GenericTokenExpression [0;39m [2m:[0;39m [THYMELEAF][http-nio-8080-exec-9] Evaluating generic token: "tag"
[2m2024-09-05T20:09:47.223+09:00[0;39m [32mTRACE[0;39m [35m15828[0;39m [2m---[0;39m [2m[kadai_002] [nio-8080-exec-9][0;39m [2m[0;39m[36mo.t.T.cache.EXPRESSION_CACHE            [0;39m [2m:[0;39m [THYMELEAF][http-nio-8080-exec-9][EXPRESSION_CACHE][CACHE_HIT] Cache hit in cache "EXPRESSION_CACHE" for key "expr|~{fragment :: styles}".
[2m2024-09-05T20:09:47.223+09:00[0;39m [32mTRACE[0;39m [35m15828[0;39m [2m---[0;39m [2m[kadai_002] [nio-8080-exec-9][0;39m [2m[0;39m[36mo.t.s.expression.FragmentExpression     [0;39m [2m:[0;39m [THYMELEAF][http-nio-8080-exec-9] Evaluating fragment: "~{fragment :: styles}"
[2m2024-09-05T20:09:47.223+09:00[0;39m [32mTRACE[0;39m [35m15828[0;39m [2m---[0;39m [2m[kadai_002] [nio-8080-exec-9][0;39m [2m[0;39m[36mo.t.s.expression.GenericTokenExpression [0;39m [2m:[0;39m [THYMELEAF][http-nio-8080-exec-9] Evaluating generic token: "fragment"
[2m2024-09-05T20:09:47.223+09:00[0;39m [32mTRACE[0;39m [35m15828[0;39m [2m---[0;39m [2m[kadai_002] [nio-8080-exec-9][0;39m [2m[0;39m[36mo.t.s.expression.GenericTokenExpression [0;39m [2m:[0;39m [THYMELEAF][http-nio-8080-exec-9] Evaluating generic token: "styles"
[2m2024-09-05T20:09:47.223+09:00[0;39m [32mTRACE[0;39m [35m15828[0;39m [2m---[0;39m [2m[kadai_002] [nio-8080-exec-9][0;39m [2m[0;39m[36mo.t.TemplateEngine.cache.TEMPLATE_CACHE [0;39m [2m:[0;39m [THYMELEAF][http-nio-8080-exec-9][TEMPLATE_CACHE][CACHE_MISS] Cache miss in cache "TEMPLATE_CACHE" for key "fragment@(membership/info;0,0)::[styles]".
[2m2024-09-05T20:09:47.223+09:00[0;39m [32mTRACE[0;39m [35m15828[0;39m [2m---[0;39m [2m[kadai_002] [nio-8080-exec-9][0;39m [2m[0;39m[36morg.thymeleaf.engine.TemplateManager    [0;39m [2m:[0;39m [THYMELEAF][http-nio-8080-exec-9] Template resolver match! Resolver "org.thymeleaf.spring6.templateresolver.SpringResourceTemplateResolver" will resolve template "fragment"
[2m2024-09-05T20:09:47.224+09:00[0;39m [32mTRACE[0;39m [35m15828[0;39m [2m---[0;39m [2m[kadai_002] [nio-8080-exec-9][0;39m [2m[0;39m[36mo.t.T.cache.EXPRESSION_CACHE            [0;39m [2m:[0;39m [THYMELEAF][http-nio-8080-exec-9][EXPRESSION_CACHE][CACHE_HIT] Cache hit in cache "EXPRESSION_CACHE" for key "fsig|styles".
[2m2024-09-05T20:09:47.224+09:00[0;39m [32mTRACE[0;39m [35m15828[0;39m [2m---[0;39m [2m[kadai_002] [nio-8080-exec-9][0;39m [2m[0;39m[36mo.t.T.cache.EXPRESSION_CACHE            [0;39m [2m:[0;39m [THYMELEAF][http-nio-8080-exec-9][EXPRESSION_CACHE][CACHE_HIT] Cache hit in cache "EXPRESSION_CACHE" for key "expr|tag".
[2m2024-09-05T20:09:47.224+09:00[0;39m [32mTRACE[0;39m [35m15828[0;39m [2m---[0;39m [2m[kadai_002] [nio-8080-exec-9][0;39m [2m[0;39m[36mo.t.s.expression.GenericTokenExpression [0;39m [2m:[0;39m [THYMELEAF][http-nio-8080-exec-9] Evaluating generic token: "tag"
[2m2024-09-05T20:09:47.224+09:00[0;39m [32mTRACE[0;39m [35m15828[0;39m [2m---[0;39m [2m[kadai_002] [nio-8080-exec-9][0;39m [2m[0;39m[36mo.t.T.cache.EXPRESSION_CACHE            [0;39m [2m:[0;39m [THYMELEAF][http-nio-8080-exec-9][EXPRESSION_CACHE][CACHE_HIT] Cache hit in cache "EXPRESSION_CACHE" for key "expr|@{/css/style.css}".
[2m2024-09-05T20:09:47.224+09:00[0;39m [32mTRACE[0;39m [35m15828[0;39m [2m---[0;39m [2m[kadai_002] [nio-8080-exec-9][0;39m [2m[0;39m[36mo.t.standard.expression.LinkExpression  [0;39m [2m:[0;39m [THYMELEAF][http-nio-8080-exec-9] Evaluating link: "@{'/css/style.css'}"
[2m2024-09-05T20:09:47.224+09:00[0;39m [32mTRACE[0;39m [35m15828[0;39m [2m---[0;39m [2m[kadai_002] [nio-8080-exec-9][0;39m [2m[0;39m[36mo.t.s.expression.TextLiteralExpression  [0;39m [2m:[0;39m [THYMELEAF][http-nio-8080-exec-9] Evaluating text literal: "'/css/style.css'"
[2m2024-09-05T20:09:47.224+09:00[0;39m [32mTRACE[0;39m [35m15828[0;39m [2m---[0;39m [2m[kadai_002] [nio-8080-exec-9][0;39m [2m[0;39m[36mo.t.T.cache.EXPRESSION_CACHE            [0;39m [2m:[0;39m [THYMELEAF][http-nio-8080-exec-9][EXPRESSION_CACHE][CACHE_HIT] Cache hit in cache "EXPRESSION_CACHE" for key "expr|@{/css/style.css}".
[2m2024-09-05T20:09:47.224+09:00[0;39m [32mTRACE[0;39m [35m15828[0;39m [2m---[0;39m [2m[kadai_002] [nio-8080-exec-9][0;39m [2m[0;39m[36mo.t.standard.expression.LinkExpression  [0;39m [2m:[0;39m [THYMELEAF][http-nio-8080-exec-9] Evaluating link: "@{'/css/style.css'}"
[2m2024-09-05T20:09:47.224+09:00[0;39m [32mTRACE[0;39m [35m15828[0;39m [2m---[0;39m [2m[kadai_002] [nio-8080-exec-9][0;39m [2m[0;39m[36mo.t.s.expression.TextLiteralExpression  [0;39m [2m:[0;39m [THYMELEAF][http-nio-8080-exec-9] Evaluating text literal: "'/css/style.css'"
[2m2024-09-05T20:09:47.224+09:00[0;39m [32mTRACE[0;39m [35m15828[0;39m [2m---[0;39m [2m[kadai_002] [nio-8080-exec-9][0;39m [2m[0;39m[36mo.t.T.cache.EXPRESSION_CACHE            [0;39m [2m:[0;39m [THYMELEAF][http-nio-8080-exec-9][EXPRESSION_CACHE][CACHE_HIT] Cache hit in cache "EXPRESSION_CACHE" for key "expr|~{fragment :: header}".
[2m2024-09-05T20:09:47.224+09:00[0;39m [32mTRACE[0;39m [35m15828[0;39m [2m---[0;39m [2m[kadai_002] [nio-8080-exec-9][0;39m [2m[0;39m[36mo.t.s.expression.FragmentExpression     [0;39m [2m:[0;39m [THYMELEAF][http-nio-8080-exec-9] Evaluating fragment: "~{fragment :: header}"
[2m2024-09-05T20:09:47.224+09:00[0;39m [32mTRACE[0;39m [35m15828[0;39m [2m---[0;39m [2m[kadai_002] [nio-8080-exec-9][0;39m [2m[0;39m[36mo.t.s.expression.GenericTokenExpression [0;39m [2m:[0;39m [THYMELEAF][http-nio-8080-exec-9] Evaluating generic token: "fragment"
[2m2024-09-05T20:09:47.224+09:00[0;39m [32mTRACE[0;39m [35m15828[0;39m [2m---[0;39m [2m[kadai_002] [nio-8080-exec-9][0;39m [2m[0;39m[36mo.t.s.expression.GenericTokenExpression [0;39m [2m:[0;39m [THYMELEAF][http-nio-8080-exec-9] Evaluating generic token: "header"
[2m2024-09-05T20:09:47.224+09:00[0;39m [32mTRACE[0;39m [35m15828[0;39m [2m---[0;39m [2m[kadai_002] [nio-8080-exec-9][0;39m [2m[0;39m[36mo.t.TemplateEngine.cache.TEMPLATE_CACHE [0;39m [2m:[0;39m [THYMELEAF][http-nio-8080-exec-9][TEMPLATE_CACHE][CACHE_MISS] Cache miss in cache "TEMPLATE_CACHE" for key "fragment@(membership/info;0,0)::[header]".
[2m2024-09-05T20:09:47.224+09:00[0;39m [32mTRACE[0;39m [35m15828[0;39m [2m---[0;39m [2m[kadai_002] [nio-8080-exec-9][0;39m [2m[0;39m[36morg.thymeleaf.engine.TemplateManager    [0;39m [2m:[0;39m [THYMELEAF][http-nio-8080-exec-9] Template resolver match! Resolver "org.thymeleaf.spring6.templateresolver.SpringResourceTemplateResolver" will resolve template "fragment"
[2m2024-09-05T20:09:47.224+09:00[0;39m [32mTRACE[0;39m [35m15828[0;39m [2m---[0;39m [2m[kadai_002] [nio-8080-exec-9][0;39m [2m[0;39m[36mo.t.T.cache.EXPRESSION_CACHE            [0;39m [2m:[0;39m [THYMELEAF][http-nio-8080-exec-9][EXPRESSION_CACHE][CACHE_HIT] Cache hit in cache "EXPRESSION_CACHE" for key "fsig|header".
[2m2024-09-05T20:09:47.224+09:00[0;39m [32mTRACE[0;39m [35m15828[0;39m [2m---[0;39m [2m[kadai_002] [nio-8080-exec-9][0;39m [2m[0;39m[36mo.t.T.cache.EXPRESSION_CACHE            [0;39m [2m:[0;39m [THYMELEAF][http-nio-8080-exec-9][EXPRESSION_CACHE][CACHE_HIT] Cache hit in cache "EXPRESSION_CACHE" for key "expr|tag".
[2m2024-09-05T20:09:47.224+09:00[0;39m [32mTRACE[0;39m [35m15828[0;39m [2m---[0;39m [2m[kadai_002] [nio-8080-exec-9][0;39m [2m[0;39m[36mo.t.s.expression.GenericTokenExpression [0;39m [2m:[0;39m [THYMELEAF][http-nio-8080-exec-9] Evaluating generic token: "tag"
[2m2024-09-05T20:09:47.224+09:00[0;39m [32mTRACE[0;39m [35m15828[0;39m [2m---[0;39m [2m[kadai_002] [nio-8080-exec-9][0;39m [2m[0;39m[36mo.t.T.cache.EXPRESSION_CACHE            [0;39m [2m:[0;39m [THYMELEAF][http-nio-8080-exec-9][EXPRESSION_CACHE][CACHE_HIT] Cache hit in cache "EXPRESSION_CACHE" for key "expr|@{/}".
[2m2024-09-05T20:09:47.224+09:00[0;39m [32mTRACE[0;39m [35m15828[0;39m [2m---[0;39m [2m[kadai_002] [nio-8080-exec-9][0;39m [2m[0;39m[36mo.t.standard.expression.LinkExpression  [0;39m [2m:[0;39m [THYMELEAF][http-nio-8080-exec-9] Evaluating link: "@{'/'}"
[2m2024-09-05T20:09:47.224+09:00[0;39m [32mTRACE[0;39m [35m15828[0;39m [2m---[0;39m [2m[kadai_002] [nio-8080-exec-9][0;39m [2m[0;39m[36mo.t.s.expression.TextLiteralExpression  [0;39m [2m:[0;39m [THYMELEAF][http-nio-8080-exec-9] Evaluating text literal: "'/'"
[2m2024-09-05T20:09:47.224+09:00[0;39m [32mTRACE[0;39m [35m15828[0;39m [2m---[0;39m [2m[kadai_002] [nio-8080-exec-9][0;39m [2m[0;39m[36mo.t.T.cache.EXPRESSION_CACHE            [0;39m [2m:[0;39m [THYMELEAF][http-nio-8080-exec-9][EXPRESSION_CACHE][CACHE_HIT] Cache hit in cache "EXPRESSION_CACHE" for key "expr|@{/images/NAGOYAMESHI.png}".
[2m2024-09-05T20:09:47.224+09:00[0;39m [32mTRACE[0;39m [35m15828[0;39m [2m---[0;39m [2m[kadai_002] [nio-8080-exec-9][0;39m [2m[0;39m[36mo.t.standard.expression.LinkExpression  [0;39m [2m:[0;39m [THYMELEAF][http-nio-8080-exec-9] Evaluating link: "@{'/images/NAGOYAMESHI.png'}"
[2m2024-09-05T20:09:47.224+09:00[0;39m [32mTRACE[0;39m [35m15828[0;39m [2m---[0;39m [2m[kadai_002] [nio-8080-exec-9][0;39m [2m[0;39m[36mo.t.s.expression.TextLiteralExpression  [0;39m [2m:[0;39m [THYMELEAF][http-nio-8080-exec-9] Evaluating text literal: "'/images/NAGOYAMESHI.png'"
[2m2024-09-05T20:09:47.224+09:00[0;39m [32mTRACE[0;39m [35m15828[0;39m [2m---[0;39m [2m[kadai_002] [nio-8080-exec-9][0;39m [2m[0;39m[36mo.t.e.springsecurity6.auth.AuthUtils    [0;39m [2m:[0;39m [THYMELEAF][http-nio-8080-exec-9] Obtaining authentication object.
[2m2024-09-05T20:09:47.224+09:00[0;39m [32mTRACE[0;39m [35m15828[0;39m [2m---[0;39m [2m[kadai_002] [nio-8080-exec-9][0;39m [2m[0;39m[36mo.t.e.springsecurity6.auth.AuthUtils    [0;39m [2m:[0;39m [THYMELEAF][http-nio-8080-exec-9] Authentication object of class org.springframework.security.authentication.UsernamePasswordAuthenticationToken found in context for user "taro.samurai@example.com".
[2m2024-09-05T20:09:47.224+09:00[0;39m [32mTRACE[0;39m [35m15828[0;39m [2m---[0;39m [2m[kadai_002] [nio-8080-exec-9][0;39m [2m[0;39m[36mo.t.e.springsecurity6.auth.AuthUtils    [0;39m [2m:[0;39m [THYMELEAF][http-nio-8080-exec-9] Checking authorization using access expression "isAnonymous()" for user "taro.samurai@example.com".
[2m2024-09-05T20:09:47.224+09:00[0;39m [32mTRACE[0;39m [35m15828[0;39m [2m---[0;39m [2m[kadai_002] [nio-8080-exec-9][0;39m [2m[0;39m[36mo.t.e.springsecurity6.auth.AuthUtils    [0;39m [2m:[0;39m [THYMELEAF][http-nio-8080-exec-9] Checked authorization using access expression "isAnonymous()" for user "taro.samurai@example.com". Access DENIED.
[2m2024-09-05T20:09:47.224+09:00[0;39m [32mTRACE[0;39m [35m15828[0;39m [2m---[0;39m [2m[kadai_002] [nio-8080-exec-9][0;39m [2m[0;39m[36mo.t.e.springsecurity6.auth.AuthUtils    [0;39m [2m:[0;39m [THYMELEAF][http-nio-8080-exec-9] Obtaining authentication object.
[2m2024-09-05T20:09:47.224+09:00[0;39m [32mTRACE[0;39m [35m15828[0;39m [2m---[0;39m [2m[kadai_002] [nio-8080-exec-9][0;39m [2m[0;39m[36mo.t.e.springsecurity6.auth.AuthUtils    [0;39m [2m:[0;39m [THYMELEAF][http-nio-8080-exec-9] Authentication object of class org.springframework.security.authentication.UsernamePasswordAuthenticationToken found in context for user "taro.samurai@example.com".
[2m2024-09-05T20:09:47.224+09:00[0;39m [32mTRACE[0;39m [35m15828[0;39m [2m---[0;39m [2m[kadai_002] [nio-8080-exec-9][0;39m [2m[0;39m[36mo.t.e.springsecurity6.auth.AuthUtils    [0;39m [2m:[0;39m [THYMELEAF][http-nio-8080-exec-9] Checking authorization using access expression "isAnonymous()" for user "taro.samurai@example.com".
[2m2024-09-05T20:09:47.224+09:00[0;39m [32mTRACE[0;39m [35m15828[0;39m [2m---[0;39m [2m[kadai_002] [nio-8080-exec-9][0;39m [2m[0;39m[36mo.t.e.springsecurity6.auth.AuthUtils    [0;39m [2m:[0;39m [THYMELEAF][http-nio-8080-exec-9] Checked authorization using access expression "isAnonymous()" for user "taro.samurai@example.com". Access DENIED.
[2m2024-09-05T20:09:47.224+09:00[0;39m [32mTRACE[0;39m [35m15828[0;39m [2m---[0;39m [2m[kadai_002] [nio-8080-exec-9][0;39m [2m[0;39m[36mo.t.e.springsecurity6.auth.AuthUtils    [0;39m [2m:[0;39m [THYMELEAF][http-nio-8080-exec-9] Obtaining authentication object.
[2m2024-09-05T20:09:47.224+09:00[0;39m [32mTRACE[0;39m [35m15828[0;39m [2m---[0;39m [2m[kadai_002] [nio-8080-exec-9][0;39m [2m[0;39m[36mo.t.e.springsecurity6.auth.AuthUtils    [0;39m [2m:[0;39m [THYMELEAF][http-nio-8080-exec-9] Authentication object of class org.springframework.security.authentication.UsernamePasswordAuthenticationToken found in context for user "taro.samurai@example.com".
[2m2024-09-05T20:09:47.224+09:00[0;39m [32mTRACE[0;39m [35m15828[0;39m [2m---[0;39m [2m[kadai_002] [nio-8080-exec-9][0;39m [2m[0;39m[36mo.t.e.springsecurity6.auth.AuthUtils    [0;39m [2m:[0;39m [THYMELEAF][http-nio-8080-exec-9] Checking authorization using access expression "hasRole('ROLE_GENERAL')" for user "taro.samurai@example.com".
[2m2024-09-05T20:09:47.225+09:00[0;39m [32mTRACE[0;39m [35m15828[0;39m [2m---[0;39m [2m[kadai_002] [nio-8080-exec-9][0;39m [2m[0;39m[36mo.t.e.springsecurity6.auth.AuthUtils    [0;39m [2m:[0;39m [THYMELEAF][http-nio-8080-exec-9] Checked authorization using access expression "hasRole('ROLE_GENERAL')" for user "taro.samurai@example.com". Access GRANTED.
[2m2024-09-05T20:09:47.225+09:00[0;39m [32mTRACE[0;39m [35m15828[0;39m [2m---[0;39m [2m[kadai_002] [nio-8080-exec-9][0;39m [2m[0;39m[36mo.t.e.springsecurity6.auth.AuthUtils    [0;39m [2m:[0;39m [THYMELEAF][http-nio-8080-exec-9] Obtaining authentication object.
[2m2024-09-05T20:09:47.225+09:00[0;39m [32mTRACE[0;39m [35m15828[0;39m [2m---[0;39m [2m[kadai_002] [nio-8080-exec-9][0;39m [2m[0;39m[36mo.t.e.springsecurity6.auth.AuthUtils    [0;39m [2m:[0;39m [THYMELEAF][http-nio-8080-exec-9] Authentication object of class org.springframework.security.authentication.UsernamePasswordAuthenticationToken found in context for user "taro.samurai@example.com".
[2m2024-09-05T20:09:47.225+09:00[0;39m [32mTRACE[0;39m [35m15828[0;39m [2m---[0;39m [2m[kadai_002] [nio-8080-exec-9][0;39m [2m[0;39m[36mo.t.e.springsecurity6.auth.AuthUtils    [0;39m [2m:[0;39m [THYMELEAF][http-nio-8080-exec-9] Reading property "principal.user.name" from authentication object.
[2m2024-09-05T20:09:47.225+09:00[0;39m [32mTRACE[0;39m [35m15828[0;39m [2m---[0;39m [2m[kadai_002] [nio-8080-exec-9][0;39m [2m[0;39m[36mo.t.e.springsecurity6.auth.AuthUtils    [0;39m [2m:[0;39m [THYMELEAF][http-nio-8080-exec-9] Property "principal.user.name" obtained from authentication object for user "taro.samurai@example.com". Returned value of class java.lang.String.
[2m2024-09-05T20:09:47.225+09:00[0;39m [32mTRACE[0;39m [35m15828[0;39m [2m---[0;39m [2m[kadai_002] [nio-8080-exec-9][0;39m [2m[0;39m[36mo.t.T.cache.EXPRESSION_CACHE            [0;39m [2m:[0;39m [THYMELEAF][http-nio-8080-exec-9][EXPRESSION_CACHE][CACHE_HIT] Cache hit in cache "EXPRESSION_CACHE" for key "expr|@{/user}".
[2m2024-09-05T20:09:47.225+09:00[0;39m [32mTRACE[0;39m [35m15828[0;39m [2m---[0;39m [2m[kadai_002] [nio-8080-exec-9][0;39m [2m[0;39m[36mo.t.standard.expression.LinkExpression  [0;39m [2m:[0;39m [THYMELEAF][http-nio-8080-exec-9] Evaluating link: "@{'/user'}"
[2m2024-09-05T20:09:47.225+09:00[0;39m [32mTRACE[0;39m [35m15828[0;39m [2m---[0;39m [2m[kadai_002] [nio-8080-exec-9][0;39m [2m[0;39m[36mo.t.s.expression.TextLiteralExpression  [0;39m [2m:[0;39m [THYMELEAF][http-nio-8080-exec-9] Evaluating text literal: "'/user'"
[2m2024-09-05T20:09:47.225+09:00[0;39m [32mTRACE[0;39m [35m15828[0;39m [2m---[0;39m [2m[kadai_002] [nio-8080-exec-9][0;39m [2m[0;39m[36mo.t.T.cache.EXPRESSION_CACHE            [0;39m [2m:[0;39m [THYMELEAF][http-nio-8080-exec-9][EXPRESSION_CACHE][CACHE_HIT] Cache hit in cache "EXPRESSION_CACHE" for key "expr|@{/reservations}".
[2m2024-09-05T20:09:47.225+09:00[0;39m [32mTRACE[0;39m [35m15828[0;39m [2m---[0;39m [2m[kadai_002] [nio-8080-exec-9][0;39m [2m[0;39m[36mo.t.standard.expression.LinkExpression  [0;39m [2m:[0;39m [THYMELEAF][http-nio-8080-exec-9] Evaluating link: "@{'/reservations'}"
[2m2024-09-05T20:09:47.225+09:00[0;39m [32mTRACE[0;39m [35m15828[0;39m [2m---[0;39m [2m[kadai_002] [nio-8080-exec-9][0;39m [2m[0;39m[36mo.t.s.expression.TextLiteralExpression  [0;39m [2m:[0;39m [THYMELEAF][http-nio-8080-exec-9] Evaluating text literal: "'/reservations'"
[2m2024-09-05T20:09:47.225+09:00[0;39m [32mTRACE[0;39m [35m15828[0;39m [2m---[0;39m [2m[kadai_002] [nio-8080-exec-9][0;39m [2m[0;39m[36mo.t.T.cache.EXPRESSION_CACHE            [0;39m [2m:[0;39m [THYMELEAF][http-nio-8080-exec-9][EXPRESSION_CACHE][CACHE_HIT] Cache hit in cache "EXPRESSION_CACHE" for key "expr|@{/logout}".
[2m2024-09-05T20:09:47.225+09:00[0;39m [32mTRACE[0;39m [35m15828[0;39m [2m---[0;39m [2m[kadai_002] [nio-8080-exec-9][0;39m [2m[0;39m[36mo.t.standard.expression.LinkExpression  [0;39m [2m:[0;39m [THYMELEAF][http-nio-8080-exec-9] Evaluating link: "@{'/logout'}"
[2m2024-09-05T20:09:47.225+09:00[0;39m [32mTRACE[0;39m [35m15828[0;39m [2m---[0;39m [2m[kadai_002] [nio-8080-exec-9][0;39m [2m[0;39m[36mo.t.s.expression.TextLiteralExpression  [0;39m [2m:[0;39m [THYMELEAF][http-nio-8080-exec-9] Evaluating text literal: "'/logout'"
[2m2024-09-05T20:09:47.225+09:00[0;39m [32mTRACE[0;39m [35m15828[0;39m [2m---[0;39m [2m[kadai_002] [nio-8080-exec-9][0;39m [2m[0;39m[36mo.t.T.cache.EXPRESSION_CACHE            [0;39m [2m:[0;39m [THYMELEAF][http-nio-8080-exec-9][EXPRESSION_CACHE][CACHE_HIT] Cache hit in cache "EXPRESSION_CACHE" for key "expr|@{/logout}".
[2m2024-09-05T20:09:47.225+09:00[0;39m [32mTRACE[0;39m [35m15828[0;39m [2m---[0;39m [2m[kadai_002] [nio-8080-exec-9][0;39m [2m[0;39m[36mo.t.standard.expression.LinkExpression  [0;39m [2m:[0;39m [THYMELEAF][http-nio-8080-exec-9] Evaluating link: "@{'/logout'}"
[2m2024-09-05T20:09:47.225+09:00[0;39m [32mTRACE[0;39m [35m15828[0;39m [2m---[0;39m [2m[kadai_002] [nio-8080-exec-9][0;39m [2m[0;39m[36mo.t.s.expression.TextLiteralExpression  [0;39m [2m:[0;39m [THYMELEAF][http-nio-8080-exec-9] Evaluating text literal: "'/logout'"
[2m2024-09-05T20:09:47.225+09:00[0;39m [32mTRACE[0;39m [35m15828[0;39m [2m---[0;39m [2m[kadai_002] [nio-8080-exec-9][0;39m [2m[0;39m[36mo.t.e.springsecurity6.auth.AuthUtils    [0;39m [2m:[0;39m [THYMELEAF][http-nio-8080-exec-9] Obtaining authentication object.
[2m2024-09-05T20:09:47.225+09:00[0;39m [32mTRACE[0;39m [35m15828[0;39m [2m---[0;39m [2m[kadai_002] [nio-8080-exec-9][0;39m [2m[0;39m[36mo.t.e.springsecurity6.auth.AuthUtils    [0;39m [2m:[0;39m [THYMELEAF][http-nio-8080-exec-9] Authentication object of class org.springframework.security.authentication.UsernamePasswordAuthenticationToken found in context for user "taro.samurai@example.com".
[2m2024-09-05T20:09:47.225+09:00[0;39m [32mTRACE[0;39m [35m15828[0;39m [2m---[0;39m [2m[kadai_002] [nio-8080-exec-9][0;39m [2m[0;39m[36mo.t.e.springsecurity6.auth.AuthUtils    [0;39m [2m:[0;39m [THYMELEAF][http-nio-8080-exec-9] Checking authorization using access expression "hasRole('ROLE_PAID_MEMBER')" for user "taro.samurai@example.com".
[2m2024-09-05T20:09:47.225+09:00[0;39m [32mTRACE[0;39m [35m15828[0;39m [2m---[0;39m [2m[kadai_002] [nio-8080-exec-9][0;39m [2m[0;39m[36mo.t.e.springsecurity6.auth.AuthUtils    [0;39m [2m:[0;39m [THYMELEAF][http-nio-8080-exec-9] Checked authorization using access expression "hasRole('ROLE_PAID_MEMBER')" for user "taro.samurai@example.com". Access DENIED.
[2m2024-09-05T20:09:47.225+09:00[0;39m [32mTRACE[0;39m [35m15828[0;39m [2m---[0;39m [2m[kadai_002] [nio-8080-exec-9][0;39m [2m[0;39m[36mo.t.e.springsecurity6.auth.AuthUtils    [0;39m [2m:[0;39m [THYMELEAF][http-nio-8080-exec-9] Obtaining authentication object.
[2m2024-09-05T20:09:47.225+09:00[0;39m [32mTRACE[0;39m [35m15828[0;39m [2m---[0;39m [2m[kadai_002] [nio-8080-exec-9][0;39m [2m[0;39m[36mo.t.e.springsecurity6.auth.AuthUtils    [0;39m [2m:[0;39m [THYMELEAF][http-nio-8080-exec-9] Authentication object of class org.springframework.security.authentication.UsernamePasswordAuthenticationToken found in context for user "taro.samurai@example.com".
[2m2024-09-05T20:09:47.225+09:00[0;39m [32mTRACE[0;39m [35m15828[0;39m [2m---[0;39m [2m[kadai_002] [nio-8080-exec-9][0;39m [2m[0;39m[36mo.t.e.springsecurity6.auth.AuthUtils    [0;39m [2m:[0;39m [THYMELEAF][http-nio-8080-exec-9] Checking authorization using access expression "hasRole('ROLE_ADMIN')" for user "taro.samurai@example.com".
[2m2024-09-05T20:09:47.225+09:00[0;39m [32mTRACE[0;39m [35m15828[0;39m [2m---[0;39m [2m[kadai_002] [nio-8080-exec-9][0;39m [2m[0;39m[36mo.t.e.springsecurity6.auth.AuthUtils    [0;39m [2m:[0;39m [THYMELEAF][http-nio-8080-exec-9] Checked authorization using access expression "hasRole('ROLE_ADMIN')" for user "taro.samurai@example.com". Access DENIED.
[2m2024-09-05T20:09:47.225+09:00[0;39m [32mTRACE[0;39m [35m15828[0;39m [2m---[0;39m [2m[kadai_002] [nio-8080-exec-9][0;39m [2m[0;39m[36mo.t.T.cache.EXPRESSION_CACHE            [0;39m [2m:[0;39m [THYMELEAF][http-nio-8080-exec-9][EXPRESSION_CACHE][CACHE_HIT] Cache hit in cache "EXPRESSION_CACHE" for key "expr|@{/}".
[2m2024-09-05T20:09:47.225+09:00[0;39m [32mTRACE[0;39m [35m15828[0;39m [2m---[0;39m [2m[kadai_002] [nio-8080-exec-9][0;39m [2m[0;39m[36mo.t.standard.expression.LinkExpression  [0;39m [2m:[0;39m [THYMELEAF][http-nio-8080-exec-9] Evaluating link: "@{'/'}"
[2m2024-09-05T20:09:47.225+09:00[0;39m [32mTRACE[0;39m [35m15828[0;39m [2m---[0;39m [2m[kadai_002] [nio-8080-exec-9][0;39m [2m[0;39m[36mo.t.s.expression.TextLiteralExpression  [0;39m [2m:[0;39m [THYMELEAF][http-nio-8080-exec-9] Evaluating text literal: "'/'"
[2m2024-09-05T20:09:47.225+09:00[0;39m [32mTRACE[0;39m [35m15828[0;39m [2m---[0;39m [2m[kadai_002] [nio-8080-exec-9][0;39m [2m[0;39m[36mo.t.T.cache.EXPRESSION_CACHE            [0;39m [2m:[0;39m [THYMELEAF][http-nio-8080-exec-9][EXPRESSION_CACHE][CACHE_HIT] Cache hit in cache "EXPRESSION_CACHE" for key "expr|@{/user}".
[2m2024-09-05T20:09:47.225+09:00[0;39m [32mTRACE[0;39m [35m15828[0;39m [2m---[0;39m [2m[kadai_002] [nio-8080-exec-9][0;39m [2m[0;39m[36mo.t.standard.expression.LinkExpression  [0;39m [2m:[0;39m [THYMELEAF][http-nio-8080-exec-9] Evaluating link: "@{'/user'}"
[2m2024-09-05T20:09:47.225+09:00[0;39m [32mTRACE[0;39m [35m15828[0;39m [2m---[0;39m [2m[kadai_002] [nio-8080-exec-9][0;39m [2m[0;39m[36mo.t.s.expression.TextLiteralExpression  [0;39m [2m:[0;39m [THYMELEAF][http-nio-8080-exec-9] Evaluating text literal: "'/user'"
[2m2024-09-05T20:09:47.225+09:00[0;39m [32mTRACE[0;39m [35m15828[0;39m [2m---[0;39m [2m[kadai_002] [nio-8080-exec-9][0;39m [2m[0;39m[36mo.t.T.cache.EXPRESSION_CACHE            [0;39m [2m:[0;39m [THYMELEAF][http-nio-8080-exec-9][EXPRESSION_CACHE][CACHE_HIT] Cache hit in cache "EXPRESSION_CACHE" for key "expr|${user.isPaidMember} ? '有料会員' : '無料会員'".
[2m2024-09-05T20:09:47.225+09:00[0;39m [32mTRACE[0;39m [35m15828[0;39m [2m---[0;39m [2m[kadai_002] [nio-8080-exec-9][0;39m [2m[0;39m[36mo.t.s.expression.ConditionalExpression  [0;39m [2m:[0;39m [THYMELEAF][http-nio-8080-exec-9] Evaluating conditional expression: "${user.isPaidMember}? '有料会員' : '無料会員'"
[2m2024-09-05T20:09:47.225+09:00[0;39m [32mTRACE[0;39m [35m15828[0;39m [2m---[0;39m [2m[kadai_002] [nio-8080-exec-9][0;39m [2m[0;39m[36mo.t.s.expression.VariableExpression     [0;39m [2m:[0;39m [THYMELEAF][http-nio-8080-exec-9] Evaluating variable expression: "${user.isPaidMember}"
[2m2024-09-05T20:09:47.225+09:00[0;39m [32mTRACE[0;39m [35m15828[0;39m [2m---[0;39m [2m[kadai_002] [nio-8080-exec-9][0;39m [2m[0;39m[36mo.t.s.e.SPELVariableExpressionEvaluator [0;39m [2m:[0;39m [THYMELEAF][http-nio-8080-exec-9] SpringEL expression: evaluating expression "user.isPaidMember" on target
[2m2024-09-05T20:09:47.225+09:00[0;39m [32mTRACE[0;39m [35m15828[0;39m [2m---[0;39m [2m[kadai_002] [nio-8080-exec-9][0;39m [2m[0;39m[36mo.t.s.expression.TextLiteralExpression  [0;39m [2m:[0;39m [THYMELEAF][http-nio-8080-exec-9] Evaluating text literal: "'有料会員'"
[2m2024-09-05T20:09:47.225+09:00[0;39m [32mTRACE[0;39m [35m15828[0;39m [2m---[0;39m [2m[kadai_002] [nio-8080-exec-9][0;39m [2m[0;39m[36mo.t.T.cache.EXPRESSION_CACHE            [0;39m [2m:[0;39m [THYMELEAF][http-nio-8080-exec-9][EXPRESSION_CACHE][CACHE_MISS] Cache miss in cache "EXPRESSION_CACHE" for key "expr|${user.name}".
[2m2024-09-05T20:09:47.225+09:00[0;39m [32mTRACE[0;39m [35m15828[0;39m [2m---[0;39m [2m[kadai_002] [nio-8080-exec-9][0;39m [2m[0;39m[36mo.t.T.cache.EXPRESSION_CACHE            [0;39m [2m:[0;39m [THYMELEAF][http-nio-8080-exec-9][EXPRESSION_CACHE][CACHE_ADD][68] Adding cache entry in cache "EXPRESSION_CACHE" for key "expr|${user.name}". New size is 68.
[2m2024-09-05T20:09:47.225+09:00[0;39m [32mTRACE[0;39m [35m15828[0;39m [2m---[0;39m [2m[kadai_002] [nio-8080-exec-9][0;39m [2m[0;39m[36mo.t.s.expression.VariableExpression     [0;39m [2m:[0;39m [THYMELEAF][http-nio-8080-exec-9] Evaluating variable expression: "${user.name}"
[2m2024-09-05T20:09:47.225+09:00[0;39m [32mTRACE[0;39m [35m15828[0;39m [2m---[0;39m [2m[kadai_002] [nio-8080-exec-9][0;39m [2m[0;39m[36mo.t.s.e.SPELVariableExpressionEvaluator [0;39m [2m:[0;39m [THYMELEAF][http-nio-8080-exec-9] SpringEL expression: evaluating expression "user.name" on target
[2m2024-09-05T20:09:47.225+09:00[0;39m [32mTRACE[0;39m [35m15828[0;39m [2m---[0;39m [2m[kadai_002] [nio-8080-exec-9][0;39m [2m[0;39m[36mo.t.T.cache.EXPRESSION_CACHE            [0;39m [2m:[0;39m [THYMELEAF][http-nio-8080-exec-9][EXPRESSION_CACHE][CACHE_MISS] Cache miss in cache "EXPRESSION_CACHE" for key "spel|user.name".
[2m2024-09-05T20:09:47.225+09:00[0;39m [32mTRACE[0;39m [35m15828[0;39m [2m---[0;39m [2m[kadai_002] [nio-8080-exec-9][0;39m [2m[0;39m[36mo.t.T.cache.EXPRESSION_CACHE            [0;39m [2m:[0;39m [THYMELEAF][http-nio-8080-exec-9][EXPRESSION_CACHE][CACHE_ADD][69] Adding cache entry in cache "EXPRESSION_CACHE" for key "spel|user.name". New size is 69.
[2m2024-09-05T20:09:47.225+09:00[0;39m [32mTRACE[0;39m [35m15828[0;39m [2m---[0;39m [2m[kadai_002] [nio-8080-exec-9][0;39m [2m[0;39m[36mo.t.T.cache.EXPRESSION_CACHE            [0;39m [2m:[0;39m [THYMELEAF][http-nio-8080-exec-9][EXPRESSION_CACHE][CACHE_MISS] Cache miss in cache "EXPRESSION_CACHE" for key "expr|${user.email}".
[2m2024-09-05T20:09:47.225+09:00[0;39m [32mTRACE[0;39m [35m15828[0;39m [2m---[0;39m [2m[kadai_002] [nio-8080-exec-9][0;39m [2m[0;39m[36mo.t.T.cache.EXPRESSION_CACHE            [0;39m [2m:[0;39m [THYMELEAF][http-nio-8080-exec-9][EXPRESSION_CACHE][CACHE_ADD][70] Adding cache entry in cache "EXPRESSION_CACHE" for key "expr|${user.email}". New size is 70.
[2m2024-09-05T20:09:47.225+09:00[0;39m [32mTRACE[0;39m [35m15828[0;39m [2m---[0;39m [2m[kadai_002] [nio-8080-exec-9][0;39m [2m[0;39m[36mo.t.s.expression.VariableExpression     [0;39m [2m:[0;39m [THYMELEAF][http-nio-8080-exec-9] Evaluating variable expression: "${user.email}"
[2m2024-09-05T20:09:47.225+09:00[0;39m [32mTRACE[0;39m [35m15828[0;39m [2m---[0;39m [2m[kadai_002] [nio-8080-exec-9][0;39m [2m[0;39m[36mo.t.s.e.SPELVariableExpressionEvaluator [0;39m [2m:[0;39m [THYMELEAF][http-nio-8080-exec-9] SpringEL expression: evaluating expression "user.email" on target
[2m2024-09-05T20:09:47.225+09:00[0;39m [32mTRACE[0;39m [35m15828[0;39m [2m---[0;39m [2m[kadai_002] [nio-8080-exec-9][0;39m [2m[0;39m[36mo.t.T.cache.EXPRESSION_CACHE            [0;39m [2m:[0;39m [THYMELEAF][http-nio-8080-exec-9][EXPRESSION_CACHE][CACHE_MISS] Cache miss in cache "EXPRESSION_CACHE" for key "spel|user.email".
[2m2024-09-05T20:09:47.225+09:00[0;39m [32mTRACE[0;39m [35m15828[0;39m [2m---[0;39m [2m[kadai_002] [nio-8080-exec-9][0;39m [2m[0;39m[36mo.t.T.cache.EXPRESSION_CACHE            [0;39m [2m:[0;39m [THYMELEAF][http-nio-8080-exec-9][EXPRESSION_CACHE][CACHE_ADD][71] Adding cache entry in cache "EXPRESSION_CACHE" for key "spel|user.email". New size is 71.
[2m2024-09-05T20:09:47.225+09:00[0;39m [32mTRACE[0;39m [35m15828[0;39m [2m---[0;39m [2m[kadai_002] [nio-8080-exec-9][0;39m [2m[0;39m[36mo.t.T.cache.EXPRESSION_CACHE            [0;39m [2m:[0;39m [THYMELEAF][http-nio-8080-exec-9][EXPRESSION_CACHE][CACHE_MISS] Cache miss in cache "EXPRESSION_CACHE" for key "expr|${user.isPaidMember}".
[2m2024-09-05T20:09:47.225+09:00[0;39m [32mTRACE[0;39m [35m15828[0;39m [2m---[0;39m [2m[kadai_002] [nio-8080-exec-9][0;39m [2m[0;39m[36mo.t.T.cache.EXPRESSION_CACHE            [0;39m [2m:[0;39m [THYMELEAF][http-nio-8080-exec-9][EXPRESSION_CACHE][CACHE_ADD][72] Adding cache entry in cache "EXPRESSION_CACHE" for key "expr|${user.isPaidMember}". New size is 72.
[2m2024-09-05T20:09:47.225+09:00[0;39m [32mTRACE[0;39m [35m15828[0;39m [2m---[0;39m [2m[kadai_002] [nio-8080-exec-9][0;39m [2m[0;39m[36mo.t.s.expression.VariableExpression     [0;39m [2m:[0;39m [THYMELEAF][http-nio-8080-exec-9] Evaluating variable expression: "${user.isPaidMember}"
[2m2024-09-05T20:09:47.225+09:00[0;39m [32mTRACE[0;39m [35m15828[0;39m [2m---[0;39m [2m[kadai_002] [nio-8080-exec-9][0;39m [2m[0;39m[36mo.t.s.e.SPELVariableExpressionEvaluator [0;39m [2m:[0;39m [THYMELEAF][http-nio-8080-exec-9] SpringEL expression: evaluating expression "user.isPaidMember" on target
[2m2024-09-05T20:09:47.225+09:00[0;39m [32mTRACE[0;39m [35m15828[0;39m [2m---[0;39m [2m[kadai_002] [nio-8080-exec-9][0;39m [2m[0;39m[36mo.t.T.cache.EXPRESSION_CACHE            [0;39m [2m:[0;39m [THYMELEAF][http-nio-8080-exec-9][EXPRESSION_CACHE][CACHE_HIT] Cache hit in cache "EXPRESSION_CACHE" for key "spel|user.isPaidMember".
[2m2024-09-05T20:09:47.225+09:00[0;39m [32mTRACE[0;39m [35m15828[0;39m [2m---[0;39m [2m[kadai_002] [nio-8080-exec-9][0;39m [2m[0;39m[36mo.t.T.cache.EXPRESSION_CACHE            [0;39m [2m:[0;39m [THYMELEAF][http-nio-8080-exec-9][EXPRESSION_CACHE][CACHE_MISS] Cache miss in cache "EXPRESSION_CACHE" for key "expr|${user.cardBrand}".
[2m2024-09-05T20:09:47.225+09:00[0;39m [32mTRACE[0;39m [35m15828[0;39m [2m---[0;39m [2m[kadai_002] [nio-8080-exec-9][0;39m [2m[0;39m[36mo.t.T.cache.EXPRESSION_CACHE            [0;39m [2m:[0;39m [THYMELEAF][http-nio-8080-exec-9][EXPRESSION_CACHE][CACHE_ADD][73] Adding cache entry in cache "EXPRESSION_CACHE" for key "expr|${user.cardBrand}". New size is 73.
[2m2024-09-05T20:09:47.225+09:00[0;39m [32mTRACE[0;39m [35m15828[0;39m [2m---[0;39m [2m[kadai_002] [nio-8080-exec-9][0;39m [2m[0;39m[36mo.t.s.expression.VariableExpression     [0;39m [2m:[0;39m [THYMELEAF][http-nio-8080-exec-9] Evaluating variable expression: "${user.cardBrand}"
[2m2024-09-05T20:09:47.225+09:00[0;39m [32mTRACE[0;39m [35m15828[0;39m [2m---[0;39m [2m[kadai_002] [nio-8080-exec-9][0;39m [2m[0;39m[36mo.t.s.e.SPELVariableExpressionEvaluator [0;39m [2m:[0;39m [THYMELEAF][http-nio-8080-exec-9] SpringEL expression: evaluating expression "user.cardBrand" on target
[2m2024-09-05T20:09:47.225+09:00[0;39m [32mTRACE[0;39m [35m15828[0;39m [2m---[0;39m [2m[kadai_002] [nio-8080-exec-9][0;39m [2m[0;39m[36mo.t.T.cache.EXPRESSION_CACHE            [0;39m [2m:[0;39m [THYMELEAF][http-nio-8080-exec-9][EXPRESSION_CACHE][CACHE_MISS] Cache miss in cache "EXPRESSION_CACHE" for key "spel|user.cardBrand".
[2m2024-09-05T20:09:47.225+09:00[0;39m [32mTRACE[0;39m [35m15828[0;39m [2m---[0;39m [2m[kadai_002] [nio-8080-exec-9][0;39m [2m[0;39m[36mo.t.T.cache.EXPRESSION_CACHE            [0;39m [2m:[0;39m [THYMELEAF][http-nio-8080-exec-9][EXPRESSION_CACHE][CACHE_ADD][74] Adding cache entry in cache "EXPRESSION_CACHE" for key "spel|user.cardBrand". New size is 74.
[2m2024-09-05T20:09:47.225+09:00[0;39m [32mTRACE[0;39m [35m15828[0;39m [2m---[0;39m [2m[kadai_002] [nio-8080-exec-9][0;39m [2m[0;39m[36mo.t.T.cache.EXPRESSION_CACHE            [0;39m [2m:[0;39m [THYMELEAF][http-nio-8080-exec-9][EXPRESSION_CACHE][CACHE_MISS] Cache miss in cache "EXPRESSION_CACHE" for key "expr|${user.cardLast4}".
[2m2024-09-05T20:09:47.225+09:00[0;39m [32mTRACE[0;39m [35m15828[0;39m [2m---[0;39m [2m[kadai_002] [nio-8080-exec-9][0;39m [2m[0;39m[36mo.t.T.cache.EXPRESSION_CACHE            [0;39m [2m:[0;39m [THYMELEAF][http-nio-8080-exec-9][EXPRESSION_CACHE][CACHE_ADD][75] Adding cache entry in cache "EXPRESSION_CACHE" for key "expr|${user.cardLast4}". New size is 75.
[2m2024-09-05T20:09:47.225+09:00[0;39m [32mTRACE[0;39m [35m15828[0;39m [2m---[0;39m [2m[kadai_002] [nio-8080-exec-9][0;39m [2m[0;39m[36mo.t.s.expression.VariableExpression     [0;39m [2m:[0;39m [THYMELEAF][http-nio-8080-exec-9] Evaluating variable expression: "${user.cardLast4}"
[2m2024-09-05T20:09:47.226+09:00[0;39m [32mTRACE[0;39m [35m15828[0;39m [2m---[0;39m [2m[kadai_002] [nio-8080-exec-9][0;39m [2m[0;39m[36mo.t.s.e.SPELVariableExpressionEvaluator [0;39m [2m:[0;39m [THYMELEAF][http-nio-8080-exec-9] SpringEL expression: evaluating expression "user.cardLast4" on target
[2m2024-09-05T20:09:47.226+09:00[0;39m [32mTRACE[0;39m [35m15828[0;39m [2m---[0;39m [2m[kadai_002] [nio-8080-exec-9][0;39m [2m[0;39m[36mo.t.T.cache.EXPRESSION_CACHE            [0;39m [2m:[0;39m [THYMELEAF][http-nio-8080-exec-9][EXPRESSION_CACHE][CACHE_MISS] Cache miss in cache "EXPRESSION_CACHE" for key "spel|user.cardLast4".
[2m2024-09-05T20:09:47.226+09:00[0;39m [32mTRACE[0;39m [35m15828[0;39m [2m---[0;39m [2m[kadai_002] [nio-8080-exec-9][0;39m [2m[0;39m[36mo.t.T.cache.EXPRESSION_CACHE            [0;39m [2m:[0;39m [THYMELEAF][http-nio-8080-exec-9][EXPRESSION_CACHE][CACHE_ADD][76] Adding cache entry in cache "EXPRESSION_CACHE" for key "spel|user.cardLast4". New size is 76.
[2m2024-09-05T20:09:47.226+09:00[0;39m [32mTRACE[0;39m [35m15828[0;39m [2m---[0;39m [2m[kadai_002] [nio-8080-exec-9][0;39m [2m[0;39m[36mo.t.T.cache.EXPRESSION_CACHE            [0;39m [2m:[0;39m [THYMELEAF][http-nio-8080-exec-9][EXPRESSION_CACHE][CACHE_MISS] Cache miss in cache "EXPRESSION_CACHE" for key "expr|${user.cardExpMonth + '/' + user.cardExpYear}".
[2m2024-09-05T20:09:47.226+09:00[0;39m [32mTRACE[0;39m [35m15828[0;39m [2m---[0;39m [2m[kadai_002] [nio-8080-exec-9][0;39m [2m[0;39m[36mo.t.T.cache.EXPRESSION_CACHE            [0;39m [2m:[0;39m [THYMELEAF][http-nio-8080-exec-9][EXPRESSION_CACHE][CACHE_ADD][77] Adding cache entry in cache "EXPRESSION_CACHE" for key "expr|${user.cardExpMonth + '/' + user.cardExpYear}". New size is 77.
[2m2024-09-05T20:09:47.226+09:00[0;39m [32mTRACE[0;39m [35m15828[0;39m [2m---[0;39m [2m[kadai_002] [nio-8080-exec-9][0;39m [2m[0;39m[36mo.t.s.expression.VariableExpression     [0;39m [2m:[0;39m [THYMELEAF][http-nio-8080-exec-9] Evaluating variable expression: "${user.cardExpMonth + '/' + user.cardExpYear}"
[2m2024-09-05T20:09:47.226+09:00[0;39m [32mTRACE[0;39m [35m15828[0;39m [2m---[0;39m [2m[kadai_002] [nio-8080-exec-9][0;39m [2m[0;39m[36mo.t.s.e.SPELVariableExpressionEvaluator [0;39m [2m:[0;39m [THYMELEAF][http-nio-8080-exec-9] SpringEL expression: evaluating expression "user.cardExpMonth + '/' + user.cardExpYear" on target
[2m2024-09-05T20:09:47.226+09:00[0;39m [32mTRACE[0;39m [35m15828[0;39m [2m---[0;39m [2m[kadai_002] [nio-8080-exec-9][0;39m [2m[0;39m[36mo.t.T.cache.EXPRESSION_CACHE            [0;39m [2m:[0;39m [THYMELEAF][http-nio-8080-exec-9][EXPRESSION_CACHE][CACHE_MISS] Cache miss in cache "EXPRESSION_CACHE" for key "spel|user.cardExpMonth + '/' + user.cardExpYear".
[2m2024-09-05T20:09:47.226+09:00[0;39m [32mTRACE[0;39m [35m15828[0;39m [2m---[0;39m [2m[kadai_002] [nio-8080-exec-9][0;39m [2m[0;39m[36mo.t.T.cache.EXPRESSION_CACHE            [0;39m [2m:[0;39m [THYMELEAF][http-nio-8080-exec-9][EXPRESSION_CACHE][CACHE_ADD][78] Adding cache entry in cache "EXPRESSION_CACHE" for key "spel|user.cardExpMonth + '/' + user.cardExpYear". New size is 78.
[2m2024-09-05T20:09:47.226+09:00[0;39m [32mTRACE[0;39m [35m15828[0;39m [2m---[0;39m [2m[kadai_002] [nio-8080-exec-9][0;39m [2m[0;39m[36mo.t.T.cache.EXPRESSION_CACHE            [0;39m [2m:[0;39m [THYMELEAF][http-nio-8080-exec-9][EXPRESSION_CACHE][CACHE_HIT] Cache hit in cache "EXPRESSION_CACHE" for key "expr|~{fragment :: footer}".
[2m2024-09-05T20:09:47.226+09:00[0;39m [32mTRACE[0;39m [35m15828[0;39m [2m---[0;39m [2m[kadai_002] [nio-8080-exec-9][0;39m [2m[0;39m[36mo.t.s.expression.FragmentExpression     [0;39m [2m:[0;39m [THYMELEAF][http-nio-8080-exec-9] Evaluating fragment: "~{fragment :: footer}"
[2m2024-09-05T20:09:47.226+09:00[0;39m [32mTRACE[0;39m [35m15828[0;39m [2m---[0;39m [2m[kadai_002] [nio-8080-exec-9][0;39m [2m[0;39m[36mo.t.s.expression.GenericTokenExpression [0;39m [2m:[0;39m [THYMELEAF][http-nio-8080-exec-9] Evaluating generic token: "fragment"
[2m2024-09-05T20:09:47.226+09:00[0;39m [32mTRACE[0;39m [35m15828[0;39m [2m---[0;39m [2m[kadai_002] [nio-8080-exec-9][0;39m [2m[0;39m[36mo.t.s.expression.GenericTokenExpression [0;39m [2m:[0;39m [THYMELEAF][http-nio-8080-exec-9] Evaluating generic token: "footer"
[2m2024-09-05T20:09:47.226+09:00[0;39m [32mTRACE[0;39m [35m15828[0;39m [2m---[0;39m [2m[kadai_002] [nio-8080-exec-9][0;39m [2m[0;39m[36mo.t.TemplateEngine.cache.TEMPLATE_CACHE [0;39m [2m:[0;39m [THYMELEAF][http-nio-8080-exec-9][TEMPLATE_CACHE][CACHE_MISS] Cache miss in cache "TEMPLATE_CACHE" for key "fragment@(membership/info;0,0)::[footer]".
[2m2024-09-05T20:09:47.226+09:00[0;39m [32mTRACE[0;39m [35m15828[0;39m [2m---[0;39m [2m[kadai_002] [nio-8080-exec-9][0;39m [2m[0;39m[36morg.thymeleaf.engine.TemplateManager    [0;39m [2m:[0;39m [THYMELEAF][http-nio-8080-exec-9] Template resolver match! Resolver "org.thymeleaf.spring6.templateresolver.SpringResourceTemplateResolver" will resolve template "fragment"
[2m2024-09-05T20:09:47.226+09:00[0;39m [32mTRACE[0;39m [35m15828[0;39m [2m---[0;39m [2m[kadai_002] [nio-8080-exec-9][0;39m [2m[0;39m[36mo.t.T.cache.EXPRESSION_CACHE            [0;39m [2m:[0;39m [THYMELEAF][http-nio-8080-exec-9][EXPRESSION_CACHE][CACHE_HIT] Cache hit in cache "EXPRESSION_CACHE" for key "expr|~{fragment :: scripts}".
[2m2024-09-05T20:09:47.226+09:00[0;39m [32mTRACE[0;39m [35m15828[0;39m [2m---[0;39m [2m[kadai_002] [nio-8080-exec-9][0;39m [2m[0;39m[36mo.t.s.expression.FragmentExpression     [0;39m [2m:[0;39m [THYMELEAF][http-nio-8080-exec-9] Evaluating fragment: "~{fragment :: scripts}"
[2m2024-09-05T20:09:47.226+09:00[0;39m [32mTRACE[0;39m [35m15828[0;39m [2m---[0;39m [2m[kadai_002] [nio-8080-exec-9][0;39m [2m[0;39m[36mo.t.s.expression.GenericTokenExpression [0;39m [2m:[0;39m [THYMELEAF][http-nio-8080-exec-9] Evaluating generic token: "fragment"
[2m2024-09-05T20:09:47.226+09:00[0;39m [32mTRACE[0;39m [35m15828[0;39m [2m---[0;39m [2m[kadai_002] [nio-8080-exec-9][0;39m [2m[0;39m[36mo.t.s.expression.GenericTokenExpression [0;39m [2m:[0;39m [THYMELEAF][http-nio-8080-exec-9] Evaluating generic token: "scripts"
[2m2024-09-05T20:09:47.226+09:00[0;39m [32mTRACE[0;39m [35m15828[0;39m [2m---[0;39m [2m[kadai_002] [nio-8080-exec-9][0;39m [2m[0;39m[36mo.t.TemplateEngine.cache.TEMPLATE_CACHE [0;39m [2m:[0;39m [THYMELEAF][http-nio-8080-exec-9][TEMPLATE_CACHE][CACHE_MISS] Cache miss in cache "TEMPLATE_CACHE" for key "fragment@(membership/info;0,0)::[scripts]".
[2m2024-09-05T20:09:47.226+09:00[0;39m [32mTRACE[0;39m [35m15828[0;39m [2m---[0;39m [2m[kadai_002] [nio-8080-exec-9][0;39m [2m[0;39m[36morg.thymeleaf.engine.TemplateManager    [0;39m [2m:[0;39m [THYMELEAF][http-nio-8080-exec-9] Template resolver match! Resolver "org.thymeleaf.spring6.templateresolver.SpringResourceTemplateResolver" will resolve template "fragment"
[2m2024-09-05T20:09:47.226+09:00[0;39m [32mTRACE[0;39m [35m15828[0;39m [2m---[0;39m [2m[kadai_002] [nio-8080-exec-9][0;39m [2m[0;39m[36mo.t.T.cache.EXPRESSION_CACHE            [0;39m [2m:[0;39m [THYMELEAF][http-nio-8080-exec-9][EXPRESSION_CACHE][CACHE_HIT] Cache hit in cache "EXPRESSION_CACHE" for key "fsig|scripts".
[2m2024-09-05T20:09:47.226+09:00[0;39m [32mTRACE[0;39m [35m15828[0;39m [2m---[0;39m [2m[kadai_002] [nio-8080-exec-9][0;39m [2m[0;39m[36mo.t.T.cache.EXPRESSION_CACHE            [0;39m [2m:[0;39m [THYMELEAF][http-nio-8080-exec-9][EXPRESSION_CACHE][CACHE_HIT] Cache hit in cache "EXPRESSION_CACHE" for key "expr|tag".
[2m2024-09-05T20:09:47.226+09:00[0;39m [32mTRACE[0;39m [35m15828[0;39m [2m---[0;39m [2m[kadai_002] [nio-8080-exec-9][0;39m [2m[0;39m[36mo.t.s.expression.GenericTokenExpression [0;39m [2m:[0;39m [THYMELEAF][http-nio-8080-exec-9] Evaluating generic token: "tag"
[2m2024-09-05T20:09:47.226+09:00[0;39m [32mTRACE[0;39m [35m15828[0;39m [2m---[0;39m [2m[kadai_002] [nio-8080-exec-9][0;39m [2m[0;39m[36morg.thymeleaf.TemplateEngine            [0;39m [2m:[0;39m [THYMELEAF][http-nio-8080-exec-9] FINISHED PROCESS AND OUTPUT OF TEMPLATE "membership/info" WITH LOCALE ja
[2m2024-09-05T20:09:47.226+09:00[0;39m [32mTRACE[0;39m [35m15828[0;39m [2m---[0;39m [2m[kadai_002] [nio-8080-exec-9][0;39m [2m[0;39m[36morg.thymeleaf.TemplateEngine.TIMER      [0;39m [2m:[0;39m [THYMELEAF][http-nio-8080-exec-9][membership/info][ja][3917000][4] TEMPLATE "membership/info" WITH LOCALE ja PROCESSED IN 3917000 nanoseconds (approx. 4ms)
[2m2024-09-05T20:09:47.227+09:00[0;39m [32mDEBUG[0;39m [35m15828[0;39m [2m---[0;39m [2m[kadai_002] [nio-8080-exec-9][0;39m [2m[0;39m[36mo.j.s.OpenEntityManagerInViewInterceptor[0;39m [2m:[0;39m Closing JPA EntityManager in OpenEntityManagerInViewInterceptor
[2m2024-09-05T20:09:47.227+09:00[0;39m [32mDEBUG[0;39m [35m15828[0;39m [2m---[0;39m [2m[kadai_002] [nio-8080-exec-9][0;39m [2m[0;39m[36mo.s.web.servlet.DispatcherServlet       [0;39m [2m:[0;39m Completed 200 OK
[2m2024-09-05T20:09:47.249+09:00[0;39m [32mDEBUG[0;39m [35m15828[0;39m [2m---[0;39m [2m[kadai_002] [nio-8080-exec-8][0;39m [2m[0;39m[36mo.s.security.web.FilterChainProxy       [0;39m [2m:[0;39m Securing GET /images/NAGOYAMESHI.png
[2m2024-09-05T20:09:47.249+09:00[0;39m [32mDEBUG[0;39m [35m15828[0;39m [2m---[0;39m [2m[kadai_002] [nio-8080-exec-8][0;39m [2m[0;39m[36mo.s.security.web.FilterChainProxy       [0;39m [2m:[0;39m Secured GET /images/NAGOYAMESHI.png
[2m2024-09-05T20:09:47.249+09:00[0;39m [32mDEBUG[0;39m [35m15828[0;39m [2m---[0;39m [2m[kadai_002] [nio-8080-exec-8][0;39m [2m[0;39m[36mo.s.web.servlet.DispatcherServlet       [0;39m [2m:[0;39m GET "/images/NAGOYAMESHI.png", parameters={}
[2m2024-09-05T20:09:47.249+09:00[0;39m [32mDEBUG[0;39m [35m15828[0;39m [2m---[0;39m [2m[kadai_002] [io-8080-exec-10][0;39m [2m[0;39m[36mo.s.security.web.FilterChainProxy       [0;39m [2m:[0;39m Securing GET /css/style.css
[2m2024-09-05T20:09:47.249+09:00[0;39m [32mDEBUG[0;39m [35m15828[0;39m [2m---[0;39m [2m[kadai_002] [io-8080-exec-10][0;39m [2m[0;39m[36mo.s.security.web.FilterChainProxy       [0;39m [2m:[0;39m Secured GET /css/style.css
[2m2024-09-05T20:09:47.250+09:00[0;39m [32mDEBUG[0;39m [35m15828[0;39m [2m---[0;39m [2m[kadai_002] [io-8080-exec-10][0;39m [2m[0;39m[36mo.s.web.servlet.DispatcherServlet       [0;39m [2m:[0;39m GET "/css/style.css", parameters={}
[2m2024-09-05T20:09:47.250+09:00[0;39m [32mDEBUG[0;39m [35m15828[0;39m [2m---[0;39m [2m[kadai_002] [nio-8080-exec-8][0;39m [2m[0;39m[36mo.s.w.s.handler.SimpleUrlHandlerMapping [0;39m [2m:[0;39m Mapped to ResourceHttpRequestHandler [classpath [META-INF/resources/], classpath [resources/], classpath [static/], classpath [public/], ServletContext [/]]
[2m2024-09-05T20:09:47.250+09:00[0;39m [32mDEBUG[0;39m [35m15828[0;39m [2m---[0;39m [2m[kadai_002] [nio-8080-exec-8][0;39m [2m[0;39m[36mo.j.s.OpenEntityManagerInViewInterceptor[0;39m [2m:[0;39m Opening JPA EntityManager in OpenEntityManagerInViewInterceptor
[2m2024-09-05T20:09:47.251+09:00[0;39m [32mDEBUG[0;39m [35m15828[0;39m [2m---[0;39m [2m[kadai_002] [nio-8080-exec-8][0;39m [2m[0;39m[36mo.j.s.OpenEntityManagerInViewInterceptor[0;39m [2m:[0;39m Closing JPA EntityManager in OpenEntityManagerInViewInterceptor
[2m2024-09-05T20:09:47.251+09:00[0;39m [32mDEBUG[0;39m [35m15828[0;39m [2m---[0;39m [2m[kadai_002] [io-8080-exec-10][0;39m [2m[0;39m[36mo.s.w.s.handler.SimpleUrlHandlerMapping [0;39m [2m:[0;39m Mapped to ResourceHttpRequestHandler [classpath [META-INF/resources/], classpath [resources/], classpath [static/], classpath [public/], ServletContext [/]]
[2m2024-09-05T20:09:47.251+09:00[0;39m [32mDEBUG[0;39m [35m15828[0;39m [2m---[0;39m [2m[kadai_002] [nio-8080-exec-8][0;39m [2m[0;39m[36mo.s.web.servlet.DispatcherServlet       [0;39m [2m:[0;39m Completed 200 OK
[2m2024-09-05T20:09:47.251+09:00[0;39m [32mDEBUG[0;39m [35m15828[0;39m [2m---[0;39m [2m[kadai_002] [io-8080-exec-10][0;39m [2m[0;39m[36mo.j.s.OpenEntityManagerInViewInterceptor[0;39m [2m:[0;39m Opening JPA EntityManager in OpenEntityManagerInViewInterceptor
[2m2024-09-05T20:09:47.251+09:00[0;39m [32mDEBUG[0;39m [35m15828[0;39m [2m---[0;39m [2m[kadai_002] [nio-8080-exec-8][0;39m [2m[0;39m[36mw.c.HttpSessionSecurityContextRepository[0;39m [2m:[0;39m Retrieved SecurityContextImpl [Authentication=UsernamePasswordAuthenticationToken [Principal=com.example.kadai_002.security.UserDetailsImpl@70afe68d, Credentials=[PROTECTED], Authenticated=true, Details=WebAuthenticationDetails [RemoteIpAddress=0:0:0:0:0:0:0:1, SessionId=CAA5349F37DA0779EA2D0473069047ED], Granted Authorities=[ROLE_GENERAL]]]
[2m2024-09-05T20:09:47.252+09:00[0;39m [32mDEBUG[0;39m [35m15828[0;39m [2m---[0;39m [2m[kadai_002] [io-8080-exec-10][0;39m [2m[0;39m[36mo.j.s.OpenEntityManagerInViewInterceptor[0;39m [2m:[0;39m Closing JPA EntityManager in OpenEntityManagerInViewInterceptor
[2m2024-09-05T20:09:47.252+09:00[0;39m [32mDEBUG[0;39m [35m15828[0;39m [2m---[0;39m [2m[kadai_002] [io-8080-exec-10][0;39m [2m[0;39m[36mo.s.web.servlet.DispatcherServlet       [0;39m [2m:[0;39m Completed 200 OK
[2m2024-09-05T20:09:47.253+09:00[0;39m [32mDEBUG[0;39m [35m15828[0;39m [2m---[0;39m [2m[kadai_002] [io-8080-exec-10][0;39m [2m[0;39m[36mw.c.HttpSessionSecurityContextRepository[0;39m [2m:[0;39m Retrieved SecurityContextImpl [Authentication=UsernamePasswordAuthenticationToken [Principal=com.example.kadai_002.security.UserDetailsImpl@70afe68d, Credentials=[PROTECTED], Authenticated=true, Details=WebAuthenticationDetails [RemoteIpAddress=0:0:0:0:0:0:0:1, SessionId=CAA5349F37DA0779EA2D0473069047ED], Granted Authorities=[ROLE_GENERAL]]]
