[2m2024-09-02T19:21:25.893+09:00[0;39m [32mTRACE[0;39m [35m79264[0;39m [2m---[0;39m [2m[kadai_002] [nio-8080-exec-7][0;39m [2m[0;39m[36mo.t.s.e.SPELVariableExpressionEvaluator [0;39m [2m:[0;39m [THYMELEAF][http-nio-8080-exec-7] SpringEL expression: evaluating expression "store.getImageName()" on target
[2m2024-09-02T19:21:25.893+09:00[0;39m [32mTRACE[0;39m [35m79264[0;39m [2m---[0;39m [2m[kadai_002] [nio-8080-exec-7][0;39m [2m[0;39m[36mo.t.T.cache.EXPRESSION_CACHE            [0;39m [2m:[0;39m [THYMELEAF][http-nio-8080-exec-7][EXPRESSION_CACHE][CACHE_HIT] Cache hit in cache "EXPRESSION_CACHE" for key "expr|${store.getImageName()}".
[2m2024-09-02T19:21:25.893+09:00[0;39m [32mTRACE[0;39m [35m79264[0;39m [2m---[0;39m [2m[kadai_002] [nio-8080-exec-7][0;39m [2m[0;39m[36mo.t.s.expression.VariableExpression     [0;39m [2m:[0;39m [THYMELEAF][http-nio-8080-exec-7] Evaluating variable expression: "${store.getImageName()}"
[2m2024-09-02T19:21:25.893+09:00[0;39m [32mTRACE[0;39m [35m79264[0;39m [2m---[0;39m [2m[kadai_002] [nio-8080-exec-7][0;39m [2m[0;39m[36mo.t.s.e.SPELVariableExpressionEvaluator [0;39m [2m:[0;39m [THYMELEAF][http-nio-8080-exec-7] SpringEL expression: evaluating expression "store.getImageName()" on target
[2m2024-09-02T19:21:25.894+09:00[0;39m [32mTRACE[0;39m [35m79264[0;39m [2m---[0;39m [2m[kadai_002] [nio-8080-exec-7][0;39m [2m[0;39m[36mo.t.T.cache.EXPRESSION_CACHE            [0;39m [2m:[0;39m [THYMELEAF][http-nio-8080-exec-7][EXPRESSION_CACHE][CACHE_HIT] Cache hit in cache "EXPRESSION_CACHE" for key "expr|@{/storage/teppanspa.jpg}".
[2m2024-09-02T19:21:25.894+09:00[0;39m [32mTRACE[0;39m [35m79264[0;39m [2m---[0;39m [2m[kadai_002] [nio-8080-exec-7][0;39m [2m[0;39m[36mo.t.standard.expression.LinkExpression  [0;39m [2m:[0;39m [THYMELEAF][http-nio-8080-exec-7] Evaluating link: "@{'/storage/teppanspa.jpg'}"
[2m2024-09-02T19:21:25.894+09:00[0;39m [32mTRACE[0;39m [35m79264[0;39m [2m---[0;39m [2m[kadai_002] [nio-8080-exec-7][0;39m [2m[0;39m[36mo.t.s.expression.TextLiteralExpression  [0;39m [2m:[0;39m [THYMELEAF][http-nio-8080-exec-7] Evaluating text literal: "'/storage/teppanspa.jpg'"
[2m2024-09-02T19:21:25.894+09:00[0;39m [32mTRACE[0;39m [35m79264[0;39m [2m---[0;39m [2m[kadai_002] [nio-8080-exec-7][0;39m [2m[0;39m[36mo.t.T.cache.EXPRESSION_CACHE            [0;39m [2m:[0;39m [THYMELEAF][http-nio-8080-exec-7][EXPRESSION_CACHE][CACHE_HIT] Cache hit in cache "EXPRESSION_CACHE" for key "expr|${store.getImageName()}".
[2m2024-09-02T19:21:25.894+09:00[0;39m [32mTRACE[0;39m [35m79264[0;39m [2m---[0;39m [2m[kadai_002] [nio-8080-exec-7][0;39m [2m[0;39m[36mo.t.s.expression.VariableExpression     [0;39m [2m:[0;39m [THYMELEAF][http-nio-8080-exec-7] Evaluating variable expression: "${store.getImageName()}"
[2m2024-09-02T19:21:25.894+09:00[0;39m [32mTRACE[0;39m [35m79264[0;39m [2m---[0;39m [2m[kadai_002] [nio-8080-exec-7][0;39m [2m[0;39m[36mo.t.s.e.SPELVariableExpressionEvaluator [0;39m [2m:[0;39m [THYMELEAF][http-nio-8080-exec-7] SpringEL expression: evaluating expression "store.getImageName()" on target
[2m2024-09-02T19:21:25.894+09:00[0;39m [32mTRACE[0;39m [35m79264[0;39m [2m---[0;39m [2m[kadai_002] [nio-8080-exec-7][0;39m [2m[0;39m[36mo.t.T.cache.EXPRESSION_CACHE            [0;39m [2m:[0;39m [THYMELEAF][http-nio-8080-exec-7][EXPRESSION_CACHE][CACHE_HIT] Cache hit in cache "EXPRESSION_CACHE" for key "expr|${store.getName()}".
[2m2024-09-02T19:21:25.894+09:00[0;39m [32mTRACE[0;39m [35m79264[0;39m [2m---[0;39m [2m[kadai_002] [nio-8080-exec-7][0;39m [2m[0;39m[36mo.t.s.expression.VariableExpression     [0;39m [2m:[0;39m [THYMELEAF][http-nio-8080-exec-7] Evaluating variable expression: "${store.getName()}"
[2m2024-09-02T19:21:25.894+09:00[0;39m [32mTRACE[0;39m [35m79264[0;39m [2m---[0;39m [2m[kadai_002] [nio-8080-exec-7][0;39m [2m[0;39m[36mo.t.s.e.SPELVariableExpressionEvaluator [0;39m [2m:[0;39m [THYMELEAF][http-nio-8080-exec-7] SpringEL expression: evaluating expression "store.getName()" on target
[2m2024-09-02T19:21:25.894+09:00[0;39m [32mTRACE[0;39m [35m79264[0;39m [2m---[0;39m [2m[kadai_002] [nio-8080-exec-7][0;39m [2m[0;39m[36mo.t.T.cache.EXPRESSION_CACHE            [0;39m [2m:[0;39m [THYMELEAF][http-nio-8080-exec-7][EXPRESSION_CACHE][CACHE_HIT] Cache hit in cache "EXPRESSION_CACHE" for key "expr|${store.getDescription()}".
[2m2024-09-02T19:21:25.894+09:00[0;39m [32mTRACE[0;39m [35m79264[0;39m [2m---[0;39m [2m[kadai_002] [nio-8080-exec-7][0;39m [2m[0;39m[36mo.t.s.expression.VariableExpression     [0;39m [2m:[0;39m [THYMELEAF][http-nio-8080-exec-7] Evaluating variable expression: "${store.getDescription()}"
[2m2024-09-02T19:21:25.894+09:00[0;39m [32mTRACE[0;39m [35m79264[0;39m [2m---[0;39m [2m[kadai_002] [nio-8080-exec-7][0;39m [2m[0;39m[36mo.t.s.e.SPELVariableExpressionEvaluator [0;39m [2m:[0;39m [THYMELEAF][http-nio-8080-exec-7] SpringEL expression: evaluating expression "store.getDescription()" on target
[2m2024-09-02T19:21:25.894+09:00[0;39m [32mTRACE[0;39m [35m79264[0;39m [2m---[0;39m [2m[kadai_002] [nio-8080-exec-7][0;39m [2m[0;39m[36mo.t.T.cache.EXPRESSION_CACHE            [0;39m [2m:[0;39m [THYMELEAF][http-nio-8080-exec-7][EXPRESSION_CACHE][CACHE_HIT] Cache hit in cache "EXPRESSION_CACHE" for key "expr|${#temporals.format(store.getOpeningHours(), 'HH:mm')}".
[2m2024-09-02T19:21:25.894+09:00[0;39m [32mTRACE[0;39m [35m79264[0;39m [2m---[0;39m [2m[kadai_002] [nio-8080-exec-7][0;39m [2m[0;39m[36mo.t.s.expression.VariableExpression     [0;39m [2m:[0;39m [THYMELEAF][http-nio-8080-exec-7] Evaluating variable expression: "${#temporals.format(store.getOpeningHours(), 'HH:mm')}"
[2m2024-09-02T19:21:25.894+09:00[0;39m [32mTRACE[0;39m [35m79264[0;39m [2m---[0;39m [2m[kadai_002] [nio-8080-exec-7][0;39m [2m[0;39m[36mo.t.s.e.SPELVariableExpressionEvaluator [0;39m [2m:[0;39m [THYMELEAF][http-nio-8080-exec-7] SpringEL expression: evaluating expression "#temporals.format(store.getOpeningHours(), 'HH:mm')" on target
[2m2024-09-02T19:21:25.894+09:00[0;39m [32mTRACE[0;39m [35m79264[0;39m [2m---[0;39m [2m[kadai_002] [nio-8080-exec-7][0;39m [2m[0;39m[36mo.t.T.cache.EXPRESSION_CACHE            [0;39m [2m:[0;39m [THYMELEAF][http-nio-8080-exec-7][EXPRESSION_CACHE][CACHE_HIT] Cache hit in cache "EXPRESSION_CACHE" for key "expr|${#temporals.format(store.getClosingTime(), 'HH:mm')}".
[2m2024-09-02T19:21:25.894+09:00[0;39m [32mTRACE[0;39m [35m79264[0;39m [2m---[0;39m [2m[kadai_002] [nio-8080-exec-7][0;39m [2m[0;39m[36mo.t.s.expression.VariableExpression     [0;39m [2m:[0;39m [THYMELEAF][http-nio-8080-exec-7] Evaluating variable expression: "${#temporals.format(store.getClosingTime(), 'HH:mm')}"
[2m2024-09-02T19:21:25.894+09:00[0;39m [32mTRACE[0;39m [35m79264[0;39m [2m---[0;39m [2m[kadai_002] [nio-8080-exec-7][0;39m [2m[0;39m[36mo.t.s.e.SPELVariableExpressionEvaluator [0;39m [2m:[0;39m [THYMELEAF][http-nio-8080-exec-7] SpringEL expression: evaluating expression "#temporals.format(store.getClosingTime(), 'HH:mm')" on target
[2m2024-09-02T19:21:25.894+09:00[0;39m [32mTRACE[0;39m [35m79264[0;39m [2m---[0;39m [2m[kadai_002] [nio-8080-exec-7][0;39m [2m[0;39m[36mo.t.T.cache.EXPRESSION_CACHE            [0;39m [2m:[0;39m [THYMELEAF][http-nio-8080-exec-7][EXPRESSION_CACHE][CACHE_HIT] Cache hit in cache "EXPRESSION_CACHE" for key "expr|${store.getPostalCode()}".
[2m2024-09-02T19:21:25.894+09:00[0;39m [32mTRACE[0;39m [35m79264[0;39m [2m---[0;39m [2m[kadai_002] [nio-8080-exec-7][0;39m [2m[0;39m[36mo.t.s.expression.VariableExpression     [0;39m [2m:[0;39m [THYMELEAF][http-nio-8080-exec-7] Evaluating variable expression: "${store.getPostalCode()}"
[2m2024-09-02T19:21:25.894+09:00[0;39m [32mTRACE[0;39m [35m79264[0;39m [2m---[0;39m [2m[kadai_002] [nio-8080-exec-7][0;39m [2m[0;39m[36mo.t.s.e.SPELVariableExpressionEvaluator [0;39m [2m:[0;39m [THYMELEAF][http-nio-8080-exec-7] SpringEL expression: evaluating expression "store.getPostalCode()" on target
[2m2024-09-02T19:21:25.894+09:00[0;39m [32mTRACE[0;39m [35m79264[0;39m [2m---[0;39m [2m[kadai_002] [nio-8080-exec-7][0;39m [2m[0;39m[36mo.t.T.cache.EXPRESSION_CACHE            [0;39m [2m:[0;39m [THYMELEAF][http-nio-8080-exec-7][EXPRESSION_CACHE][CACHE_HIT] Cache hit in cache "EXPRESSION_CACHE" for key "expr|${store.getAddress()}".
[2m2024-09-02T19:21:25.894+09:00[0;39m [32mTRACE[0;39m [35m79264[0;39m [2m---[0;39m [2m[kadai_002] [nio-8080-exec-7][0;39m [2m[0;39m[36mo.t.s.expression.VariableExpression     [0;39m [2m:[0;39m [THYMELEAF][http-nio-8080-exec-7] Evaluating variable expression: "${store.getAddress()}"
[2m2024-09-02T19:21:25.894+09:00[0;39m [32mTRACE[0;39m [35m79264[0;39m [2m---[0;39m [2m[kadai_002] [nio-8080-exec-7][0;39m [2m[0;39m[36mo.t.s.e.SPELVariableExpressionEvaluator [0;39m [2m:[0;39m [THYMELEAF][http-nio-8080-exec-7] SpringEL expression: evaluating expression "store.getAddress()" on target
[2m2024-09-02T19:21:25.894+09:00[0;39m [32mTRACE[0;39m [35m79264[0;39m [2m---[0;39m [2m[kadai_002] [nio-8080-exec-7][0;39m [2m[0;39m[36mo.t.T.cache.EXPRESSION_CACHE            [0;39m [2m:[0;39m [THYMELEAF][http-nio-8080-exec-7][EXPRESSION_CACHE][CACHE_HIT] Cache hit in cache "EXPRESSION_CACHE" for key "expr|${store.getPhoneNumber()}".
[2m2024-09-02T19:21:25.894+09:00[0;39m [32mTRACE[0;39m [35m79264[0;39m [2m---[0;39m [2m[kadai_002] [nio-8080-exec-7][0;39m [2m[0;39m[36mo.t.s.expression.VariableExpression     [0;39m [2m:[0;39m [THYMELEAF][http-nio-8080-exec-7] Evaluating variable expression: "${store.getPhoneNumber()}"
[2m2024-09-02T19:21:25.894+09:00[0;39m [32mTRACE[0;39m [35m79264[0;39m [2m---[0;39m [2m[kadai_002] [nio-8080-exec-7][0;39m [2m[0;39m[36mo.t.s.e.SPELVariableExpressionEvaluator [0;39m [2m:[0;39m [THYMELEAF][http-nio-8080-exec-7] SpringEL expression: evaluating expression "store.getPhoneNumber()" on target
[2m2024-09-02T19:21:25.894+09:00[0;39m [32mTRACE[0;39m [35m79264[0;39m [2m---[0;39m [2m[kadai_002] [nio-8080-exec-7][0;39m [2m[0;39m[36mo.t.T.cache.EXPRESSION_CACHE            [0;39m [2m:[0;39m [THYMELEAF][http-nio-8080-exec-7][EXPRESSION_CACHE][CACHE_HIT] Cache hit in cache "EXPRESSION_CACHE" for key "expr|${store.getClosedDay()}".
[2m2024-09-02T19:21:25.894+09:00[0;39m [32mTRACE[0;39m [35m79264[0;39m [2m---[0;39m [2m[kadai_002] [nio-8080-exec-7][0;39m [2m[0;39m[36mo.t.s.expression.VariableExpression     [0;39m [2m:[0;39m [THYMELEAF][http-nio-8080-exec-7] Evaluating variable expression: "${store.getClosedDay()}"
[2m2024-09-02T19:21:25.894+09:00[0;39m [32mTRACE[0;39m [35m79264[0;39m [2m---[0;39m [2m[kadai_002] [nio-8080-exec-7][0;39m [2m[0;39m[36mo.t.s.e.SPELVariableExpressionEvaluator [0;39m [2m:[0;39m [THYMELEAF][http-nio-8080-exec-7] SpringEL expression: evaluating expression "store.getClosedDay()" on target
[2m2024-09-02T19:21:25.894+09:00[0;39m [32mTRACE[0;39m [35m79264[0;39m [2m---[0;39m [2m[kadai_002] [nio-8080-exec-7][0;39m [2m[0;39m[36mo.t.T.cache.EXPRESSION_CACHE            [0;39m [2m:[0;39m [THYMELEAF][http-nio-8080-exec-7][EXPRESSION_CACHE][CACHE_HIT] Cache hit in cache "EXPRESSION_CACHE" for key "expr|${store.getCategory().getName()}".
[2m2024-09-02T19:21:25.894+09:00[0;39m [32mTRACE[0;39m [35m79264[0;39m [2m---[0;39m [2m[kadai_002] [nio-8080-exec-7][0;39m [2m[0;39m[36mo.t.s.expression.VariableExpression     [0;39m [2m:[0;39m [THYMELEAF][http-nio-8080-exec-7] Evaluating variable expression: "${store.getCategory().getName()}"
[2m2024-09-02T19:21:25.894+09:00[0;39m [32mTRACE[0;39m [35m79264[0;39m [2m---[0;39m [2m[kadai_002] [nio-8080-exec-7][0;39m [2m[0;39m[36mo.t.s.e.SPELVariableExpressionEvaluator [0;39m [2m:[0;39m [THYMELEAF][http-nio-8080-exec-7] SpringEL expression: evaluating expression "store.getCategory().getName()" on target
[2m2024-09-02T19:21:25.894+09:00[0;39m [32mTRACE[0;39m [35m79264[0;39m [2m---[0;39m [2m[kadai_002] [nio-8080-exec-7][0;39m [2m[0;39m[36mo.t.T.cache.EXPRESSION_CACHE            [0;39m [2m:[0;39m [THYMELEAF][http-nio-8080-exec-7][EXPRESSION_CACHE][CACHE_HIT] Cache hit in cache "EXPRESSION_CACHE" for key "each|review : ${reviews}".
[2m2024-09-02T19:21:25.894+09:00[0;39m [32mTRACE[0;39m [35m79264[0;39m [2m---[0;39m [2m[kadai_002] [nio-8080-exec-7][0;39m [2m[0;39m[36mo.t.s.expression.GenericTokenExpression [0;39m [2m:[0;39m [THYMELEAF][http-nio-8080-exec-7] Evaluating generic token: "review"
[2m2024-09-02T19:21:25.894+09:00[0;39m [32mTRACE[0;39m [35m79264[0;39m [2m---[0;39m [2m[kadai_002] [nio-8080-exec-7][0;39m [2m[0;39m[36mo.t.s.expression.VariableExpression     [0;39m [2m:[0;39m [THYMELEAF][http-nio-8080-exec-7] Evaluating variable expression: "${reviews}"
[2m2024-09-02T19:21:25.894+09:00[0;39m [32mTRACE[0;39m [35m79264[0;39m [2m---[0;39m [2m[kadai_002] [nio-8080-exec-7][0;39m [2m[0;39m[36mo.t.s.e.SPELVariableExpressionEvaluator [0;39m [2m:[0;39m [THYMELEAF][http-nio-8080-exec-7] SpringEL expression: evaluating expression "reviews" on target
[2m2024-09-02T19:21:25.894+09:00[0;39m [32mTRACE[0;39m [35m79264[0;39m [2m---[0;39m [2m[kadai_002] [nio-8080-exec-7][0;39m [2m[0;39m[36mo.t.e.springsecurity6.auth.AuthUtils    [0;39m [2m:[0;39m [THYMELEAF][http-nio-8080-exec-7] Obtaining authentication object.
[2m2024-09-02T19:21:25.894+09:00[0;39m [32mTRACE[0;39m [35m79264[0;39m [2m---[0;39m [2m[kadai_002] [nio-8080-exec-7][0;39m [2m[0;39m[36mo.t.e.springsecurity6.auth.AuthUtils    [0;39m [2m:[0;39m [THYMELEAF][http-nio-8080-exec-7] Authentication object of class org.springframework.security.authentication.UsernamePasswordAuthenticationToken found in context for user "taro.samurai@example.com".
[2m2024-09-02T19:21:25.894+09:00[0;39m [32mTRACE[0;39m [35m79264[0;39m [2m---[0;39m [2m[kadai_002] [nio-8080-exec-7][0;39m [2m[0;39m[36mo.t.e.springsecurity6.auth.AuthUtils    [0;39m [2m:[0;39m [THYMELEAF][http-nio-8080-exec-7] Checking authorization using access expression "isAnonymous()" for user "taro.samurai@example.com".
[2m2024-09-02T19:21:25.894+09:00[0;39m [32mTRACE[0;39m [35m79264[0;39m [2m---[0;39m [2m[kadai_002] [nio-8080-exec-7][0;39m [2m[0;39m[36mo.t.e.springsecurity6.auth.AuthUtils    [0;39m [2m:[0;39m [THYMELEAF][http-nio-8080-exec-7] Checked authorization using access expression "isAnonymous()" for user "taro.samurai@example.com". Access DENIED.
[2m2024-09-02T19:21:25.895+09:00[0;39m [32mTRACE[0;39m [35m79264[0;39m [2m---[0;39m [2m[kadai_002] [nio-8080-exec-7][0;39m [2m[0;39m[36mo.t.e.springsecurity6.auth.AuthUtils    [0;39m [2m:[0;39m [THYMELEAF][http-nio-8080-exec-7] Obtaining authentication object.
[2m2024-09-02T19:21:25.895+09:00[0;39m [32mTRACE[0;39m [35m79264[0;39m [2m---[0;39m [2m[kadai_002] [nio-8080-exec-7][0;39m [2m[0;39m[36mo.t.e.springsecurity6.auth.AuthUtils    [0;39m [2m:[0;39m [THYMELEAF][http-nio-8080-exec-7] Authentication object of class org.springframework.security.authentication.UsernamePasswordAuthenticationToken found in context for user "taro.samurai@example.com".
[2m2024-09-02T19:21:25.895+09:00[0;39m [32mTRACE[0;39m [35m79264[0;39m [2m---[0;39m [2m[kadai_002] [nio-8080-exec-7][0;39m [2m[0;39m[36mo.t.e.springsecurity6.auth.AuthUtils    [0;39m [2m:[0;39m [THYMELEAF][http-nio-8080-exec-7] Checking authorization using access expression "isAuthenticated()" for user "taro.samurai@example.com".
[2m2024-09-02T19:21:25.895+09:00[0;39m [32mTRACE[0;39m [35m79264[0;39m [2m---[0;39m [2m[kadai_002] [nio-8080-exec-7][0;39m [2m[0;39m[36mo.t.e.springsecurity6.auth.AuthUtils    [0;39m [2m:[0;39m [THYMELEAF][http-nio-8080-exec-7] Checked authorization using access expression "isAuthenticated()" for user "taro.samurai@example.com". Access GRANTED.
[2m2024-09-02T19:21:25.895+09:00[0;39m [32mTRACE[0;39m [35m79264[0;39m [2m---[0;39m [2m[kadai_002] [nio-8080-exec-7][0;39m [2m[0;39m[36mo.t.T.cache.EXPRESSION_CACHE            [0;39m [2m:[0;39m [THYMELEAF][http-nio-8080-exec-7][EXPRESSION_CACHE][CACHE_HIT] Cache hit in cache "EXPRESSION_CACHE" for key "expr|${reservationInputForm}".
[2m2024-09-02T19:21:25.895+09:00[0;39m [32mTRACE[0;39m [35m79264[0;39m [2m---[0;39m [2m[kadai_002] [nio-8080-exec-7][0;39m [2m[0;39m[36mo.t.s.expression.VariableExpression     [0;39m [2m:[0;39m [THYMELEAF][http-nio-8080-exec-7] Evaluating variable expression: "${reservationInputForm}"
[2m2024-09-02T19:21:25.895+09:00[0;39m [32mTRACE[0;39m [35m79264[0;39m [2m---[0;39m [2m[kadai_002] [nio-8080-exec-7][0;39m [2m[0;39m[36mo.t.s.e.SPELVariableExpressionEvaluator [0;39m [2m:[0;39m [THYMELEAF][http-nio-8080-exec-7] SpringEL expression: evaluating expression "reservationInputForm" on target
[2m2024-09-02T19:21:25.895+09:00[0;39m [32mTRACE[0;39m [35m79264[0;39m [2m---[0;39m [2m[kadai_002] [nio-8080-exec-7][0;39m [2m[0;39m[36mo.t.T.cache.EXPRESSION_CACHE            [0;39m [2m:[0;39m [THYMELEAF][http-nio-8080-exec-7][EXPRESSION_CACHE][CACHE_HIT] Cache hit in cache "EXPRESSION_CACHE" for key "expr|${store.getId()}".
[2m2024-09-02T19:21:25.895+09:00[0;39m [32mTRACE[0;39m [35m79264[0;39m [2m---[0;39m [2m[kadai_002] [nio-8080-exec-7][0;39m [2m[0;39m[36mo.t.s.expression.VariableExpression     [0;39m [2m:[0;39m [THYMELEAF][http-nio-8080-exec-7] Evaluating variable expression: "${store.getId()}"
[2m2024-09-02T19:21:25.895+09:00[0;39m [32mTRACE[0;39m [35m79264[0;39m [2m---[0;39m [2m[kadai_002] [nio-8080-exec-7][0;39m [2m[0;39m[36mo.t.s.e.SPELVariableExpressionEvaluator [0;39m [2m:[0;39m [THYMELEAF][http-nio-8080-exec-7] SpringEL expression: evaluating expression "store.getId()" on target
[2m2024-09-02T19:21:25.895+09:00[0;39m [32mTRACE[0;39m [35m79264[0;39m [2m---[0;39m [2m[kadai_002] [nio-8080-exec-7][0;39m [2m[0;39m[36mo.t.T.cache.EXPRESSION_CACHE            [0;39m [2m:[0;39m [THYMELEAF][http-nio-8080-exec-7][EXPRESSION_CACHE][CACHE_HIT] Cache hit in cache "EXPRESSION_CACHE" for key "expr|@{/stores/39/reviews/input}".
[2m2024-09-02T19:21:25.895+09:00[0;39m [32mTRACE[0;39m [35m79264[0;39m [2m---[0;39m [2m[kadai_002] [nio-8080-exec-7][0;39m [2m[0;39m[36mo.t.standard.expression.LinkExpression  [0;39m [2m:[0;39m [THYMELEAF][http-nio-8080-exec-7] Evaluating link: "@{'/stores/39/reviews/input'}"
[2m2024-09-02T19:21:25.895+09:00[0;39m [32mTRACE[0;39m [35m79264[0;39m [2m---[0;39m [2m[kadai_002] [nio-8080-exec-7][0;39m [2m[0;39m[36mo.t.s.expression.TextLiteralExpression  [0;39m [2m:[0;39m [THYMELEAF][http-nio-8080-exec-7] Evaluating text literal: "'/stores/39/reviews/input'"
[2m2024-09-02T19:21:25.895+09:00[0;39m [32mTRACE[0;39m [35m79264[0;39m [2m---[0;39m [2m[kadai_002] [nio-8080-exec-7][0;39m [2m[0;39m[36mo.t.T.cache.EXPRESSION_CACHE            [0;39m [2m:[0;39m [THYMELEAF][http-nio-8080-exec-7][EXPRESSION_CACHE][CACHE_HIT] Cache hit in cache "EXPRESSION_CACHE" for key "expr|${reviewRegisterForm}".
[2m2024-09-02T19:21:25.895+09:00[0;39m [32mTRACE[0;39m [35m79264[0;39m [2m---[0;39m [2m[kadai_002] [nio-8080-exec-7][0;39m [2m[0;39m[36mo.t.s.expression.VariableExpression     [0;39m [2m:[0;39m [THYMELEAF][http-nio-8080-exec-7] Evaluating variable expression: "${reviewRegisterForm}"
[2m2024-09-02T19:21:25.895+09:00[0;39m [32mTRACE[0;39m [35m79264[0;39m [2m---[0;39m [2m[kadai_002] [nio-8080-exec-7][0;39m [2m[0;39m[36mo.t.s.e.SPELVariableExpressionEvaluator [0;39m [2m:[0;39m [THYMELEAF][http-nio-8080-exec-7] SpringEL expression: evaluating expression "reviewRegisterForm" on target
[2m2024-09-02T19:21:25.895+09:00[0;39m [32mTRACE[0;39m [35m79264[0;39m [2m---[0;39m [2m[kadai_002] [nio-8080-exec-7][0;39m [2m[0;39m[36mo.t.T.cache.EXPRESSION_CACHE            [0;39m [2m:[0;39m [THYMELEAF][http-nio-8080-exec-7][EXPRESSION_CACHE][CACHE_HIT] Cache hit in cache "EXPRESSION_CACHE" for key "expr|@{/reviews/create}".
[2m2024-09-02T19:21:25.895+09:00[0;39m [32mTRACE[0;39m [35m79264[0;39m [2m---[0;39m [2m[kadai_002] [nio-8080-exec-7][0;39m [2m[0;39m[36mo.t.standard.expression.LinkExpression  [0;39m [2m:[0;39m [THYMELEAF][http-nio-8080-exec-7] Evaluating link: "@{'/reviews/create'}"
[2m2024-09-02T19:21:25.895+09:00[0;39m [32mTRACE[0;39m [35m79264[0;39m [2m---[0;39m [2m[kadai_002] [nio-8080-exec-7][0;39m [2m[0;39m[36mo.t.s.expression.TextLiteralExpression  [0;39m [2m:[0;39m [THYMELEAF][http-nio-8080-exec-7] Evaluating text literal: "'/reviews/create'"
[2m2024-09-02T19:21:25.895+09:00[0;39m [32mTRACE[0;39m [35m79264[0;39m [2m---[0;39m [2m[kadai_002] [nio-8080-exec-7][0;39m [2m[0;39m[36mo.t.T.cache.EXPRESSION_CACHE            [0;39m [2m:[0;39m [THYMELEAF][http-nio-8080-exec-7][EXPRESSION_CACHE][CACHE_HIT] Cache hit in cache "EXPRESSION_CACHE" for key "expr|*{storeId}".
[2m2024-09-02T19:21:25.895+09:00[0;39m [31mERROR[0;39m [35m79264[0;39m [2m---[0;39m [2m[kadai_002] [nio-8080-exec-7][0;39m [2m[0;39m[36morg.thymeleaf.TemplateEngine            [0;39m [2m:[0;39m [THYMELEAF][http-nio-8080-exec-7] Exception processing template "stores/show": An error happened during template parsing (template: "class path resource [templates/stores/show.html]")

org.thymeleaf.exceptions.TemplateInputException: An error happened during template parsing (template: "class path resource [templates/stores/show.html]")
	at org.thymeleaf.templateparser.markup.AbstractMarkupTemplateParser.parse(AbstractMarkupTemplateParser.java:241) ~[thymeleaf-3.1.2.RELEASE.jar:3.1.2.RELEASE]
	at org.thymeleaf.templateparser.markup.AbstractMarkupTemplateParser.parseStandalone(AbstractMarkupTemplateParser.java:100) ~[thymeleaf-3.1.2.RELEASE.jar:3.1.2.RELEASE]
	at org.thymeleaf.engine.TemplateManager.parseAndProcess(TemplateManager.java:666) ~[thymeleaf-3.1.2.RELEASE.jar:3.1.2.RELEASE]
	at org.thymeleaf.TemplateEngine.process(TemplateEngine.java:1103) ~[thymeleaf-3.1.2.RELEASE.jar:3.1.2.RELEASE]
	at org.thymeleaf.TemplateEngine.process(TemplateEngine.java:1077) ~[thymeleaf-3.1.2.RELEASE.jar:3.1.2.RELEASE]
	at org.thymeleaf.spring6.view.ThymeleafView.renderFragment(ThymeleafView.java:372) ~[thymeleaf-spring6-3.1.2.RELEASE.jar:3.1.2.RELEASE]
	at org.thymeleaf.spring6.view.ThymeleafView.render(ThymeleafView.java:192) ~[thymeleaf-spring6-3.1.2.RELEASE.jar:3.1.2.RELEASE]
	at org.springframework.web.servlet.DispatcherServlet.render(DispatcherServlet.java:1431) ~[spring-webmvc-6.1.10.jar:6.1.10]
	at org.springframework.web.servlet.DispatcherServlet.processDispatchResult(DispatcherServlet.java:1167) ~[spring-webmvc-6.1.10.jar:6.1.10]
	at org.springframework.web.servlet.DispatcherServlet.doDispatch(DispatcherServlet.java:1106) ~[spring-webmvc-6.1.10.jar:6.1.10]
	at org.springframework.web.servlet.DispatcherServlet.doService(DispatcherServlet.java:979) ~[spring-webmvc-6.1.10.jar:6.1.10]
	at org.springframework.web.servlet.FrameworkServlet.processRequest(FrameworkServlet.java:1014) ~[spring-webmvc-6.1.10.jar:6.1.10]
	at org.springframework.web.servlet.FrameworkServlet.doGet(FrameworkServlet.java:903) ~[spring-webmvc-6.1.10.jar:6.1.10]
	at jakarta.servlet.http.HttpServlet.service(HttpServlet.java:564) ~[tomcat-embed-core-10.1.25.jar:6.0]
	at org.springframework.web.servlet.FrameworkServlet.service(FrameworkServlet.java:885) ~[spring-webmvc-6.1.10.jar:6.1.10]
	at jakarta.servlet.http.HttpServlet.service(HttpServlet.java:658) ~[tomcat-embed-core-10.1.25.jar:6.0]
	at org.apache.catalina.core.ApplicationFilterChain.internalDoFilter(ApplicationFilterChain.java:195) ~[tomcat-embed-core-10.1.25.jar:10.1.25]
	at org.apache.catalina.core.ApplicationFilterChain.doFilter(ApplicationFilterChain.java:140) ~[tomcat-embed-core-10.1.25.jar:10.1.25]
	at org.apache.tomcat.websocket.server.WsFilter.doFilter(WsFilter.java:51) ~[tomcat-embed-websocket-10.1.25.jar:10.1.25]
	at org.apache.catalina.core.ApplicationFilterChain.internalDoFilter(ApplicationFilterChain.java:164) ~[tomcat-embed-core-10.1.25.jar:10.1.25]
	at org.apache.catalina.core.ApplicationFilterChain.doFilter(ApplicationFilterChain.java:140) ~[tomcat-embed-core-10.1.25.jar:10.1.25]
	at org.springframework.web.filter.CompositeFilter$VirtualFilterChain.doFilter(CompositeFilter.java:108) ~[spring-web-6.1.10.jar:6.1.10]
	at org.springframework.security.web.FilterChainProxy.lambda$doFilterInternal$3(FilterChainProxy.java:231) ~[spring-security-web-6.3.1.jar:6.3.1]
	at org.springframework.security.web.FilterChainProxy$VirtualFilterChain.doFilter(FilterChainProxy.java:365) ~[spring-security-web-6.3.1.jar:6.3.1]
	at org.springframework.security.web.access.intercept.AuthorizationFilter.doFilter(AuthorizationFilter.java:100) ~[spring-security-web-6.3.1.jar:6.3.1]
	at org.springframework.security.web.FilterChainProxy$VirtualFilterChain.doFilter(FilterChainProxy.java:374) ~[spring-security-web-6.3.1.jar:6.3.1]
	at org.springframework.security.web.access.ExceptionTranslationFilter.doFilter(ExceptionTranslationFilter.java:126) ~[spring-security-web-6.3.1.jar:6.3.1]
	at org.springframework.security.web.access.ExceptionTranslationFilter.doFilter(ExceptionTranslationFilter.java:120) ~[spring-security-web-6.3.1.jar:6.3.1]
	at org.springframework.security.web.FilterChainProxy$VirtualFilterChain.doFilter(FilterChainProxy.java:374) ~[spring-security-web-6.3.1.jar:6.3.1]
	at org.springframework.security.web.authentication.AnonymousAuthenticationFilter.doFilter(AnonymousAuthenticationFilter.java:100) ~[spring-security-web-6.3.1.jar:6.3.1]
	at org.springframework.security.web.FilterChainProxy$VirtualFilterChain.doFilter(FilterChainProxy.java:374) ~[spring-security-web-6.3.1.jar:6.3.1]
	at org.springframework.security.web.servletapi.SecurityContextHolderAwareRequestFilter.doFilter(SecurityContextHolderAwareRequestFilter.java:179) ~[spring-security-web-6.3.1.jar:6.3.1]
	at org.springframework.security.web.FilterChainProxy$VirtualFilterChain.doFilter(FilterChainProxy.java:374) ~[spring-security-web-6.3.1.jar:6.3.1]
	at org.springframework.security.web.savedrequest.RequestCacheAwareFilter.doFilter(RequestCacheAwareFilter.java:63) ~[spring-security-web-6.3.1.jar:6.3.1]
	at org.springframework.security.web.FilterChainProxy$VirtualFilterChain.doFilter(FilterChainProxy.java:374) ~[spring-security-web-6.3.1.jar:6.3.1]
	at org.springframework.security.web.authentication.AbstractAuthenticationProcessingFilter.doFilter(AbstractAuthenticationProcessingFilter.java:227) ~[spring-security-web-6.3.1.jar:6.3.1]
	at org.springframework.security.web.authentication.AbstractAuthenticationProcessingFilter.doFilter(AbstractAuthenticationProcessingFilter.java:221) ~[spring-security-web-6.3.1.jar:6.3.1]
	at org.springframework.security.web.FilterChainProxy$VirtualFilterChain.doFilter(FilterChainProxy.java:374) ~[spring-security-web-6.3.1.jar:6.3.1]
	at org.springframework.security.web.authentication.logout.LogoutFilter.doFilter(LogoutFilter.java:107) ~[spring-security-web-6.3.1.jar:6.3.1]
	at org.springframework.security.web.authentication.logout.LogoutFilter.doFilter(LogoutFilter.java:93) ~[spring-security-web-6.3.1.jar:6.3.1]
	at org.springframework.security.web.FilterChainProxy$VirtualFilterChain.doFilter(FilterChainProxy.java:374) ~[spring-security-web-6.3.1.jar:6.3.1]
	at org.springframework.security.web.csrf.CsrfFilter.doFilterInternal(CsrfFilter.java:117) ~[spring-security-web-6.3.1.jar:6.3.1]
	at org.springframework.web.filter.OncePerRequestFilter.doFilter(OncePerRequestFilter.java:116) ~[spring-web-6.1.10.jar:6.1.10]
	at org.springframework.security.web.FilterChainProxy$VirtualFilterChain.doFilter(FilterChainProxy.java:374) ~[spring-security-web-6.3.1.jar:6.3.1]
	at org.springframework.web.filter.CorsFilter.doFilterInternal(CorsFilter.java:91) ~[spring-web-6.1.10.jar:6.1.10]
	at org.springframework.web.filter.OncePerRequestFilter.doFilter(OncePerRequestFilter.java:116) ~[spring-web-6.1.10.jar:6.1.10]
	at org.springframework.security.web.FilterChainProxy$VirtualFilterChain.doFilter(FilterChainProxy.java:374) ~[spring-security-web-6.3.1.jar:6.3.1]
	at org.springframework.security.web.header.HeaderWriterFilter.doHeadersAfter(HeaderWriterFilter.java:90) ~[spring-security-web-6.3.1.jar:6.3.1]
	at org.springframework.security.web.header.HeaderWriterFilter.doFilterInternal(HeaderWriterFilter.java:75) ~[spring-security-web-6.3.1.jar:6.3.1]
	at org.springframework.web.filter.OncePerRequestFilter.doFilter(OncePerRequestFilter.java:116) ~[spring-web-6.1.10.jar:6.1.10]
	at org.springframework.security.web.FilterChainProxy$VirtualFilterChain.doFilter(FilterChainProxy.java:374) ~[spring-security-web-6.3.1.jar:6.3.1]
	at org.springframework.security.web.context.SecurityContextHolderFilter.doFilter(SecurityContextHolderFilter.java:82) ~[spring-security-web-6.3.1.jar:6.3.1]
	at org.springframework.security.web.context.SecurityContextHolderFilter.doFilter(SecurityContextHolderFilter.java:69) ~[spring-security-web-6.3.1.jar:6.3.1]
	at org.springframework.security.web.FilterChainProxy$VirtualFilterChain.doFilter(FilterChainProxy.java:374) ~[spring-security-web-6.3.1.jar:6.3.1]
	at org.springframework.security.web.context.request.async.WebAsyncManagerIntegrationFilter.doFilterInternal(WebAsyncManagerIntegrationFilter.java:62) ~[spring-security-web-6.3.1.jar:6.3.1]
	at org.springframework.web.filter.OncePerRequestFilter.doFilter(OncePerRequestFilter.java:116) ~[spring-web-6.1.10.jar:6.1.10]
	at org.springframework.security.web.FilterChainProxy$VirtualFilterChain.doFilter(FilterChainProxy.java:374) ~[spring-security-web-6.3.1.jar:6.3.1]
	at org.springframework.security.web.session.DisableEncodeUrlFilter.doFilterInternal(DisableEncodeUrlFilter.java:42) ~[spring-security-web-6.3.1.jar:6.3.1]
	at org.springframework.web.filter.OncePerRequestFilter.doFilter(OncePerRequestFilter.java:116) ~[spring-web-6.1.10.jar:6.1.10]
	at org.springframework.security.web.FilterChainProxy$VirtualFilterChain.doFilter(FilterChainProxy.java:374) ~[spring-security-web-6.3.1.jar:6.3.1]
	at org.springframework.security.web.FilterChainProxy.doFilterInternal(FilterChainProxy.java:233) ~[spring-security-web-6.3.1.jar:6.3.1]
	at org.springframework.security.web.FilterChainProxy.doFilter(FilterChainProxy.java:191) ~[spring-security-web-6.3.1.jar:6.3.1]
	at org.springframework.web.filter.CompositeFilter$VirtualFilterChain.doFilter(CompositeFilter.java:113) ~[spring-web-6.1.10.jar:6.1.10]
	at org.springframework.web.servlet.handler.HandlerMappingIntrospector.lambda$createCacheFilter$3(HandlerMappingIntrospector.java:195) ~[spring-webmvc-6.1.10.jar:6.1.10]
	at org.springframework.web.filter.CompositeFilter$VirtualFilterChain.doFilter(CompositeFilter.java:113) ~[spring-web-6.1.10.jar:6.1.10]
	at org.springframework.web.filter.CompositeFilter.doFilter(CompositeFilter.java:74) ~[spring-web-6.1.10.jar:6.1.10]
	at org.springframework.security.config.annotation.web.configuration.WebMvcSecurityConfiguration$CompositeFilterChainProxy.doFilter(WebMvcSecurityConfiguration.java:230) ~[spring-security-config-6.3.1.jar:6.3.1]
	at org.springframework.web.filter.DelegatingFilterProxy.invokeDelegate(DelegatingFilterProxy.java:352) ~[spring-web-6.1.10.jar:6.1.10]
	at org.springframework.web.filter.DelegatingFilterProxy.doFilter(DelegatingFilterProxy.java:268) ~[spring-web-6.1.10.jar:6.1.10]
	at org.apache.catalina.core.ApplicationFilterChain.internalDoFilter(ApplicationFilterChain.java:164) ~[tomcat-embed-core-10.1.25.jar:10.1.25]
	at org.apache.catalina.core.ApplicationFilterChain.doFilter(ApplicationFilterChain.java:140) ~[tomcat-embed-core-10.1.25.jar:10.1.25]
	at org.springframework.web.filter.RequestContextFilter.doFilterInternal(RequestContextFilter.java:100) ~[spring-web-6.1.10.jar:6.1.10]
	at org.springframework.web.filter.OncePerRequestFilter.doFilter(OncePerRequestFilter.java:116) ~[spring-web-6.1.10.jar:6.1.10]
	at org.apache.catalina.core.ApplicationFilterChain.internalDoFilter(ApplicationFilterChain.java:164) ~[tomcat-embed-core-10.1.25.jar:10.1.25]
	at org.apache.catalina.core.ApplicationFilterChain.doFilter(ApplicationFilterChain.java:140) ~[tomcat-embed-core-10.1.25.jar:10.1.25]
	at org.springframework.web.filter.FormContentFilter.doFilterInternal(FormContentFilter.java:93) ~[spring-web-6.1.10.jar:6.1.10]
	at org.springframework.web.filter.OncePerRequestFilter.doFilter(OncePerRequestFilter.java:116) ~[spring-web-6.1.10.jar:6.1.10]
	at org.apache.catalina.core.ApplicationFilterChain.internalDoFilter(ApplicationFilterChain.java:164) ~[tomcat-embed-core-10.1.25.jar:10.1.25]
	at org.apache.catalina.core.ApplicationFilterChain.doFilter(ApplicationFilterChain.java:140) ~[tomcat-embed-core-10.1.25.jar:10.1.25]
	at org.springframework.web.filter.CharacterEncodingFilter.doFilterInternal(CharacterEncodingFilter.java:201) ~[spring-web-6.1.10.jar:6.1.10]
	at org.springframework.web.filter.OncePerRequestFilter.doFilter(OncePerRequestFilter.java:116) ~[spring-web-6.1.10.jar:6.1.10]
	at org.apache.catalina.core.ApplicationFilterChain.internalDoFilter(ApplicationFilterChain.java:164) ~[tomcat-embed-core-10.1.25.jar:10.1.25]
	at org.apache.catalina.core.ApplicationFilterChain.doFilter(ApplicationFilterChain.java:140) ~[tomcat-embed-core-10.1.25.jar:10.1.25]
	at org.apache.catalina.core.StandardWrapperValve.invoke(StandardWrapperValve.java:167) ~[tomcat-embed-core-10.1.25.jar:10.1.25]
	at org.apache.catalina.core.StandardContextValve.invoke(StandardContextValve.java:90) ~[tomcat-embed-core-10.1.25.jar:10.1.25]
	at org.apache.catalina.authenticator.AuthenticatorBase.invoke(AuthenticatorBase.java:482) ~[tomcat-embed-core-10.1.25.jar:10.1.25]
	at org.apache.catalina.core.StandardHostValve.invoke(StandardHostValve.java:115) ~[tomcat-embed-core-10.1.25.jar:10.1.25]
	at org.apache.catalina.valves.ErrorReportValve.invoke(ErrorReportValve.java:93) ~[tomcat-embed-core-10.1.25.jar:10.1.25]
	at org.apache.catalina.core.StandardEngineValve.invoke(StandardEngineValve.java:74) ~[tomcat-embed-core-10.1.25.jar:10.1.25]
	at org.apache.catalina.connector.CoyoteAdapter.service(CoyoteAdapter.java:344) ~[tomcat-embed-core-10.1.25.jar:10.1.25]
	at org.apache.coyote.http11.Http11Processor.service(Http11Processor.java:389) ~[tomcat-embed-core-10.1.25.jar:10.1.25]
	at org.apache.coyote.AbstractProcessorLight.process(AbstractProcessorLight.java:63) ~[tomcat-embed-core-10.1.25.jar:10.1.25]
	at org.apache.coyote.AbstractProtocol$ConnectionHandler.process(AbstractProtocol.java:904) ~[tomcat-embed-core-10.1.25.jar:10.1.25]
	at org.apache.tomcat.util.net.NioEndpoint$SocketProcessor.doRun(NioEndpoint.java:1741) ~[tomcat-embed-core-10.1.25.jar:10.1.25]
	at org.apache.tomcat.util.net.SocketProcessorBase.run(SocketProcessorBase.java:52) ~[tomcat-embed-core-10.1.25.jar:10.1.25]
	at org.apache.tomcat.util.threads.ThreadPoolExecutor.runWorker(ThreadPoolExecutor.java:1190) ~[tomcat-embed-core-10.1.25.jar:10.1.25]
	at org.apache.tomcat.util.threads.ThreadPoolExecutor$Worker.run(ThreadPoolExecutor.java:659) ~[tomcat-embed-core-10.1.25.jar:10.1.25]
	at org.apache.tomcat.util.threads.TaskThread$WrappingRunnable.run(TaskThread.java:63) ~[tomcat-embed-core-10.1.25.jar:10.1.25]
	at java.base/java.lang.Thread.run(Thread.java:840) ~[na:na]
Caused by: org.attoparser.ParseException: Error during execution of processor 'org.thymeleaf.spring6.processor.SpringInputGeneralFieldTagProcessor' (template: "stores/show" - line 194, col 34)
	at org.attoparser.MarkupParser.parseDocument(MarkupParser.java:393) ~[attoparser-2.0.7.RELEASE.jar:2.0.7.RELEASE]
	at org.attoparser.MarkupParser.parse(MarkupParser.java:257) ~[attoparser-2.0.7.RELEASE.jar:2.0.7.RELEASE]
	at org.thymeleaf.templateparser.markup.AbstractMarkupTemplateParser.parse(AbstractMarkupTemplateParser.java:230) ~[thymeleaf-3.1.2.RELEASE.jar:3.1.2.RELEASE]
	... 98 common frames omitted
Caused by: org.thymeleaf.exceptions.TemplateProcessingException: Error during execution of processor 'org.thymeleaf.spring6.processor.SpringInputGeneralFieldTagProcessor' (template: "stores/show" - line 194, col 34)
	at org.thymeleaf.processor.element.AbstractAttributeTagProcessor.doProcess(AbstractAttributeTagProcessor.java:117) ~[thymeleaf-3.1.2.RELEASE.jar:3.1.2.RELEASE]
	at org.thymeleaf.processor.element.AbstractElementTagProcessor.process(AbstractElementTagProcessor.java:95) ~[thymeleaf-3.1.2.RELEASE.jar:3.1.2.RELEASE]
	at org.thymeleaf.util.ProcessorConfigurationUtils$ElementTagProcessorWrapper.process(ProcessorConfigurationUtils.java:633) ~[thymeleaf-3.1.2.RELEASE.jar:3.1.2.RELEASE]
	at org.thymeleaf.engine.ProcessorTemplateHandler.handleStandaloneElement(ProcessorTemplateHandler.java:918) ~[thymeleaf-3.1.2.RELEASE.jar:3.1.2.RELEASE]
	at org.thymeleaf.engine.TemplateHandlerAdapterMarkupHandler.handleStandaloneElementEnd(TemplateHandlerAdapterMarkupHandler.java:260) ~[thymeleaf-3.1.2.RELEASE.jar:3.1.2.RELEASE]
	at org.thymeleaf.templateparser.markup.InlinedOutputExpressionMarkupHandler$InlineMarkupAdapterPreProcessorHandler.handleStandaloneElementEnd(InlinedOutputExpressionMarkupHandler.java:256) ~[thymeleaf-3.1.2.RELEASE.jar:3.1.2.RELEASE]
	at org.thymeleaf.standard.inline.OutputExpressionInlinePreProcessorHandler.handleStandaloneElementEnd(OutputExpressionInlinePreProcessorHandler.java:169) ~[thymeleaf-3.1.2.RELEASE.jar:3.1.2.RELEASE]
	at org.thymeleaf.templateparser.markup.InlinedOutputExpressionMarkupHandler.handleStandaloneElementEnd(InlinedOutputExpressionMarkupHandler.java:104) ~[thymeleaf-3.1.2.RELEASE.jar:3.1.2.RELEASE]
	at org.attoparser.HtmlVoidElement.handleOpenElementEnd(HtmlVoidElement.java:92) ~[attoparser-2.0.7.RELEASE.jar:2.0.7.RELEASE]
	at org.attoparser.HtmlMarkupHandler.handleOpenElementEnd(HtmlMarkupHandler.java:297) ~[attoparser-2.0.7.RELEASE.jar:2.0.7.RELEASE]
	at org.attoparser.MarkupEventProcessorHandler.handleOpenElementEnd(MarkupEventProcessorHandler.java:402) ~[attoparser-2.0.7.RELEASE.jar:2.0.7.RELEASE]
	at org.attoparser.ParsingElementMarkupUtil.parseOpenElement(ParsingElementMarkupUtil.java:159) ~[attoparser-2.0.7.RELEASE.jar:2.0.7.RELEASE]
	at org.attoparser.MarkupParser.parseBuffer(MarkupParser.java:710) ~[attoparser-2.0.7.RELEASE.jar:2.0.7.RELEASE]
	at org.attoparser.MarkupParser.parseDocument(MarkupParser.java:301) ~[attoparser-2.0.7.RELEASE.jar:2.0.7.RELEASE]
	... 100 common frames omitted
Caused by: java.lang.IllegalStateException: Neither BindingResult nor plain target object for bean name 'reviewRegisterForm' available as request attribute
	at org.springframework.web.servlet.support.BindStatus.<init>(BindStatus.java:153) ~[spring-webmvc-6.1.10.jar:6.1.10]
	at org.springframework.web.servlet.support.RequestContext.getBindStatus(RequestContext.java:926) ~[spring-webmvc-6.1.10.jar:6.1.10]
	at org.thymeleaf.spring6.context.webmvc.SpringWebMvcThymeleafRequestContext.getBindStatus(SpringWebMvcThymeleafRequestContext.java:232) ~[thymeleaf-spring6-3.1.2.RELEASE.jar:3.1.2.RELEASE]
	at org.thymeleaf.spring6.util.FieldUtils.getBindStatusFromParsedExpression(FieldUtils.java:306) ~[thymeleaf-spring6-3.1.2.RELEASE.jar:3.1.2.RELEASE]
	at org.thymeleaf.spring6.util.FieldUtils.getBindStatus(FieldUtils.java:253) ~[thymeleaf-spring6-3.1.2.RELEASE.jar:3.1.2.RELEASE]
	at org.thymeleaf.spring6.util.FieldUtils.getBindStatus(FieldUtils.java:227) ~[thymeleaf-spring6-3.1.2.RELEASE.jar:3.1.2.RELEASE]
	at org.thymeleaf.spring6.processor.AbstractSpringFieldTagProcessor.doProcess(AbstractSpringFieldTagProcessor.java:174) ~[thymeleaf-spring6-3.1.2.RELEASE.jar:3.1.2.RELEASE]
	at org.thymeleaf.processor.element.AbstractAttributeTagProcessor.doProcess(AbstractAttributeTagProcessor.java:74) ~[thymeleaf-3.1.2.RELEASE.jar:3.1.2.RELEASE]
	... 113 common frames omitted

[2m2024-09-02T19:21:25.896+09:00[0;39m [32mDEBUG[0;39m [35m79264[0;39m [2m---[0;39m [2m[kadai_002] [nio-8080-exec-7][0;39m [2m[0;39m[36mo.s.web.servlet.DispatcherServlet       [0;39m [2m:[0;39m Error rendering view [org.thymeleaf.spring6.view.ThymeleafView@78a672f8]

org.thymeleaf.exceptions.TemplateInputException: An error happened during template parsing (template: "class path resource [templates/stores/show.html]")
	at org.thymeleaf.templateparser.markup.AbstractMarkupTemplateParser.parse(AbstractMarkupTemplateParser.java:241) ~[thymeleaf-3.1.2.RELEASE.jar:3.1.2.RELEASE]
	at org.thymeleaf.templateparser.markup.AbstractMarkupTemplateParser.parseStandalone(AbstractMarkupTemplateParser.java:100) ~[thymeleaf-3.1.2.RELEASE.jar:3.1.2.RELEASE]
	at org.thymeleaf.engine.TemplateManager.parseAndProcess(TemplateManager.java:666) ~[thymeleaf-3.1.2.RELEASE.jar:3.1.2.RELEASE]
	at org.thymeleaf.TemplateEngine.process(TemplateEngine.java:1103) ~[thymeleaf-3.1.2.RELEASE.jar:3.1.2.RELEASE]
	at org.thymeleaf.TemplateEngine.process(TemplateEngine.java:1077) ~[thymeleaf-3.1.2.RELEASE.jar:3.1.2.RELEASE]
	at org.thymeleaf.spring6.view.ThymeleafView.renderFragment(ThymeleafView.java:372) ~[thymeleaf-spring6-3.1.2.RELEASE.jar:3.1.2.RELEASE]
	at org.thymeleaf.spring6.view.ThymeleafView.render(ThymeleafView.java:192) ~[thymeleaf-spring6-3.1.2.RELEASE.jar:3.1.2.RELEASE]
	at org.springframework.web.servlet.DispatcherServlet.render(DispatcherServlet.java:1431) ~[spring-webmvc-6.1.10.jar:6.1.10]
	at org.springframework.web.servlet.DispatcherServlet.processDispatchResult(DispatcherServlet.java:1167) ~[spring-webmvc-6.1.10.jar:6.1.10]
	at org.springframework.web.servlet.DispatcherServlet.doDispatch(DispatcherServlet.java:1106) ~[spring-webmvc-6.1.10.jar:6.1.10]
	at org.springframework.web.servlet.DispatcherServlet.doService(DispatcherServlet.java:979) ~[spring-webmvc-6.1.10.jar:6.1.10]
	at org.springframework.web.servlet.FrameworkServlet.processRequest(FrameworkServlet.java:1014) ~[spring-webmvc-6.1.10.jar:6.1.10]
	at org.springframework.web.servlet.FrameworkServlet.doGet(FrameworkServlet.java:903) ~[spring-webmvc-6.1.10.jar:6.1.10]
	at jakarta.servlet.http.HttpServlet.service(HttpServlet.java:564) ~[tomcat-embed-core-10.1.25.jar:6.0]
	at org.springframework.web.servlet.FrameworkServlet.service(FrameworkServlet.java:885) ~[spring-webmvc-6.1.10.jar:6.1.10]
	at jakarta.servlet.http.HttpServlet.service(HttpServlet.java:658) ~[tomcat-embed-core-10.1.25.jar:6.0]
	at org.apache.catalina.core.ApplicationFilterChain.internalDoFilter(ApplicationFilterChain.java:195) ~[tomcat-embed-core-10.1.25.jar:10.1.25]
	at org.apache.catalina.core.ApplicationFilterChain.doFilter(ApplicationFilterChain.java:140) ~[tomcat-embed-core-10.1.25.jar:10.1.25]
	at org.apache.tomcat.websocket.server.WsFilter.doFilter(WsFilter.java:51) ~[tomcat-embed-websocket-10.1.25.jar:10.1.25]
	at org.apache.catalina.core.ApplicationFilterChain.internalDoFilter(ApplicationFilterChain.java:164) ~[tomcat-embed-core-10.1.25.jar:10.1.25]
	at org.apache.catalina.core.ApplicationFilterChain.doFilter(ApplicationFilterChain.java:140) ~[tomcat-embed-core-10.1.25.jar:10.1.25]
	at org.springframework.web.filter.CompositeFilter$VirtualFilterChain.doFilter(CompositeFilter.java:108) ~[spring-web-6.1.10.jar:6.1.10]
	at org.springframework.security.web.FilterChainProxy.lambda$doFilterInternal$3(FilterChainProxy.java:231) ~[spring-security-web-6.3.1.jar:6.3.1]
	at org.springframework.security.web.FilterChainProxy$VirtualFilterChain.doFilter(FilterChainProxy.java:365) ~[spring-security-web-6.3.1.jar:6.3.1]
	at org.springframework.security.web.access.intercept.AuthorizationFilter.doFilter(AuthorizationFilter.java:100) ~[spring-security-web-6.3.1.jar:6.3.1]
	at org.springframework.security.web.FilterChainProxy$VirtualFilterChain.doFilter(FilterChainProxy.java:374) ~[spring-security-web-6.3.1.jar:6.3.1]
	at org.springframework.security.web.access.ExceptionTranslationFilter.doFilter(ExceptionTranslationFilter.java:126) ~[spring-security-web-6.3.1.jar:6.3.1]
	at org.springframework.security.web.access.ExceptionTranslationFilter.doFilter(ExceptionTranslationFilter.java:120) ~[spring-security-web-6.3.1.jar:6.3.1]
	at org.springframework.security.web.FilterChainProxy$VirtualFilterChain.doFilter(FilterChainProxy.java:374) ~[spring-security-web-6.3.1.jar:6.3.1]
	at org.springframework.security.web.authentication.AnonymousAuthenticationFilter.doFilter(AnonymousAuthenticationFilter.java:100) ~[spring-security-web-6.3.1.jar:6.3.1]
	at org.springframework.security.web.FilterChainProxy$VirtualFilterChain.doFilter(FilterChainProxy.java:374) ~[spring-security-web-6.3.1.jar:6.3.1]
	at org.springframework.security.web.servletapi.SecurityContextHolderAwareRequestFilter.doFilter(SecurityContextHolderAwareRequestFilter.java:179) ~[spring-security-web-6.3.1.jar:6.3.1]
	at org.springframework.security.web.FilterChainProxy$VirtualFilterChain.doFilter(FilterChainProxy.java:374) ~[spring-security-web-6.3.1.jar:6.3.1]
	at org.springframework.security.web.savedrequest.RequestCacheAwareFilter.doFilter(RequestCacheAwareFilter.java:63) ~[spring-security-web-6.3.1.jar:6.3.1]
	at org.springframework.security.web.FilterChainProxy$VirtualFilterChain.doFilter(FilterChainProxy.java:374) ~[spring-security-web-6.3.1.jar:6.3.1]
	at org.springframework.security.web.authentication.AbstractAuthenticationProcessingFilter.doFilter(AbstractAuthenticationProcessingFilter.java:227) ~[spring-security-web-6.3.1.jar:6.3.1]
	at org.springframework.security.web.authentication.AbstractAuthenticationProcessingFilter.doFilter(AbstractAuthenticationProcessingFilter.java:221) ~[spring-security-web-6.3.1.jar:6.3.1]
	at org.springframework.security.web.FilterChainProxy$VirtualFilterChain.doFilter(FilterChainProxy.java:374) ~[spring-security-web-6.3.1.jar:6.3.1]
	at org.springframework.security.web.authentication.logout.LogoutFilter.doFilter(LogoutFilter.java:107) ~[spring-security-web-6.3.1.jar:6.3.1]
	at org.springframework.security.web.authentication.logout.LogoutFilter.doFilter(LogoutFilter.java:93) ~[spring-security-web-6.3.1.jar:6.3.1]
	at org.springframework.security.web.FilterChainProxy$VirtualFilterChain.doFilter(FilterChainProxy.java:374) ~[spring-security-web-6.3.1.jar:6.3.1]
	at org.springframework.security.web.csrf.CsrfFilter.doFilterInternal(CsrfFilter.java:117) ~[spring-security-web-6.3.1.jar:6.3.1]
	at org.springframework.web.filter.OncePerRequestFilter.doFilter(OncePerRequestFilter.java:116) ~[spring-web-6.1.10.jar:6.1.10]
	at org.springframework.security.web.FilterChainProxy$VirtualFilterChain.doFilter(FilterChainProxy.java:374) ~[spring-security-web-6.3.1.jar:6.3.1]
	at org.springframework.web.filter.CorsFilter.doFilterInternal(CorsFilter.java:91) ~[spring-web-6.1.10.jar:6.1.10]
	at org.springframework.web.filter.OncePerRequestFilter.doFilter(OncePerRequestFilter.java:116) ~[spring-web-6.1.10.jar:6.1.10]
	at org.springframework.security.web.FilterChainProxy$VirtualFilterChain.doFilter(FilterChainProxy.java:374) ~[spring-security-web-6.3.1.jar:6.3.1]
	at org.springframework.security.web.header.HeaderWriterFilter.doHeadersAfter(HeaderWriterFilter.java:90) ~[spring-security-web-6.3.1.jar:6.3.1]
	at org.springframework.security.web.header.HeaderWriterFilter.doFilterInternal(HeaderWriterFilter.java:75) ~[spring-security-web-6.3.1.jar:6.3.1]
	at org.springframework.web.filter.OncePerRequestFilter.doFilter(OncePerRequestFilter.java:116) ~[spring-web-6.1.10.jar:6.1.10]
	at org.springframework.security.web.FilterChainProxy$VirtualFilterChain.doFilter(FilterChainProxy.java:374) ~[spring-security-web-6.3.1.jar:6.3.1]
	at org.springframework.security.web.context.SecurityContextHolderFilter.doFilter(SecurityContextHolderFilter.java:82) ~[spring-security-web-6.3.1.jar:6.3.1]
	at org.springframework.security.web.context.SecurityContextHolderFilter.doFilter(SecurityContextHolderFilter.java:69) ~[spring-security-web-6.3.1.jar:6.3.1]
	at org.springframework.security.web.FilterChainProxy$VirtualFilterChain.doFilter(FilterChainProxy.java:374) ~[spring-security-web-6.3.1.jar:6.3.1]
	at org.springframework.security.web.context.request.async.WebAsyncManagerIntegrationFilter.doFilterInternal(WebAsyncManagerIntegrationFilter.java:62) ~[spring-security-web-6.3.1.jar:6.3.1]
	at org.springframework.web.filter.OncePerRequestFilter.doFilter(OncePerRequestFilter.java:116) ~[spring-web-6.1.10.jar:6.1.10]
	at org.springframework.security.web.FilterChainProxy$VirtualFilterChain.doFilter(FilterChainProxy.java:374) ~[spring-security-web-6.3.1.jar:6.3.1]
	at org.springframework.security.web.session.DisableEncodeUrlFilter.doFilterInternal(DisableEncodeUrlFilter.java:42) ~[spring-security-web-6.3.1.jar:6.3.1]
	at org.springframework.web.filter.OncePerRequestFilter.doFilter(OncePerRequestFilter.java:116) ~[spring-web-6.1.10.jar:6.1.10]
	at org.springframework.security.web.FilterChainProxy$VirtualFilterChain.doFilter(FilterChainProxy.java:374) ~[spring-security-web-6.3.1.jar:6.3.1]
	at org.springframework.security.web.FilterChainProxy.doFilterInternal(FilterChainProxy.java:233) ~[spring-security-web-6.3.1.jar:6.3.1]
	at org.springframework.security.web.FilterChainProxy.doFilter(FilterChainProxy.java:191) ~[spring-security-web-6.3.1.jar:6.3.1]
	at org.springframework.web.filter.CompositeFilter$VirtualFilterChain.doFilter(CompositeFilter.java:113) ~[spring-web-6.1.10.jar:6.1.10]
	at org.springframework.web.servlet.handler.HandlerMappingIntrospector.lambda$createCacheFilter$3(HandlerMappingIntrospector.java:195) ~[spring-webmvc-6.1.10.jar:6.1.10]
	at org.springframework.web.filter.CompositeFilter$VirtualFilterChain.doFilter(CompositeFilter.java:113) ~[spring-web-6.1.10.jar:6.1.10]
	at org.springframework.web.filter.CompositeFilter.doFilter(CompositeFilter.java:74) ~[spring-web-6.1.10.jar:6.1.10]
	at org.springframework.security.config.annotation.web.configuration.WebMvcSecurityConfiguration$CompositeFilterChainProxy.doFilter(WebMvcSecurityConfiguration.java:230) ~[spring-security-config-6.3.1.jar:6.3.1]
	at org.springframework.web.filter.DelegatingFilterProxy.invokeDelegate(DelegatingFilterProxy.java:352) ~[spring-web-6.1.10.jar:6.1.10]
	at org.springframework.web.filter.DelegatingFilterProxy.doFilter(DelegatingFilterProxy.java:268) ~[spring-web-6.1.10.jar:6.1.10]
	at org.apache.catalina.core.ApplicationFilterChain.internalDoFilter(ApplicationFilterChain.java:164) ~[tomcat-embed-core-10.1.25.jar:10.1.25]
	at org.apache.catalina.core.ApplicationFilterChain.doFilter(ApplicationFilterChain.java:140) ~[tomcat-embed-core-10.1.25.jar:10.1.25]
	at org.springframework.web.filter.RequestContextFilter.doFilterInternal(RequestContextFilter.java:100) ~[spring-web-6.1.10.jar:6.1.10]
	at org.springframework.web.filter.OncePerRequestFilter.doFilter(OncePerRequestFilter.java:116) ~[spring-web-6.1.10.jar:6.1.10]
	at org.apache.catalina.core.ApplicationFilterChain.internalDoFilter(ApplicationFilterChain.java:164) ~[tomcat-embed-core-10.1.25.jar:10.1.25]
	at org.apache.catalina.core.ApplicationFilterChain.doFilter(ApplicationFilterChain.java:140) ~[tomcat-embed-core-10.1.25.jar:10.1.25]
	at org.springframework.web.filter.FormContentFilter.doFilterInternal(FormContentFilter.java:93) ~[spring-web-6.1.10.jar:6.1.10]
	at org.springframework.web.filter.OncePerRequestFilter.doFilter(OncePerRequestFilter.java:116) ~[spring-web-6.1.10.jar:6.1.10]
	at org.apache.catalina.core.ApplicationFilterChain.internalDoFilter(ApplicationFilterChain.java:164) ~[tomcat-embed-core-10.1.25.jar:10.1.25]
	at org.apache.catalina.core.ApplicationFilterChain.doFilter(ApplicationFilterChain.java:140) ~[tomcat-embed-core-10.1.25.jar:10.1.25]
	at org.springframework.web.filter.CharacterEncodingFilter.doFilterInternal(CharacterEncodingFilter.java:201) ~[spring-web-6.1.10.jar:6.1.10]
	at org.springframework.web.filter.OncePerRequestFilter.doFilter(OncePerRequestFilter.java:116) ~[spring-web-6.1.10.jar:6.1.10]
	at org.apache.catalina.core.ApplicationFilterChain.internalDoFilter(ApplicationFilterChain.java:164) ~[tomcat-embed-core-10.1.25.jar:10.1.25]
	at org.apache.catalina.core.ApplicationFilterChain.doFilter(ApplicationFilterChain.java:140) ~[tomcat-embed-core-10.1.25.jar:10.1.25]
	at org.apache.catalina.core.StandardWrapperValve.invoke(StandardWrapperValve.java:167) ~[tomcat-embed-core-10.1.25.jar:10.1.25]
	at org.apache.catalina.core.StandardContextValve.invoke(StandardContextValve.java:90) ~[tomcat-embed-core-10.1.25.jar:10.1.25]
	at org.apache.catalina.authenticator.AuthenticatorBase.invoke(AuthenticatorBase.java:482) ~[tomcat-embed-core-10.1.25.jar:10.1.25]
	at org.apache.catalina.core.StandardHostValve.invoke(StandardHostValve.java:115) ~[tomcat-embed-core-10.1.25.jar:10.1.25]
	at org.apache.catalina.valves.ErrorReportValve.invoke(ErrorReportValve.java:93) ~[tomcat-embed-core-10.1.25.jar:10.1.25]
	at org.apache.catalina.core.StandardEngineValve.invoke(StandardEngineValve.java:74) ~[tomcat-embed-core-10.1.25.jar:10.1.25]
	at org.apache.catalina.connector.CoyoteAdapter.service(CoyoteAdapter.java:344) ~[tomcat-embed-core-10.1.25.jar:10.1.25]
	at org.apache.coyote.http11.Http11Processor.service(Http11Processor.java:389) ~[tomcat-embed-core-10.1.25.jar:10.1.25]
	at org.apache.coyote.AbstractProcessorLight.process(AbstractProcessorLight.java:63) ~[tomcat-embed-core-10.1.25.jar:10.1.25]
	at org.apache.coyote.AbstractProtocol$ConnectionHandler.process(AbstractProtocol.java:904) ~[tomcat-embed-core-10.1.25.jar:10.1.25]
	at org.apache.tomcat.util.net.NioEndpoint$SocketProcessor.doRun(NioEndpoint.java:1741) ~[tomcat-embed-core-10.1.25.jar:10.1.25]
	at org.apache.tomcat.util.net.SocketProcessorBase.run(SocketProcessorBase.java:52) ~[tomcat-embed-core-10.1.25.jar:10.1.25]
	at org.apache.tomcat.util.threads.ThreadPoolExecutor.runWorker(ThreadPoolExecutor.java:1190) ~[tomcat-embed-core-10.1.25.jar:10.1.25]
	at org.apache.tomcat.util.threads.ThreadPoolExecutor$Worker.run(ThreadPoolExecutor.java:659) ~[tomcat-embed-core-10.1.25.jar:10.1.25]
	at org.apache.tomcat.util.threads.TaskThread$WrappingRunnable.run(TaskThread.java:63) ~[tomcat-embed-core-10.1.25.jar:10.1.25]
	at java.base/java.lang.Thread.run(Thread.java:840) ~[na:na]
Caused by: org.attoparser.ParseException: Error during execution of processor 'org.thymeleaf.spring6.processor.SpringInputGeneralFieldTagProcessor' (template: "stores/show" - line 194, col 34)
	at org.attoparser.MarkupParser.parseDocument(MarkupParser.java:393) ~[attoparser-2.0.7.RELEASE.jar:2.0.7.RELEASE]
	at org.attoparser.MarkupParser.parse(MarkupParser.java:257) ~[attoparser-2.0.7.RELEASE.jar:2.0.7.RELEASE]
	at org.thymeleaf.templateparser.markup.AbstractMarkupTemplateParser.parse(AbstractMarkupTemplateParser.java:230) ~[thymeleaf-3.1.2.RELEASE.jar:3.1.2.RELEASE]
	... 98 common frames omitted
Caused by: org.thymeleaf.exceptions.TemplateProcessingException: Error during execution of processor 'org.thymeleaf.spring6.processor.SpringInputGeneralFieldTagProcessor' (template: "stores/show" - line 194, col 34)
	at org.thymeleaf.processor.element.AbstractAttributeTagProcessor.doProcess(AbstractAttributeTagProcessor.java:117) ~[thymeleaf-3.1.2.RELEASE.jar:3.1.2.RELEASE]
	at org.thymeleaf.processor.element.AbstractElementTagProcessor.process(AbstractElementTagProcessor.java:95) ~[thymeleaf-3.1.2.RELEASE.jar:3.1.2.RELEASE]
	at org.thymeleaf.util.ProcessorConfigurationUtils$ElementTagProcessorWrapper.process(ProcessorConfigurationUtils.java:633) ~[thymeleaf-3.1.2.RELEASE.jar:3.1.2.RELEASE]
	at org.thymeleaf.engine.ProcessorTemplateHandler.handleStandaloneElement(ProcessorTemplateHandler.java:918) ~[thymeleaf-3.1.2.RELEASE.jar:3.1.2.RELEASE]
	at org.thymeleaf.engine.TemplateHandlerAdapterMarkupHandler.handleStandaloneElementEnd(TemplateHandlerAdapterMarkupHandler.java:260) ~[thymeleaf-3.1.2.RELEASE.jar:3.1.2.RELEASE]
	at org.thymeleaf.templateparser.markup.InlinedOutputExpressionMarkupHandler$InlineMarkupAdapterPreProcessorHandler.handleStandaloneElementEnd(InlinedOutputExpressionMarkupHandler.java:256) ~[thymeleaf-3.1.2.RELEASE.jar:3.1.2.RELEASE]
	at org.thymeleaf.standard.inline.OutputExpressionInlinePreProcessorHandler.handleStandaloneElementEnd(OutputExpressionInlinePreProcessorHandler.java:169) ~[thymeleaf-3.1.2.RELEASE.jar:3.1.2.RELEASE]
	at org.thymeleaf.templateparser.markup.InlinedOutputExpressionMarkupHandler.handleStandaloneElementEnd(InlinedOutputExpressionMarkupHandler.java:104) ~[thymeleaf-3.1.2.RELEASE.jar:3.1.2.RELEASE]
	at org.attoparser.HtmlVoidElement.handleOpenElementEnd(HtmlVoidElement.java:92) ~[attoparser-2.0.7.RELEASE.jar:2.0.7.RELEASE]
	at org.attoparser.HtmlMarkupHandler.handleOpenElementEnd(HtmlMarkupHandler.java:297) ~[attoparser-2.0.7.RELEASE.jar:2.0.7.RELEASE]
	at org.attoparser.MarkupEventProcessorHandler.handleOpenElementEnd(MarkupEventProcessorHandler.java:402) ~[attoparser-2.0.7.RELEASE.jar:2.0.7.RELEASE]
	at org.attoparser.ParsingElementMarkupUtil.parseOpenElement(ParsingElementMarkupUtil.java:159) ~[attoparser-2.0.7.RELEASE.jar:2.0.7.RELEASE]
	at org.attoparser.MarkupParser.parseBuffer(MarkupParser.java:710) ~[attoparser-2.0.7.RELEASE.jar:2.0.7.RELEASE]
	at org.attoparser.MarkupParser.parseDocument(MarkupParser.java:301) ~[attoparser-2.0.7.RELEASE.jar:2.0.7.RELEASE]
	... 100 common frames omitted
Caused by: java.lang.IllegalStateException: Neither BindingResult nor plain target object for bean name 'reviewRegisterForm' available as request attribute
	at org.springframework.web.servlet.support.BindStatus.<init>(BindStatus.java:153) ~[spring-webmvc-6.1.10.jar:6.1.10]
	at org.springframework.web.servlet.support.RequestContext.getBindStatus(RequestContext.java:926) ~[spring-webmvc-6.1.10.jar:6.1.10]
	at org.thymeleaf.spring6.context.webmvc.SpringWebMvcThymeleafRequestContext.getBindStatus(SpringWebMvcThymeleafRequestContext.java:232) ~[thymeleaf-spring6-3.1.2.RELEASE.jar:3.1.2.RELEASE]
	at org.thymeleaf.spring6.util.FieldUtils.getBindStatusFromParsedExpression(FieldUtils.java:306) ~[thymeleaf-spring6-3.1.2.RELEASE.jar:3.1.2.RELEASE]
	at org.thymeleaf.spring6.util.FieldUtils.getBindStatus(FieldUtils.java:253) ~[thymeleaf-spring6-3.1.2.RELEASE.jar:3.1.2.RELEASE]
	at org.thymeleaf.spring6.util.FieldUtils.getBindStatus(FieldUtils.java:227) ~[thymeleaf-spring6-3.1.2.RELEASE.jar:3.1.2.RELEASE]
	at org.thymeleaf.spring6.processor.AbstractSpringFieldTagProcessor.doProcess(AbstractSpringFieldTagProcessor.java:174) ~[thymeleaf-spring6-3.1.2.RELEASE.jar:3.1.2.RELEASE]
	at org.thymeleaf.processor.element.AbstractAttributeTagProcessor.doProcess(AbstractAttributeTagProcessor.java:74) ~[thymeleaf-3.1.2.RELEASE.jar:3.1.2.RELEASE]
	... 113 common frames omitted

[2m2024-09-02T19:21:25.896+09:00[0;39m [32mDEBUG[0;39m [35m79264[0;39m [2m---[0;39m [2m[kadai_002] [nio-8080-exec-7][0;39m [2m[0;39m[36mo.j.s.OpenEntityManagerInViewInterceptor[0;39m [2m:[0;39m Closing JPA EntityManager in OpenEntityManagerInViewInterceptor
[2m2024-09-02T19:21:25.897+09:00[0;39m [32mDEBUG[0;39m [35m79264[0;39m [2m---[0;39m [2m[kadai_002] [nio-8080-exec-7][0;39m [2m[0;39m[36mo.s.web.servlet.DispatcherServlet       [0;39m [2m:[0;39m Failed to complete request: org.thymeleaf.exceptions.TemplateInputException: An error happened during template parsing (template: "class path resource [templates/stores/show.html]")
[2m2024-09-02T19:21:25.897+09:00[0;39m [31mERROR[0;39m [35m79264[0;39m [2m---[0;39m [2m[kadai_002] [nio-8080-exec-7][0;39m [2m[0;39m[36mo.a.c.c.C.[.[.[/].[dispatcherServlet]   [0;39m [2m:[0;39m Servlet.service() for servlet [dispatcherServlet] in context with path [] threw exception [Request processing failed: org.thymeleaf.exceptions.TemplateInputException: An error happened during template parsing (template: "class path resource [templates/stores/show.html]")] with root cause

java.lang.IllegalStateException: Neither BindingResult nor plain target object for bean name 'reviewRegisterForm' available as request attribute
	at org.springframework.web.servlet.support.BindStatus.<init>(BindStatus.java:153) ~[spring-webmvc-6.1.10.jar:6.1.10]
	at org.springframework.web.servlet.support.RequestContext.getBindStatus(RequestContext.java:926) ~[spring-webmvc-6.1.10.jar:6.1.10]
	at org.thymeleaf.spring6.context.webmvc.SpringWebMvcThymeleafRequestContext.getBindStatus(SpringWebMvcThymeleafRequestContext.java:232) ~[thymeleaf-spring6-3.1.2.RELEASE.jar:3.1.2.RELEASE]
	at org.thymeleaf.spring6.util.FieldUtils.getBindStatusFromParsedExpression(FieldUtils.java:306) ~[thymeleaf-spring6-3.1.2.RELEASE.jar:3.1.2.RELEASE]
	at org.thymeleaf.spring6.util.FieldUtils.getBindStatus(FieldUtils.java:253) ~[thymeleaf-spring6-3.1.2.RELEASE.jar:3.1.2.RELEASE]
	at org.thymeleaf.spring6.util.FieldUtils.getBindStatus(FieldUtils.java:227) ~[thymeleaf-spring6-3.1.2.RELEASE.jar:3.1.2.RELEASE]
	at org.thymeleaf.spring6.processor.AbstractSpringFieldTagProcessor.doProcess(AbstractSpringFieldTagProcessor.java:174) ~[thymeleaf-spring6-3.1.2.RELEASE.jar:3.1.2.RELEASE]
	at org.thymeleaf.processor.element.AbstractAttributeTagProcessor.doProcess(AbstractAttributeTagProcessor.java:74) ~[thymeleaf-3.1.2.RELEASE.jar:3.1.2.RELEASE]
	at org.thymeleaf.processor.element.AbstractElementTagProcessor.process(AbstractElementTagProcessor.java:95) ~[thymeleaf-3.1.2.RELEASE.jar:3.1.2.RELEASE]
	at org.thymeleaf.util.ProcessorConfigurationUtils$ElementTagProcessorWrapper.process(ProcessorConfigurationUtils.java:633) ~[thymeleaf-3.1.2.RELEASE.jar:3.1.2.RELEASE]
	at org.thymeleaf.engine.ProcessorTemplateHandler.handleStandaloneElement(ProcessorTemplateHandler.java:918) ~[thymeleaf-3.1.2.RELEASE.jar:3.1.2.RELEASE]
	at org.thymeleaf.engine.TemplateHandlerAdapterMarkupHandler.handleStandaloneElementEnd(TemplateHandlerAdapterMarkupHandler.java:260) ~[thymeleaf-3.1.2.RELEASE.jar:3.1.2.RELEASE]
	at org.thymeleaf.templateparser.markup.InlinedOutputExpressionMarkupHandler$InlineMarkupAdapterPreProcessorHandler.handleStandaloneElementEnd(InlinedOutputExpressionMarkupHandler.java:256) ~[thymeleaf-3.1.2.RELEASE.jar:3.1.2.RELEASE]
	at org.thymeleaf.standard.inline.OutputExpressionInlinePreProcessorHandler.handleStandaloneElementEnd(OutputExpressionInlinePreProcessorHandler.java:169) ~[thymeleaf-3.1.2.RELEASE.jar:3.1.2.RELEASE]
	at org.thymeleaf.templateparser.markup.InlinedOutputExpressionMarkupHandler.handleStandaloneElementEnd(InlinedOutputExpressionMarkupHandler.java:104) ~[thymeleaf-3.1.2.RELEASE.jar:3.1.2.RELEASE]
	at org.attoparser.HtmlVoidElement.handleOpenElementEnd(HtmlVoidElement.java:92) ~[attoparser-2.0.7.RELEASE.jar:2.0.7.RELEASE]
	at org.attoparser.HtmlMarkupHandler.handleOpenElementEnd(HtmlMarkupHandler.java:297) ~[attoparser-2.0.7.RELEASE.jar:2.0.7.RELEASE]
	at org.attoparser.MarkupEventProcessorHandler.handleOpenElementEnd(MarkupEventProcessorHandler.java:402) ~[attoparser-2.0.7.RELEASE.jar:2.0.7.RELEASE]
	at org.attoparser.ParsingElementMarkupUtil.parseOpenElement(ParsingElementMarkupUtil.java:159) ~[attoparser-2.0.7.RELEASE.jar:2.0.7.RELEASE]
	at org.attoparser.MarkupParser.parseBuffer(MarkupParser.java:710) ~[attoparser-2.0.7.RELEASE.jar:2.0.7.RELEASE]
	at org.attoparser.MarkupParser.parseDocument(MarkupParser.java:301) ~[attoparser-2.0.7.RELEASE.jar:2.0.7.RELEASE]
	at org.attoparser.MarkupParser.parse(MarkupParser.java:257) ~[attoparser-2.0.7.RELEASE.jar:2.0.7.RELEASE]
	at org.thymeleaf.templateparser.markup.AbstractMarkupTemplateParser.parse(AbstractMarkupTemplateParser.java:230) ~[thymeleaf-3.1.2.RELEASE.jar:3.1.2.RELEASE]
	at org.thymeleaf.templateparser.markup.AbstractMarkupTemplateParser.parseStandalone(AbstractMarkupTemplateParser.java:100) ~[thymeleaf-3.1.2.RELEASE.jar:3.1.2.RELEASE]
	at org.thymeleaf.engine.TemplateManager.parseAndProcess(TemplateManager.java:666) ~[thymeleaf-3.1.2.RELEASE.jar:3.1.2.RELEASE]
	at org.thymeleaf.TemplateEngine.process(TemplateEngine.java:1103) ~[thymeleaf-3.1.2.RELEASE.jar:3.1.2.RELEASE]
	at org.thymeleaf.TemplateEngine.process(TemplateEngine.java:1077) ~[thymeleaf-3.1.2.RELEASE.jar:3.1.2.RELEASE]
	at org.thymeleaf.spring6.view.ThymeleafView.renderFragment(ThymeleafView.java:372) ~[thymeleaf-spring6-3.1.2.RELEASE.jar:3.1.2.RELEASE]
	at org.thymeleaf.spring6.view.ThymeleafView.render(ThymeleafView.java:192) ~[thymeleaf-spring6-3.1.2.RELEASE.jar:3.1.2.RELEASE]
	at org.springframework.web.servlet.DispatcherServlet.render(DispatcherServlet.java:1431) ~[spring-webmvc-6.1.10.jar:6.1.10]
	at org.springframework.web.servlet.DispatcherServlet.processDispatchResult(DispatcherServlet.java:1167) ~[spring-webmvc-6.1.10.jar:6.1.10]
	at org.springframework.web.servlet.DispatcherServlet.doDispatch(DispatcherServlet.java:1106) ~[spring-webmvc-6.1.10.jar:6.1.10]
	at org.springframework.web.servlet.DispatcherServlet.doService(DispatcherServlet.java:979) ~[spring-webmvc-6.1.10.jar:6.1.10]
	at org.springframework.web.servlet.FrameworkServlet.processRequest(FrameworkServlet.java:1014) ~[spring-webmvc-6.1.10.jar:6.1.10]
	at org.springframework.web.servlet.FrameworkServlet.doGet(FrameworkServlet.java:903) ~[spring-webmvc-6.1.10.jar:6.1.10]
	at jakarta.servlet.http.HttpServlet.service(HttpServlet.java:564) ~[tomcat-embed-core-10.1.25.jar:6.0]
	at org.springframework.web.servlet.FrameworkServlet.service(FrameworkServlet.java:885) ~[spring-webmvc-6.1.10.jar:6.1.10]
	at jakarta.servlet.http.HttpServlet.service(HttpServlet.java:658) ~[tomcat-embed-core-10.1.25.jar:6.0]
	at org.apache.catalina.core.ApplicationFilterChain.internalDoFilter(ApplicationFilterChain.java:195) ~[tomcat-embed-core-10.1.25.jar:10.1.25]
	at org.apache.catalina.core.ApplicationFilterChain.doFilter(ApplicationFilterChain.java:140) ~[tomcat-embed-core-10.1.25.jar:10.1.25]
	at org.apache.tomcat.websocket.server.WsFilter.doFilter(WsFilter.java:51) ~[tomcat-embed-websocket-10.1.25.jar:10.1.25]
	at org.apache.catalina.core.ApplicationFilterChain.internalDoFilter(ApplicationFilterChain.java:164) ~[tomcat-embed-core-10.1.25.jar:10.1.25]
	at org.apache.catalina.core.ApplicationFilterChain.doFilter(ApplicationFilterChain.java:140) ~[tomcat-embed-core-10.1.25.jar:10.1.25]
	at org.springframework.web.filter.CompositeFilter$VirtualFilterChain.doFilter(CompositeFilter.java:108) ~[spring-web-6.1.10.jar:6.1.10]
	at org.springframework.security.web.FilterChainProxy.lambda$doFilterInternal$3(FilterChainProxy.java:231) ~[spring-security-web-6.3.1.jar:6.3.1]
	at org.springframework.security.web.FilterChainProxy$VirtualFilterChain.doFilter(FilterChainProxy.java:365) ~[spring-security-web-6.3.1.jar:6.3.1]
	at org.springframework.security.web.access.intercept.AuthorizationFilter.doFilter(AuthorizationFilter.java:100) ~[spring-security-web-6.3.1.jar:6.3.1]
	at org.springframework.security.web.FilterChainProxy$VirtualFilterChain.doFilter(FilterChainProxy.java:374) ~[spring-security-web-6.3.1.jar:6.3.1]
	at org.springframework.security.web.access.ExceptionTranslationFilter.doFilter(ExceptionTranslationFilter.java:126) ~[spring-security-web-6.3.1.jar:6.3.1]
	at org.springframework.security.web.access.ExceptionTranslationFilter.doFilter(ExceptionTranslationFilter.java:120) ~[spring-security-web-6.3.1.jar:6.3.1]
	at org.springframework.security.web.FilterChainProxy$VirtualFilterChain.doFilter(FilterChainProxy.java:374) ~[spring-security-web-6.3.1.jar:6.3.1]
	at org.springframework.security.web.authentication.AnonymousAuthenticationFilter.doFilter(AnonymousAuthenticationFilter.java:100) ~[spring-security-web-6.3.1.jar:6.3.1]
	at org.springframework.security.web.FilterChainProxy$VirtualFilterChain.doFilter(FilterChainProxy.java:374) ~[spring-security-web-6.3.1.jar:6.3.1]
	at org.springframework.security.web.servletapi.SecurityContextHolderAwareRequestFilter.doFilter(SecurityContextHolderAwareRequestFilter.java:179) ~[spring-security-web-6.3.1.jar:6.3.1]
	at org.springframework.security.web.FilterChainProxy$VirtualFilterChain.doFilter(FilterChainProxy.java:374) ~[spring-security-web-6.3.1.jar:6.3.1]
	at org.springframework.security.web.savedrequest.RequestCacheAwareFilter.doFilter(RequestCacheAwareFilter.java:63) ~[spring-security-web-6.3.1.jar:6.3.1]
	at org.springframework.security.web.FilterChainProxy$VirtualFilterChain.doFilter(FilterChainProxy.java:374) ~[spring-security-web-6.3.1.jar:6.3.1]
	at org.springframework.security.web.authentication.AbstractAuthenticationProcessingFilter.doFilter(AbstractAuthenticationProcessingFilter.java:227) ~[spring-security-web-6.3.1.jar:6.3.1]
	at org.springframework.security.web.authentication.AbstractAuthenticationProcessingFilter.doFilter(AbstractAuthenticationProcessingFilter.java:221) ~[spring-security-web-6.3.1.jar:6.3.1]
	at org.springframework.security.web.FilterChainProxy$VirtualFilterChain.doFilter(FilterChainProxy.java:374) ~[spring-security-web-6.3.1.jar:6.3.1]
	at org.springframework.security.web.authentication.logout.LogoutFilter.doFilter(LogoutFilter.java:107) ~[spring-security-web-6.3.1.jar:6.3.1]
	at org.springframework.security.web.authentication.logout.LogoutFilter.doFilter(LogoutFilter.java:93) ~[spring-security-web-6.3.1.jar:6.3.1]
	at org.springframework.security.web.FilterChainProxy$VirtualFilterChain.doFilter(FilterChainProxy.java:374) ~[spring-security-web-6.3.1.jar:6.3.1]
	at org.springframework.security.web.csrf.CsrfFilter.doFilterInternal(CsrfFilter.java:117) ~[spring-security-web-6.3.1.jar:6.3.1]
	at org.springframework.web.filter.OncePerRequestFilter.doFilter(OncePerRequestFilter.java:116) ~[spring-web-6.1.10.jar:6.1.10]
	at org.springframework.security.web.FilterChainProxy$VirtualFilterChain.doFilter(FilterChainProxy.java:374) ~[spring-security-web-6.3.1.jar:6.3.1]
	at org.springframework.web.filter.CorsFilter.doFilterInternal(CorsFilter.java:91) ~[spring-web-6.1.10.jar:6.1.10]
	at org.springframework.web.filter.OncePerRequestFilter.doFilter(OncePerRequestFilter.java:116) ~[spring-web-6.1.10.jar:6.1.10]
	at org.springframework.security.web.FilterChainProxy$VirtualFilterChain.doFilter(FilterChainProxy.java:374) ~[spring-security-web-6.3.1.jar:6.3.1]
	at org.springframework.security.web.header.HeaderWriterFilter.doHeadersAfter(HeaderWriterFilter.java:90) ~[spring-security-web-6.3.1.jar:6.3.1]
	at org.springframework.security.web.header.HeaderWriterFilter.doFilterInternal(HeaderWriterFilter.java:75) ~[spring-security-web-6.3.1.jar:6.3.1]
	at org.springframework.web.filter.OncePerRequestFilter.doFilter(OncePerRequestFilter.java:116) ~[spring-web-6.1.10.jar:6.1.10]
	at org.springframework.security.web.FilterChainProxy$VirtualFilterChain.doFilter(FilterChainProxy.java:374) ~[spring-security-web-6.3.1.jar:6.3.1]
	at org.springframework.security.web.context.SecurityContextHolderFilter.doFilter(SecurityContextHolderFilter.java:82) ~[spring-security-web-6.3.1.jar:6.3.1]
	at org.springframework.security.web.context.SecurityContextHolderFilter.doFilter(SecurityContextHolderFilter.java:69) ~[spring-security-web-6.3.1.jar:6.3.1]
	at org.springframework.security.web.FilterChainProxy$VirtualFilterChain.doFilter(FilterChainProxy.java:374) ~[spring-security-web-6.3.1.jar:6.3.1]
	at org.springframework.security.web.context.request.async.WebAsyncManagerIntegrationFilter.doFilterInternal(WebAsyncManagerIntegrationFilter.java:62) ~[spring-security-web-6.3.1.jar:6.3.1]
	at org.springframework.web.filter.OncePerRequestFilter.doFilter(OncePerRequestFilter.java:116) ~[spring-web-6.1.10.jar:6.1.10]
	at org.springframework.security.web.FilterChainProxy$VirtualFilterChain.doFilter(FilterChainProxy.java:374) ~[spring-security-web-6.3.1.jar:6.3.1]
	at org.springframework.security.web.session.DisableEncodeUrlFilter.doFilterInternal(DisableEncodeUrlFilter.java:42) ~[spring-security-web-6.3.1.jar:6.3.1]
	at org.springframework.web.filter.OncePerRequestFilter.doFilter(OncePerRequestFilter.java:116) ~[spring-web-6.1.10.jar:6.1.10]
	at org.springframework.security.web.FilterChainProxy$VirtualFilterChain.doFilter(FilterChainProxy.java:374) ~[spring-security-web-6.3.1.jar:6.3.1]
	at org.springframework.security.web.FilterChainProxy.doFilterInternal(FilterChainProxy.java:233) ~[spring-security-web-6.3.1.jar:6.3.1]
	at org.springframework.security.web.FilterChainProxy.doFilter(FilterChainProxy.java:191) ~[spring-security-web-6.3.1.jar:6.3.1]
	at org.springframework.web.filter.CompositeFilter$VirtualFilterChain.doFilter(CompositeFilter.java:113) ~[spring-web-6.1.10.jar:6.1.10]
	at org.springframework.web.servlet.handler.HandlerMappingIntrospector.lambda$createCacheFilter$3(HandlerMappingIntrospector.java:195) ~[spring-webmvc-6.1.10.jar:6.1.10]
	at org.springframework.web.filter.CompositeFilter$VirtualFilterChain.doFilter(CompositeFilter.java:113) ~[spring-web-6.1.10.jar:6.1.10]
	at org.springframework.web.filter.CompositeFilter.doFilter(CompositeFilter.java:74) ~[spring-web-6.1.10.jar:6.1.10]
	at org.springframework.security.config.annotation.web.configuration.WebMvcSecurityConfiguration$CompositeFilterChainProxy.doFilter(WebMvcSecurityConfiguration.java:230) ~[spring-security-config-6.3.1.jar:6.3.1]
	at org.springframework.web.filter.DelegatingFilterProxy.invokeDelegate(DelegatingFilterProxy.java:352) ~[spring-web-6.1.10.jar:6.1.10]
	at org.springframework.web.filter.DelegatingFilterProxy.doFilter(DelegatingFilterProxy.java:268) ~[spring-web-6.1.10.jar:6.1.10]
	at org.apache.catalina.core.ApplicationFilterChain.internalDoFilter(ApplicationFilterChain.java:164) ~[tomcat-embed-core-10.1.25.jar:10.1.25]
	at org.apache.catalina.core.ApplicationFilterChain.doFilter(ApplicationFilterChain.java:140) ~[tomcat-embed-core-10.1.25.jar:10.1.25]
	at org.springframework.web.filter.RequestContextFilter.doFilterInternal(RequestContextFilter.java:100) ~[spring-web-6.1.10.jar:6.1.10]
	at org.springframework.web.filter.OncePerRequestFilter.doFilter(OncePerRequestFilter.java:116) ~[spring-web-6.1.10.jar:6.1.10]
	at org.apache.catalina.core.ApplicationFilterChain.internalDoFilter(ApplicationFilterChain.java:164) ~[tomcat-embed-core-10.1.25.jar:10.1.25]
	at org.apache.catalina.core.ApplicationFilterChain.doFilter(ApplicationFilterChain.java:140) ~[tomcat-embed-core-10.1.25.jar:10.1.25]
	at org.springframework.web.filter.FormContentFilter.doFilterInternal(FormContentFilter.java:93) ~[spring-web-6.1.10.jar:6.1.10]
	at org.springframework.web.filter.OncePerRequestFilter.doFilter(OncePerRequestFilter.java:116) ~[spring-web-6.1.10.jar:6.1.10]
	at org.apache.catalina.core.ApplicationFilterChain.internalDoFilter(ApplicationFilterChain.java:164) ~[tomcat-embed-core-10.1.25.jar:10.1.25]
	at org.apache.catalina.core.ApplicationFilterChain.doFilter(ApplicationFilterChain.java:140) ~[tomcat-embed-core-10.1.25.jar:10.1.25]
	at org.springframework.web.filter.CharacterEncodingFilter.doFilterInternal(CharacterEncodingFilter.java:201) ~[spring-web-6.1.10.jar:6.1.10]
	at org.springframework.web.filter.OncePerRequestFilter.doFilter(OncePerRequestFilter.java:116) ~[spring-web-6.1.10.jar:6.1.10]
	at org.apache.catalina.core.ApplicationFilterChain.internalDoFilter(ApplicationFilterChain.java:164) ~[tomcat-embed-core-10.1.25.jar:10.1.25]
	at org.apache.catalina.core.ApplicationFilterChain.doFilter(ApplicationFilterChain.java:140) ~[tomcat-embed-core-10.1.25.jar:10.1.25]
	at org.apache.catalina.core.StandardWrapperValve.invoke(StandardWrapperValve.java:167) ~[tomcat-embed-core-10.1.25.jar:10.1.25]
	at org.apache.catalina.core.StandardContextValve.invoke(StandardContextValve.java:90) ~[tomcat-embed-core-10.1.25.jar:10.1.25]
	at org.apache.catalina.authenticator.AuthenticatorBase.invoke(AuthenticatorBase.java:482) ~[tomcat-embed-core-10.1.25.jar:10.1.25]
	at org.apache.catalina.core.StandardHostValve.invoke(StandardHostValve.java:115) ~[tomcat-embed-core-10.1.25.jar:10.1.25]
	at org.apache.catalina.valves.ErrorReportValve.invoke(ErrorReportValve.java:93) ~[tomcat-embed-core-10.1.25.jar:10.1.25]
	at org.apache.catalina.core.StandardEngineValve.invoke(StandardEngineValve.java:74) ~[tomcat-embed-core-10.1.25.jar:10.1.25]
	at org.apache.catalina.connector.CoyoteAdapter.service(CoyoteAdapter.java:344) ~[tomcat-embed-core-10.1.25.jar:10.1.25]
	at org.apache.coyote.http11.Http11Processor.service(Http11Processor.java:389) ~[tomcat-embed-core-10.1.25.jar:10.1.25]
	at org.apache.coyote.AbstractProcessorLight.process(AbstractProcessorLight.java:63) ~[tomcat-embed-core-10.1.25.jar:10.1.25]
	at org.apache.coyote.AbstractProtocol$ConnectionHandler.process(AbstractProtocol.java:904) ~[tomcat-embed-core-10.1.25.jar:10.1.25]
	at org.apache.tomcat.util.net.NioEndpoint$SocketProcessor.doRun(NioEndpoint.java:1741) ~[tomcat-embed-core-10.1.25.jar:10.1.25]
	at org.apache.tomcat.util.net.SocketProcessorBase.run(SocketProcessorBase.java:52) ~[tomcat-embed-core-10.1.25.jar:10.1.25]
	at org.apache.tomcat.util.threads.ThreadPoolExecutor.runWorker(ThreadPoolExecutor.java:1190) ~[tomcat-embed-core-10.1.25.jar:10.1.25]
	at org.apache.tomcat.util.threads.ThreadPoolExecutor$Worker.run(ThreadPoolExecutor.java:659) ~[tomcat-embed-core-10.1.25.jar:10.1.25]
	at org.apache.tomcat.util.threads.TaskThread$WrappingRunnable.run(TaskThread.java:63) ~[tomcat-embed-core-10.1.25.jar:10.1.25]
	at java.base/java.lang.Thread.run(Thread.java:840) ~[na:na]

[2m2024-09-02T19:21:25.897+09:00[0;39m [32mDEBUG[0;39m [35m79264[0;39m [2m---[0;39m [2m[kadai_002] [nio-8080-exec-7][0;39m [2m[0;39m[36mo.s.security.web.FilterChainProxy       [0;39m [2m:[0;39m Securing GET /error
[2m2024-09-02T19:21:25.897+09:00[0;39m [32mDEBUG[0;39m [35m79264[0;39m [2m---[0;39m [2m[kadai_002] [nio-8080-exec-7][0;39m [2m[0;39m[36mw.c.HttpSessionSecurityContextRepository[0;39m [2m:[0;39m Retrieved SecurityContextImpl [Authentication=UsernamePasswordAuthenticationToken [Principal=com.example.kadai_002.security.UserDetailsImpl@729676be, Credentials=[PROTECTED], Authenticated=true, Details=WebAuthenticationDetails [RemoteIpAddress=0:0:0:0:0:0:0:1, SessionId=860D775F03A353D02FA716CA391F241A], Granted Authorities=[ROLE_GENERAL]]]
[2m2024-09-02T19:21:25.898+09:00[0;39m [32mDEBUG[0;39m [35m79264[0;39m [2m---[0;39m [2m[kadai_002] [nio-8080-exec-7][0;39m [2m[0;39m[36mo.s.security.web.FilterChainProxy       [0;39m [2m:[0;39m Secured GET /error
[2m2024-09-02T19:21:25.898+09:00[0;39m [32mDEBUG[0;39m [35m79264[0;39m [2m---[0;39m [2m[kadai_002] [nio-8080-exec-7][0;39m [2m[0;39m[36mo.s.web.servlet.DispatcherServlet       [0;39m [2m:[0;39m "ERROR" dispatch for GET "/error", parameters={}
[2m2024-09-02T19:21:25.898+09:00[0;39m [32mDEBUG[0;39m [35m79264[0;39m [2m---[0;39m [2m[kadai_002] [nio-8080-exec-7][0;39m [2m[0;39m[36ms.w.s.m.m.a.RequestMappingHandlerMapping[0;39m [2m:[0;39m Mapped to org.springframework.boot.autoconfigure.web.servlet.error.BasicErrorController#errorHtml(HttpServletRequest, HttpServletResponse)
[2m2024-09-02T19:21:25.898+09:00[0;39m [32mDEBUG[0;39m [35m79264[0;39m [2m---[0;39m [2m[kadai_002] [nio-8080-exec-7][0;39m [2m[0;39m[36mo.j.s.OpenEntityManagerInViewInterceptor[0;39m [2m:[0;39m Opening JPA EntityManager in OpenEntityManagerInViewInterceptor
[2m2024-09-02T19:21:25.901+09:00[0;39m [32mTRACE[0;39m [35m79264[0;39m [2m---[0;39m [2m[kadai_002] [nio-8080-exec-7][0;39m [2m[0;39m[36mo.t.spring6.view.ThymeleafViewResolver  [0;39m [2m:[0;39m [THYMELEAF] View error will be handled by ThymeleafViewResolver and a ThymeleafView instance will be created for it
[2m2024-09-02T19:21:25.902+09:00[0;39m [32mDEBUG[0;39m [35m79264[0;39m [2m---[0;39m [2m[kadai_002] [nio-8080-exec-7][0;39m [2m[0;39m[36mo.s.w.s.v.ContentNegotiatingViewResolver[0;39m [2m:[0;39m Selected 'text/html' given [text/html, text/html;q=0.8]
[2m2024-09-02T19:21:25.902+09:00[0;39m [32mDEBUG[0;39m [35m79264[0;39m [2m---[0;39m [2m[kadai_002] [nio-8080-exec-7][0;39m [2m[0;39m[36mo.j.s.OpenEntityManagerInViewInterceptor[0;39m [2m:[0;39m Closing JPA EntityManager in OpenEntityManagerInViewInterceptor
[2m2024-09-02T19:21:25.902+09:00[0;39m [32mDEBUG[0;39m [35m79264[0;39m [2m---[0;39m [2m[kadai_002] [nio-8080-exec-7][0;39m [2m[0;39m[36mo.s.web.servlet.DispatcherServlet       [0;39m [2m:[0;39m Exiting from "ERROR" dispatch, status 500
